22, 22124997, 2, 2147483648, 0
57, 35802959, 2, 2147483648, 0
125, 67705678, 2, 2147483648, 0
194, 68486928, 2, 2147483648, 0
262, 67959767, 2, 2147483648, 0
329, 67172133, 2, 2147483648, 0
398, 68746940, 2, 2147483648, 0
465, 67601701, 2, 2147483648, 0
536, 70528585, 2, 2147483648, 0
601, 65437265, 2, 2147483648, 0
669, 68125012, 2, 2147483648, 0
738, 68308883, 2, 2147483648, 0
805, 67878572, 2, 2147483648, 0
874, 68211945, 2, 2147483648, 0
942, 67964367, 2, 2147483648, 0
1010, 68055390, 2, 2147483648, 0
1081, 71569280, 2, 2147483648, 0
1149, 68119564, 2, 2147483648, 0
1221, 72047312, 2, 2147483648, 0
1294, 72123984, 2, 2147483648, 0
1361, 67767648, 2, 2147483648, 0
1434, 72307708, 2, 2147483648, 0
1505, 71580706, 2, 2147483648, 0
1578, 72341998, 2, 2147483648, 0
1650, 72058394, 2, 2147483648, 0
1721, 71637838, 2, 2147483648, 0
1789, 67818848, 2, 2147483648, 0
1857, 68014038, 2, 2147483648, 0
1926, 68499378, 2, 2147483648, 0
1993, 67742143, 2, 2147483648, 0
2061, 67983383, 2, 2147483648, 0
2129, 67749953, 2, 2147483648, 0
2198, 68384890, 2, 2147483648, 0
2266, 67976142, 2, 2147483648, 0
2333, 67740952, 2, 2147483648, 0
2401, 68090261, 2, 2147483648, 0
2469, 67711592, 2, 2147483648, 0
2538, 68411306, 2, 2147483648, 0
2605, 67873648, 2, 2147483648, 0
2673, 68083771, 2, 2147483648, 0
2742, 68332750, 2, 2147483648, 0
2809, 67606246, 2, 2147483648, 0
2877, 67849722, 2, 2147483648, 0
2946, 68515335, 2, 2147483648, 0
3013, 67646740, 2, 2147483648, 0
3081, 67956491, 2, 2147483648, 0
3149, 67534149, 2, 2147483648, 0
3218, 68691449, 2, 2147483648, 0
3285, 67750984, 2, 2147483648, 0
3353, 67784010, 2, 2147483648, 0
3422, 68360881, 2, 2147483648, 0
3489, 67670372, 2, 2147483648, 0
3557, 68177722, 2, 2147483648, 0
3626, 68078691, 2, 2147483648, 0
3694, 68046303, 2, 2147483648, 0
3761, 67429926, 2, 2147483648, 0
3830, 68760789, 2, 2147483648, 0
3897, 67558404, 2, 2147483648, 0
3966, 68232319, 2, 2147483648, 0
4034, 67924203, 2, 2147483648, 0
4102, 67993564, 2, 2147483648, 0
4170, 68059917, 2, 2147483648, 0
4237, 67913621, 2, 2147483648, 0
4305, 67997539, 2, 2147483648, 0
4373, 67978670, 2, 2147483648, 0
4441, 68004181, 2, 2147483648, 0
4509, 67988003, 2, 2147483648, 0
4577, 67737367, 2, 2147483648, 0
4645, 68266843, 2, 2147483648, 0
4714, 68362607, 2, 2147483648, 0
4782, 67748444, 2, 2147483648, 0
4850, 68094337, 2, 2147483648, 0
4917, 67602796, 2, 2147483648, 0
4986, 68431845, 2, 2147483648, 0
5053, 67576678, 2, 2147483648, 0
5121, 68052283, 2, 2147483648, 0
5189, 67867363, 2, 2147483648, 0
5258, 68284945, 2, 2147483648, 0
5326, 67945159, 2, 2147483648, 0
5393, 67945041, 2, 2147483648, 0
5462, 68150136, 2, 2147483648, 0
5529, 67853412, 2, 2147483648, 0
5598, 68068875, 2, 2147483648, 0
5665, 67639995, 2, 2147483648, 0
5734, 68505133, 2, 2147483648, 0
5802, 67806749, 2, 2147483648, 0
5869, 67575538, 2, 2147483648, 0
5938, 68451088, 2, 2147483648, 0
6006, 68222169, 2, 2147483648, 0
6073, 67509345, 2, 2147483648, 0
6142, 68278107, 2, 2147483648, 0
6209, 67884449, 2, 2147483648, 0
6278, 68235441, 2, 2147483648, 0
6346, 67969484, 2, 2147483648, 0
6414, 67907518, 2, 2147483648, 0
6482, 68209095, 2, 2147483648, 0
6550, 67727346, 2, 2147483648, 0
6617, 67571852, 2, 2147483648, 0
6686, 68605483, 2, 2147483648, 0
6754, 67945838, 2, 2147483648, 0
6821, 67702121, 2, 2147483648, 0
6889, 68047267, 2, 2147483648, 0
6957, 67869115, 2, 2147483648, 0
7026, 68532059, 2, 2147483648, 0
7094, 68024257, 2, 2147483648, 0
7162, 67717725, 2, 2147483648, 0
7230, 68110854, 2, 2147483648, 0
7298, 67931613, 2, 2147483648, 0
7366, 67918190, 2, 2147483648, 0
7434, 68319760, 2, 2147483648, 0
7502, 67636681, 2, 2147483648, 0
7569, 67837265, 2, 2147483648, 0
7638, 68328778, 2, 2147483648, 0
7706, 68028105, 2, 2147483648, 0
7774, 67809683, 2, 2147483648, 0
7842, 67956142, 2, 2147483648, 0
7909, 67966170, 2, 2147483648, 0
7978, 68091780, 2, 2147483648, 0
8046, 68018217, 2, 2147483648, 0
8113, 67707200, 2, 2147483648, 0
8182, 68728703, 2, 2147483648, 0
8250, 67470321, 2, 2147483648, 0
8318, 67990829, 2, 2147483648, 0
8386, 68152587, 2, 2147483648, 0
8453, 67656113, 2, 2147483648, 0
8521, 68032723, 2, 2147483648, 0
8589, 67980435, 2, 2147483648, 0
8657, 67962042, 2, 2147483648, 0
8725, 68064435, 2, 2147483648, 0
8793, 67753271, 2, 2147483648, 0
8861, 68235463, 2, 2147483648, 0
8930, 68298778, 2, 2147483648, 0
8998, 67967881, 2, 2147483648, 0
9066, 67953164, 2, 2147483648, 0
9134, 68407783, 2, 2147483648, 0
9202, 67782868, 2, 2147483648, 0
9270, 67690471, 2, 2147483648, 0
9338, 68022490, 2, 2147483648, 0
9405, 67881732, 2, 2147483648, 0
9473, 67901530, 2, 2147483648, 0
9541, 67997585, 2, 2147483648, 0
9610, 68257546, 2, 2147483648, 0
9678, 68098436, 2, 2147483648, 0
9745, 67754608, 2, 2147483648, 0
9814, 68367079, 2, 2147483648, 0
9882, 67964575, 2, 2147483648, 0
9950, 67841488, 2, 2147483648, 0
10018, 68078219, 2, 2147483648, 0
10086, 68126557, 2, 2147483648, 0
10153, 67293996, 2, 2147483648, 0
10222, 68510340, 2, 2147483648, 0
10290, 67894410, 2, 2147483648, 0
10361, 70941324, 2, 2147483648, 0
10431, 70899815, 2, 2147483648, 0
10499, 67573534, 2, 2147483648, 0
10566, 67110618, 2, 2147483648, 0
10638, 72053018, 2, 2147483648, 0
10701, 62433583, 2, 2147483648, 0
10766, 65367908, 2, 2147483648, 0
10834, 67873524, 2, 2147483648, 0
10902, 67833107, 2, 2147483648, 0
10970, 67912320, 2, 2147483648, 0
11038, 68244940, 2, 2147483648, 0
11106, 67715156, 2, 2147483648, 0
11174, 67960875, 2, 2147483648, 0
11241, 67713986, 2, 2147483648, 0
11310, 68282323, 2, 2147483648, 0
11377, 67794578, 2, 2147483648, 0
11445, 67751036, 2, 2147483648, 0
11513, 68302426, 2, 2147483648, 0
11581, 67853163, 2, 2147483648, 0
11649, 68010085, 2, 2147483648, 0
11717, 67898082, 2, 2147483648, 0
11786, 68297398, 2, 2147483648, 0
11853, 67511254, 2, 2147483648, 0
11921, 68132700, 2, 2147483648, 0
11990, 68581971, 2, 2147483648, 0
12057, 67597329, 2, 2147483648, 0
12126, 68250411, 2, 2147483648, 0
12194, 68064792, 2, 2147483648, 0
12262, 67979461, 2, 2147483648, 0
12330, 67920312, 2, 2147483648, 0
12398, 67919510, 2, 2147483648, 0
12467, 69762000, 2, 2147483648, 0
12536, 69138792, 2, 2147483648, 0
12609, 72207470, 2, 2147483648, 0
12678, 69473666, 2, 2147483648, 0
12749, 70980186, 2, 2147483648, 0
12816, 66582800, 2, 2147483648, 0
12882, 65853525, 2, 2147483648, 0
12950, 67964432, 2, 2147483648, 0
13018, 68154083, 2, 2147483648, 0
13086, 68019360, 2, 2147483648, 0
13153, 67616298, 2, 2147483648, 0
13222, 68265692, 2, 2147483648, 0
13289, 67868157, 2, 2147483648, 0
13358, 68029839, 2, 2147483648, 0
13426, 68144119, 2, 2147483648, 0
13494, 68038476, 2, 2147483648, 0
13562, 68075110, 2, 2147483648, 0
13630, 68218877, 2, 2147483648, 0
13697, 67418753, 2, 2147483648, 0
13765, 67887834, 2, 2147483648, 0
13834, 68631317, 2, 2147483648, 0
13902, 67621144, 2, 2147483648, 0
13969, 67687989, 2, 2147483648, 0
14038, 68294405, 2, 2147483648, 0
14105, 67848906, 2, 2147483648, 0
14174, 68353890, 2, 2147483648, 0
14242, 67769721, 2, 2147483648, 0
14309, 67910800, 2, 2147483648, 0
14378, 68328514, 2, 2147483648, 0
14445, 67622661, 2, 2147483648, 0
14513, 67829809, 2, 2147483648, 0
14582, 68240893, 2, 2147483648, 0
14649, 67700253, 2, 2147483648, 0
14717, 68010248, 2, 2147483648, 0
14786, 68346519, 2, 2147483648, 0
14853, 67824403, 2, 2147483648, 0
14922, 68110721, 2, 2147483648, 0
14990, 67962697, 2, 2147483648, 0
15057, 67816603, 2, 2147483648, 0
15126, 68249468, 2, 2147483648, 0
15194, 67962008, 2, 2147483648, 0
15261, 67719510, 2, 2147483648, 0
15330, 68361191, 2, 2147483648, 0
15397, 67767976, 2, 2147483648, 0
15465, 67865885, 2, 2147483648, 0
15535, 69784864, 2, 2147483648, 0
15601, 66244052, 2, 2147483648, 0
15669, 68099366, 2, 2147483648, 0
15737, 67988217, 2, 2147483648, 0
15805, 67961755, 2, 2147483648, 0
15874, 68416003, 2, 2147483648, 0
15942, 67681454, 2, 2147483648, 0
16010, 68379220, 2, 2147483648, 0
16078, 67737035, 2, 2147483648, 0
16146, 67873714, 2, 2147483648, 0
16214, 68058693, 2, 2147483648, 0
16282, 67927626, 2, 2147483648, 0
16350, 68044769, 2, 2147483648, 0
16418, 68203695, 2, 2147483648, 0
16486, 68022419, 2, 2147483648, 0
16554, 67774319, 2, 2147483648, 0
16622, 67984791, 2, 2147483648, 0
16689, 67751983, 2, 2147483648, 0
16758, 68183794, 2, 2147483648, 0
16825, 67864241, 2, 2147483648, 0
16894, 68406456, 2, 2147483648, 0
16962, 67770816, 2, 2147483648, 0
17030, 68004578, 2, 2147483648, 0
17097, 67432750, 2, 2147483648, 0
17166, 68668755, 2, 2147483648, 0
17234, 67913221, 2, 2147483648, 0
17302, 68015893, 2, 2147483648, 0
17369, 67749714, 2, 2147483648, 0
17437, 67993048, 2, 2147483648, 0
17506, 68143954, 2, 2147483648, 0
17574, 68089702, 2, 2147483648, 0
17642, 67937040, 2, 2147483648, 0
17710, 68064997, 2, 2147483648, 0
17778, 67883120, 2, 2147483648, 0
17845, 67927873, 2, 2147483648, 0
17913, 67793997, 2, 2147483648, 0
17981, 68094699, 2, 2147483648, 0
18049, 67754875, 2, 2147483648, 0
18117, 67838802, 2, 2147483648, 0
18186, 68795872, 2, 2147483648, 0
18254, 67729930, 2, 2147483648, 0
18322, 68039754, 2, 2147483648, 0
18390, 68128532, 2, 2147483648, 0
18458, 67836791, 2, 2147483648, 0
18525, 67642229, 2, 2147483648, 0
18593, 68052629, 2, 2147483648, 0
18661, 68097515, 2, 2147483648, 0
18729, 68154592, 2, 2147483648, 0
18798, 68077594, 2, 2147483648, 0
18866, 67983887, 2, 2147483648, 0
18934, 67953683, 2, 2147483648, 0
19001, 67884273, 2, 2147483648, 0
19070, 68255868, 2, 2147483648, 0
19138, 67652498, 2, 2147483648, 0
19206, 67994839, 2, 2147483648, 0
19273, 67919095, 2, 2147483648, 0
19342, 68224707, 2, 2147483648, 0
19410, 67811318, 2, 2147483648, 0
19477, 67718260, 2, 2147483648, 0
19545, 68213524, 2, 2147483648, 0
19614, 68156086, 2, 2147483648, 0
19682, 67933444, 2, 2147483648, 0
19750, 68050780, 2, 2147483648, 0
19817, 67620783, 2, 2147483648, 0
19886, 68384955, 2, 2147483648, 0
19954, 68087134, 2, 2147483648, 0
20022, 67980300, 2, 2147483648, 0
20090, 68000273, 2, 2147483648, 0
20157, 67282578, 2, 2147483648, 0
20225, 68226437, 2, 2147483648, 0
20293, 68012602, 2, 2147483648, 0
20361, 68207153, 2, 2147483648, 0
20430, 68164637, 2, 2147483648, 0
20497, 67744850, 2, 2147483648, 0
20565, 67756283, 2, 2147483648, 0
20633, 68304421, 2, 2147483648, 0
20701, 67784538, 2, 2147483648, 0
20769, 67948230, 2, 2147483648, 0
20838, 68396698, 2, 2147483648, 0
20906, 68020979, 2, 2147483648, 0
20973, 67782880, 2, 2147483648, 0
21042, 68228808, 2, 2147483648, 0
21109, 67782654, 2, 2147483648, 0
21177, 67922185, 2, 2147483648, 0
21246, 68207550, 2, 2147483648, 0
21313, 67576709, 2, 2147483648, 0
21381, 68295074, 2, 2147483648, 0
21449, 67457573, 2, 2147483648, 0
21518, 68621797, 2, 2147483648, 0
21585, 67900932, 2, 2147483648, 0
21654, 68224562, 2, 2147483648, 0
21721, 67751242, 2, 2147483648, 0
21790, 68067457, 2, 2147483648, 0
21858, 68027756, 2, 2147483648, 0
21926, 68118789, 2, 2147483648, 0
21994, 67958886, 2, 2147483648, 0
22061, 67725551, 2, 2147483648, 0
22130, 68305893, 2, 2147483648, 0
22198, 68098885, 2, 2147483648, 0
22266, 67815208, 2, 2147483648, 0
22334, 67937504, 2, 2147483648, 0
22402, 68383160, 2, 2147483648, 0
22470, 67525917, 2, 2147483648, 0
22538, 68103169, 2, 2147483648, 0
22606, 67892109, 2, 2147483648, 0
22674, 68025963, 2, 2147483648, 0
22742, 67970560, 2, 2147483648, 0
22810, 68135745, 2, 2147483648, 0
22878, 67844414, 2, 2147483648, 0
22946, 68206001, 2, 2147483648, 0
23014, 68168261, 2, 2147483648, 0
23081, 67457786, 2, 2147483648, 0
23149, 67677703, 2, 2147483648, 0
23217, 68411600, 2, 2147483648, 0
23286, 68361996, 2, 2147483648, 0
23354, 67707374, 2, 2147483648, 0
23422, 68169036, 2, 2147483648, 0
23490, 68086542, 2, 2147483648, 0
23558, 67761712, 2, 2147483648, 0
23630, 72389780, 2, 2147483648, 0
23694, 63776943, 2, 2147483648, 0
23762, 67864065, 2, 2147483648, 0
23830, 68169507, 2, 2147483648, 0
23902, 72051871, 2, 2147483648, 0
23970, 67745830, 2, 2147483648, 0
24038, 68156766, 2, 2147483648, 0
24105, 67582928, 2, 2147483648, 0
24174, 68468880, 2, 2147483648, 0
24242, 67739986, 2, 2147483648, 0
24310, 68046112, 2, 2147483648, 0
24378, 68726362, 2, 2147483648, 0
24445, 66902970, 2, 2147483648, 0
24513, 68165741, 2, 2147483648, 0
24581, 67838683, 2, 2147483648, 0
24650, 68432821, 2, 2147483648, 0
24718, 67896789, 2, 2147483648, 0
24785, 67706432, 2, 2147483648, 0
24853, 67959693, 2, 2147483648, 0
24921, 67705896, 2, 2147483648, 0
24990, 68695225, 2, 2147483648, 0
25058, 67902497, 2, 2147483648, 0
25126, 68035787, 2, 2147483648, 0
25194, 68076261, 2, 2147483648, 0
25262, 68037730, 2, 2147483648, 0
25330, 67877612, 2, 2147483648, 0
25397, 67660399, 2, 2147483648, 0
25466, 68564234, 2, 2147483648, 0
25534, 67704531, 2, 2147483648, 0
25602, 68039849, 2, 2147483648, 0
25669, 67766339, 2, 2147483648, 0
25737, 67844476, 2, 2147483648, 0
25806, 68426489, 2, 2147483648, 0
25874, 68390984, 2, 2147483648, 0
25942, 67823499, 2, 2147483648, 0
26009, 67370210, 2, 2147483648, 0
26077, 68127305, 2, 2147483648, 0
26145, 67962191, 2, 2147483648, 0
26214, 68237287, 2, 2147483648, 0
26282, 67903780, 2, 2147483648, 0
26350, 68248072, 2, 2147483648, 0
26418, 67891365, 2, 2147483648, 0
26486, 68099925, 2, 2147483648, 0
26553, 67638340, 2, 2147483648, 0
26621, 67812008, 2, 2147483648, 0
26690, 68312382, 2, 2147483648, 0
26758, 68327593, 2, 2147483648, 0
26826, 67938967, 2, 2147483648, 0
26894, 67854287, 2, 2147483648, 0
26962, 68038795, 2, 2147483648, 0
27030, 67940743, 2, 2147483648, 0
27097, 67800175, 2, 2147483648, 0
27169, 71579661, 2, 2147483648, 0
27238, 68542913, 2, 2147483648, 0
27306, 68014516, 2, 2147483648, 0
27374, 68264022, 2, 2147483648, 0
27442, 67874036, 2, 2147483648, 0
27510, 67981474, 2, 2147483648, 0
27578, 67791769, 2, 2147483648, 0
27646, 67926862, 2, 2147483648, 0
27714, 68086927, 2, 2147483648, 0
27782, 68117796, 2, 2147483648, 0
27850, 67991872, 2, 2147483648, 0
27917, 67405306, 2, 2147483648, 0
27986, 68518812, 2, 2147483648, 0
28053, 67770016, 2, 2147483648, 0
28121, 67777361, 2, 2147483648, 0
28194, 72630119, 2, 2147483648, 0
28262, 67929288, 2, 2147483648, 0
28330, 67871354, 2, 2147483648, 0
28398, 67923478, 2, 2147483648, 0
28466, 67913563, 2, 2147483648, 0
28534, 68304488, 2, 2147483648, 0
28602, 67947174, 2, 2147483648, 0
28670, 67940377, 2, 2147483648, 0
28738, 68051772, 2, 2147483648, 0
28806, 67903636, 2, 2147483648, 0
28873, 67217612, 2, 2147483648, 0
28942, 69083134, 2, 2147483648, 0
29010, 67680429, 2, 2147483648, 0
29078, 68033297, 2, 2147483648, 0
29146, 67971965, 2, 2147483648, 0
29214, 67983007, 2, 2147483648, 0
29282, 67827806, 2, 2147483648, 0
29350, 68006235, 2, 2147483648, 0
29418, 68112699, 2, 2147483648, 0
29485, 67807877, 2, 2147483648, 0
29553, 67671582, 2, 2147483648, 0
29621, 68302640, 2, 2147483648, 0
29689, 67780174, 2, 2147483648, 0
29757, 67913219, 2, 2147483648, 0
29826, 68479915, 2, 2147483648, 0
29894, 68015702, 2, 2147483648, 0
29961, 67266606, 2, 2147483648, 0
30030, 68797943, 2, 2147483648, 0
30098, 67882068, 2, 2147483648, 0
30166, 68110441, 2, 2147483648, 0
30234, 68127026, 2, 2147483648, 0
30302, 67650822, 2, 2147483648, 0
30369, 67746169, 2, 2147483648, 0
30438, 68328440, 2, 2147483648, 0
30506, 67978238, 2, 2147483648, 0
30574, 68106398, 2, 2147483648, 0
30642, 67908540, 2, 2147483648, 0
30710, 68136436, 2, 2147483648, 0
30778, 67966431, 2, 2147483648, 0
30846, 68034916, 2, 2147483648, 0
30914, 68247253, 2, 2147483648, 0
30982, 67513452, 2, 2147483648, 0
31050, 68219986, 2, 2147483648, 0
31118, 68065355, 2, 2147483648, 0
31186, 67862873, 2, 2147483648, 0
31254, 67976372, 2, 2147483648, 0
31322, 67861524, 2, 2147483648, 0
31390, 68111031, 2, 2147483648, 0
31457, 67704849, 2, 2147483648, 0
31526, 68471652, 2, 2147483648, 0
31594, 67949001, 2, 2147483648, 0
31661, 67592672, 2, 2147483648, 0
31730, 68392723, 2, 2147483648, 0
31798, 67872199, 2, 2147483648, 0
31866, 68164418, 2, 2147483648, 0
31934, 67696689, 2, 2147483648, 0
32001, 67698298, 2, 2147483648, 0
32070, 68319003, 2, 2147483648, 0
32137, 67792645, 2, 2147483648, 0
32205, 67899870, 2, 2147483648, 0
32274, 68567634, 2, 2147483648, 0
32342, 68080404, 2, 2147483648, 0
32410, 67621782, 2, 2147483648, 0
32478, 68637175, 2, 2147483648, 0
32546, 67418947, 2, 2147483648, 0
32614, 68108832, 2, 2147483648, 0
32682, 68094535, 2, 2147483648, 0
32750, 67872572, 2, 2147483648, 0
32817, 67787894, 2, 2147483648, 0
32886, 68141469, 2, 2147483648, 0
32954, 68161187, 2, 2147483648, 0
33022, 67702105, 2, 2147483648, 0
33090, 68112012, 2, 2147483648, 0
33158, 68158840, 2, 2147483648, 0
33226, 67759088, 2, 2147483648, 0
33293, 67832026, 2, 2147483648, 0
33361, 68077094, 2, 2147483648, 0
33430, 68124775, 2, 2147483648, 0
33498, 68036219, 2, 2147483648, 0
33566, 67946665, 2, 2147483648, 0
33634, 68055353, 2, 2147483648, 0
33701, 67654528, 2, 2147483648, 0
33770, 68435534, 2, 2147483648, 0
33838, 68076167, 2, 2147483648, 0
33906, 67772030, 2, 2147483648, 0
33974, 68189162, 2, 2147483648, 0
34042, 67693100, 2, 2147483648, 0
34109, 67687663, 2, 2147483648, 0
34178, 68492030, 2, 2147483648, 0
34245, 67559604, 2, 2147483648, 0
34314, 68423903, 2, 2147483648, 0
34382, 68159560, 2, 2147483648, 0
34449, 67253612, 2, 2147483648, 0
34518, 68447433, 2, 2147483648, 0
34585, 67740286, 2, 2147483648, 0
34653, 68164350, 2, 2147483648, 0
34721, 67806971, 2, 2147483648, 0
34790, 68569824, 2, 2147483648, 0
34858, 67802440, 2, 2147483648, 0
34926, 68149471, 2, 2147483648, 0
34994, 67690025, 2, 2147483648, 0
35061, 67786844, 2, 2147483648, 0
35130, 68354884, 2, 2147483648, 0
35197, 67544245, 2, 2147483648, 0
35266, 68417928, 2, 2147483648, 0
35334, 68386495, 2, 2147483648, 0
35402, 67637716, 2, 2147483648, 0
35470, 67989576, 2, 2147483648, 0
35538, 68104818, 2, 2147483648, 0
35606, 67855898, 2, 2147483648, 0
35674, 67750595, 2, 2147483648, 0
35742, 68326778, 2, 2147483648, 0
35810, 67801990, 2, 2147483648, 0
35877, 67814919, 2, 2147483648, 0
35946, 68319479, 2, 2147483648, 0
36014, 68045968, 2, 2147483648, 0
36082, 67918265, 2, 2147483648, 0
36150, 68117104, 2, 2147483648, 0
36218, 67893926, 2, 2147483648, 0
36286, 67890903, 2, 2147483648, 0
36354, 67953458, 2, 2147483648, 0
36422, 67911132, 2, 2147483648, 0
36490, 68149888, 2, 2147483648, 0
36562, 71949070, 2, 2147483648, 0
36630, 68304581, 2, 2147483648, 0
36701, 71361558, 2, 2147483648, 0
36769, 67765075, 2, 2147483648, 0
36842, 72472126, 2, 2147483648, 0
36914, 71991675, 2, 2147483648, 0
36982, 68183660, 2, 2147483648, 0
37054, 71848468, 2, 2147483648, 0
37121, 67788401, 2, 2147483648, 0
37194, 72097700, 2, 2147483648, 0
37264, 70454706, 2, 2147483648, 0
37329, 65414713, 2, 2147483648, 0
37398, 68370855, 2, 2147483648, 0
37466, 68051327, 2, 2147483648, 0
37534, 67965223, 2, 2147483648, 0
37602, 67765368, 2, 2147483648, 0
37669, 67584574, 2, 2147483648, 0
37738, 68524983, 2, 2147483648, 0
37805, 67727572, 2, 2147483648, 0
37873, 67832971, 2, 2147483648, 0
37942, 68523860, 2, 2147483648, 0
38010, 67900594, 2, 2147483648, 0
38078, 68208161, 2, 2147483648, 0
38146, 67606720, 2, 2147483648, 0
38213, 67892401, 2, 2147483648, 0
38284, 70384390, 2, 2147483648, 0
38350, 65721839, 2, 2147483648, 0
38418, 68218857, 2, 2147483648, 0
38486, 68173310, 2, 2147483648, 0
38554, 67761965, 2, 2147483648, 0
38622, 67821609, 2, 2147483648, 0
38690, 68209620, 2, 2147483648, 0
38757, 67562881, 2, 2147483648, 0
38826, 68469783, 2, 2147483648, 0
38894, 68113242, 2, 2147483648, 0
38962, 67955114, 2, 2147483648, 0
39030, 67696806, 2, 2147483648, 0
39098, 68058181, 2, 2147483648, 0
39166, 68000513, 2, 2147483648, 0
39234, 67928397, 2, 2147483648, 0
39303, 69773248, 2, 2147483648, 0
39370, 66371602, 2, 2147483648, 0
39438, 68087460, 2, 2147483648, 0
39506, 67773884, 2, 2147483648, 0
39573, 67618687, 2, 2147483648, 0
39642, 68597799, 2, 2147483648, 0
39709, 67424083, 2, 2147483648, 0
39778, 68478547, 2, 2147483648, 0
39846, 68033694, 2, 2147483648, 0
39914, 67892643, 2, 2147483648, 0
39982, 68086152, 2, 2147483648, 0
40049, 67441829, 2, 2147483648, 0
40118, 68624805, 2, 2147483648, 0
40186, 67995134, 2, 2147483648, 0
40254, 67989404, 2, 2147483648, 0
40325, 71606641, 2, 2147483648, 0
40390, 64231147, 2, 2147483648, 0
40458, 68041137, 2, 2147483648, 0
40526, 67985376, 2, 2147483648, 0
40594, 67954114, 2, 2147483648, 0
40666, 72457502, 2, 2147483648, 0
40738, 71631076, 2, 2147483648, 0
40806, 67742554, 2, 2147483648, 0
40874, 68230368, 2, 2147483648, 0
40942, 68111803, 2, 2147483648, 0
41010, 67908221, 2, 2147483648, 0
41078, 67718515, 2, 2147483648, 0
41146, 68252070, 2, 2147483648, 0
41214, 67818384, 2, 2147483648, 0
41282, 68091980, 2, 2147483648, 0
41351, 69786598, 2, 2147483648, 0
41418, 66615865, 2, 2147483648, 0
41486, 67652132, 2, 2147483648, 0
41553, 67535309, 2, 2147483648, 0
41622, 68206076, 2, 2147483648, 0
41690, 68047913, 2, 2147483648, 0
41758, 68198690, 2, 2147483648, 0
41826, 67822953, 2, 2147483648, 0
41894, 68305646, 2, 2147483648, 0
41962, 67998621, 2, 2147483648, 0
42030, 68044853, 2, 2147483648, 0
42097, 67471303, 2, 2147483648, 0
42165, 67648925, 2, 2147483648, 0
42234, 68807663, 2, 2147483648, 0
42302, 67926322, 2, 2147483648, 0
42372, 70080301, 2, 2147483648, 0
42438, 66083539, 2, 2147483648, 0
42506, 67838837, 2, 2147483648, 0
42573, 67396986, 2, 2147483648, 0
42642, 68870004, 2, 2147483648, 0
42710, 67801984, 2, 2147483648, 0
42777, 67477076, 2, 2147483648, 0
42846, 68311296, 2, 2147483648, 0
42914, 68044225, 2, 2147483648, 0
42982, 67913558, 2, 2147483648, 0
43050, 67849613, 2, 2147483648, 0
43114, 64580497, 2, 2147483648, 0
43186, 71721894, 2, 2147483648, 0
43254, 67921985, 2, 2147483648, 0
43322, 67777047, 2, 2147483648, 0
43391, 69720079, 2, 2147483648, 0
43457, 65975888, 2, 2147483648, 0
43526, 68721950, 2, 2147483648, 0
43593, 67463974, 2, 2147483648, 0
43662, 68131193, 2, 2147483648, 0
43730, 68089858, 2, 2147483648, 0
43797, 67597740, 2, 2147483648, 0
43866, 68305888, 2, 2147483648, 0
43934, 68276631, 2, 2147483648, 0
44002, 67787695, 2, 2147483648, 0
44070, 67860894, 2, 2147483648, 0
44138, 67980058, 2, 2147483648, 0
44206, 68300350, 2, 2147483648, 0
44274, 67821238, 2, 2147483648, 0
44341, 67766265, 2, 2147483648, 0
44412, 70485438, 2, 2147483648, 0
44478, 65770842, 2, 2147483648, 0
44546, 67879869, 2, 2147483648, 0
44614, 68163683, 2, 2147483648, 0
44682, 68004840, 2, 2147483648, 0
44750, 67852546, 2, 2147483648, 0
44818, 68045078, 2, 2147483648, 0
44886, 67935338, 2, 2147483648, 0
44954, 68165792, 2, 2147483648, 0
45022, 68440550, 2, 2147483648, 0
45090, 67748113, 2, 2147483648, 0
45158, 67793079, 2, 2147483648, 0
45226, 68396134, 2, 2147483648, 0
45294, 67488731, 2, 2147483648, 0
45362, 68032222, 2, 2147483648, 0
45432, 70539218, 2, 2147483648, 0
45498, 65607426, 2, 2147483648, 0
45566, 68019366, 2, 2147483648, 0
45634, 67699161, 2, 2147483648, 0
45702, 67946815, 2, 2147483648, 0
45770, 67976709, 2, 2147483648, 0
45838, 68340079, 2, 2147483648, 0
45905, 67570399, 2, 2147483648, 0
45974, 68434515, 2, 2147483648, 0
46041, 67468371, 2, 2147483648, 0
46110, 68542530, 2, 2147483648, 0
46178, 67877028, 2, 2147483648, 0
46246, 67975527, 2, 2147483648, 0
46314, 67890149, 2, 2147483648, 0
46381, 67742722, 2, 2147483648, 0
46452, 70645070, 2, 2147483648, 0
46518, 65604574, 2, 2147483648, 0
46586, 68105549, 2, 2147483648, 0
46653, 67718108, 2, 2147483648, 0
46722, 68352482, 2, 2147483648, 0
46790, 68077320, 2, 2147483648, 0
46857, 67304122, 2, 2147483648, 0
46926, 68795422, 2, 2147483648, 0
46994, 67645562, 2, 2147483648, 0
47062, 68113465, 2, 2147483648, 0
47130, 68011014, 2, 2147483648, 0
47198, 68012703, 2, 2147483648, 0
47265, 67362427, 2, 2147483648, 0
47333, 68165226, 2, 2147483648, 0
47402, 68553477, 2, 2147483648, 0
47472, 69835740, 2, 2147483648, 0
47538, 65875254, 2, 2147483648, 0
47606, 68059341, 2, 2147483648, 0
47674, 68233939, 2, 2147483648, 0
47742, 67815120, 2, 2147483648, 0
47810, 68182893, 2, 2147483648, 0
47878, 67992682, 2, 2147483648, 0
47946, 67914012, 2, 2147483648, 0
48014, 67925814, 2, 2147483648, 0
48082, 67995155, 2, 2147483648, 0
48150, 67856020, 2, 2147483648, 0
48218, 68133830, 2, 2147483648, 0
48285, 67404457, 2, 2147483648, 0
48353, 68244071, 2, 2147483648, 0
48420, 66090480, 2, 2147483648, 0
48492, 72430179, 2, 2147483648, 0
48558, 65602153, 2, 2147483648, 0
48626, 68380746, 2, 2147483648, 0
48694, 67817232, 2, 2147483648, 0
48762, 67836567, 2, 2147483648, 0
48830, 68298419, 2, 2147483648, 0
48898, 67950009, 2, 2147483648, 0
48966, 68060796, 2, 2147483648, 0
49034, 67969059, 2, 2147483648, 0
49101, 67161504, 2, 2147483648, 0
49170, 68636247, 2, 2147483648, 0
49238, 67847080, 2, 2147483648, 0
49306, 68369349, 2, 2147483648, 0
49374, 67647610, 2, 2147483648, 0
49442, 67999047, 2, 2147483648, 0
49511, 69744174, 2, 2147483648, 0
49578, 66513336, 2, 2147483648, 0
49646, 67665871, 2, 2147483648, 0
49713, 67621510, 2, 2147483648, 0
49782, 68724088, 2, 2147483648, 0
49850, 67886151, 2, 2147483648, 0
49918, 67938585, 2, 2147483648, 0
49986, 67909916, 2, 2147483648, 0
50053, 67669387, 2, 2147483648, 0
50121, 67962571, 2, 2147483648, 0
50190, 68767169, 2, 2147483648, 0
50258, 67443241, 2, 2147483648, 0
50326, 68181951, 2, 2147483648, 0
50394, 67838503, 2, 2147483648, 0
50461, 67725174, 2, 2147483648, 0
50532, 70709875, 2, 2147483648, 0
50597, 65246699, 2, 2147483648, 0
50665, 68139810, 2, 2147483648, 0
50738, 72300003, 2, 2147483648, 0
50810, 71978014, 2, 2147483648, 0
50878, 68088898, 2, 2147483648, 0
50946, 68053314, 2, 2147483648, 0
51014, 67962504, 2, 2147483648, 0
51082, 67861855, 2, 2147483648, 0
51150, 68032860, 2, 2147483648, 0
51218, 67892810, 2, 2147483648, 0
51286, 68074312, 2, 2147483648, 0
51354, 67885831, 2, 2147483648, 0
51422, 68421878, 2, 2147483648, 0
51489, 67306975, 2, 2147483648, 0
51560, 70665512, 2, 2147483648, 0
51626, 65985248, 2, 2147483648, 0
51694, 67832037, 2, 2147483648, 0
51762, 67905576, 2, 2147483648, 0
51830, 68207459, 2, 2147483648, 0
51898, 67897246, 2, 2147483648, 0
51966, 67969372, 2, 2147483648, 0
52033, 67495704, 2, 2147483648, 0
52102, 68463777, 2, 2147483648, 0
52170, 67871034, 2, 2147483648, 0
52238, 68032833, 2, 2147483648, 0
52306, 67905376, 2, 2147483648, 0
52374, 68170656, 2, 2147483648, 0
52442, 67729463, 2, 2147483648, 0
52509, 67711742, 2, 2147483648, 0
52580, 71067827, 2, 2147483648, 0
52646, 65366653, 2, 2147483648, 0
52714, 68024788, 2, 2147483648, 0
52781, 67689548, 2, 2147483648, 0
52849, 68101700, 2, 2147483648, 0
52918, 68148064, 2, 2147483648, 0
52986, 68149150, 2, 2147483648, 0
53054, 67976974, 2, 2147483648, 0
53122, 68036482, 2, 2147483648, 0
53190, 68139827, 2, 2147483648, 0
53258, 67744052, 2, 2147483648, 0
53325, 67757402, 2, 2147483648, 0
53393, 67919581, 2, 2147483648, 0
53462, 68161715, 2, 2147483648, 0
53530, 68058653, 2, 2147483648, 0
53600, 69992997, 2, 2147483648, 0
53669, 69653409, 2, 2147483648, 0
53741, 72146732, 2, 2147483648, 0
53810, 68444907, 2, 2147483648, 0
53882, 71993426, 2, 2147483648, 0
53949, 67530765, 2, 2147483648, 0
54021, 71984479, 2, 2147483648, 0
54090, 68300965, 2, 2147483648, 0
54162, 72176179, 2, 2147483648, 0
54230, 67964645, 2, 2147483648, 0
54298, 68265856, 2, 2147483648, 0
54366, 67496703, 2, 2147483648, 0
54434, 68261024, 2, 2147483648, 0
54502, 67700413, 2, 2147483648, 0
54570, 68132519, 2, 2147483648, 0
54638, 68085370, 2, 2147483648, 0
54706, 68025613, 2, 2147483648, 0
54774, 67895978, 2, 2147483648, 0
54842, 68040451, 2, 2147483648, 0
54910, 67873139, 2, 2147483648, 0
54977, 67746941, 2, 2147483648, 0
55046, 68356034, 2, 2147483648, 0
