253, 253815776, 2, 2147483648, 0
390, 136319924, 2, 2147483648, 0
533, 143540195, 2, 2147483648, 0
670, 136544859, 2, 2147483648, 0
806, 136016506, 2, 2147483648, 0
942, 135815776, 2, 2147483648, 0
1077, 135803713, 2, 2147483648, 0
1214, 136079759, 2, 2147483648, 0
1350, 136248716, 2, 2147483648, 0
1485, 135708031, 2, 2147483648, 0
1621, 135912906, 2, 2147483648, 0
1758, 136121131, 2, 2147483648, 0
1894, 135979463, 2, 2147483648, 0
2030, 136272683, 2, 2147483648, 0
2162, 132177008, 2, 2147483648, 0
2306, 143681596, 2, 2147483648, 0
2445, 139197485, 2, 2147483648, 0
2585, 140570107, 2, 2147483648, 0
2730, 144071053, 2, 2147483648, 0
2870, 139993882, 2, 2147483648, 0
3006, 136249445, 2, 2147483648, 0
3139, 133335097, 2, 2147483648, 0
3550, 410531118, 2, 2147483648, 0
3686, 136089627, 2, 2147483648, 0
3821, 135710179, 2, 2147483648, 0
3958, 136171550, 2, 2147483648, 0
4096, 138181048, 2, 2147483648, 0
4230, 133882967, 2, 2147483648, 0
4366, 136070295, 2, 2147483648, 0
4505, 139079408, 2, 2147483648, 0
4642, 136983425, 2, 2147483648, 0
4778, 135805374, 2, 2147483648, 0
4913, 135426414, 2, 2147483648, 0
5049, 136357488, 2, 2147483648, 0
5186, 136202858, 2, 2147483648, 0
5321, 135755672, 2, 2147483648, 0
5458, 136079477, 2, 2147483648, 0
5594, 136211574, 2, 2147483648, 0
5729, 135660318, 2, 2147483648, 0
5866, 136210182, 2, 2147483648, 0
6001, 135823946, 2, 2147483648, 0
6140, 138382570, 2, 2147483648, 0
6273, 133282399, 2, 2147483648, 0
6408, 135058046, 2, 2147483648, 0
6680, 271375250, 2, 2147483648, 0
6816, 136861085, 2, 2147483648, 0
7089, 272995784, 2, 2147483648, 0
7226, 136240414, 2, 2147483648, 0
7362, 136383039, 2, 2147483648, 0
7498, 136185368, 2, 2147483648, 0
7637, 139062132, 2, 2147483648, 0
7774, 136278415, 2, 2147483648, 0
7910, 136088792, 2, 2147483648, 0
8046, 135860141, 2, 2147483648, 0
8187, 141362675, 2, 2147483648, 0
8329, 142413662, 2, 2147483648, 0
8470, 140187172, 2, 2147483648, 0
8606, 136089778, 2, 2147483648, 0
8741, 135727317, 2, 2147483648, 0
8876, 135135714, 2, 2147483648, 0
9013, 136768055, 2, 2147483648, 0
9150, 136307660, 2, 2147483648, 0
9286, 136026346, 2, 2147483648, 0
9421, 135641229, 2, 2147483648, 0
9564, 143074464, 2, 2147483648, 0
9704, 139306598, 2, 2147483648, 0
9976, 272841434, 2, 2147483648, 0
10112, 135531993, 2, 2147483648, 0
10385, 273190925, 2, 2147483648, 0
10522, 136480258, 2, 2147483648, 0
10657, 135643787, 2, 2147483648, 0
10793, 136029575, 2, 2147483648, 0
10930, 136320327, 2, 2147483648, 0
11066, 135821330, 2, 2147483648, 0
11201, 135598680, 2, 2147483648, 0
11338, 136366931, 2, 2147483648, 0
11474, 136285645, 2, 2147483648, 0
11609, 135528342, 2, 2147483648, 0
11746, 136272578, 2, 2147483648, 0
11882, 135901842, 2, 2147483648, 0
12018, 136077437, 2, 2147483648, 0
12153, 135439753, 2, 2147483648, 0
12290, 136651915, 2, 2147483648, 0
12425, 135755639, 2, 2147483648, 0
12562, 136265983, 2, 2147483648, 0
12697, 135702440, 2, 2147483648, 0
12834, 136168267, 2, 2147483648, 0
12968, 134242957, 2, 2147483648, 0
13104, 135993798, 2, 2147483648, 0
13376, 271635425, 2, 2147483648, 0
13512, 136358670, 2, 2147483648, 0
13786, 273825083, 2, 2147483648, 0
13921, 135634861, 2, 2147483648, 0
14058, 136276704, 2, 2147483648, 0
14193, 135810357, 2, 2147483648, 0
14329, 135965425, 2, 2147483648, 0
14466, 136151817, 2, 2147483648, 0
14601, 135657562, 2, 2147483648, 0
14737, 136135153, 2, 2147483648, 0
14873, 136097479, 2, 2147483648, 0
15009, 135746277, 2, 2147483648, 0
15146, 136264964, 2, 2147483648, 0
15282, 136244274, 2, 2147483648, 0
15418, 135942190, 2, 2147483648, 0
15553, 135223871, 2, 2147483648, 0
15693, 140220900, 2, 2147483648, 0
15834, 140570086, 2, 2147483648, 0
15969, 135390545, 2, 2147483648, 0
16105, 136128642, 2, 2147483648, 0
16240, 135204458, 2, 2147483648, 0
16376, 135158664, 2, 2147483648, 0
16649, 273356340, 2, 2147483648, 0
16784, 134933088, 2, 2147483648, 0
16920, 135950366, 2, 2147483648, 0
17193, 273125824, 2, 2147483648, 0
17329, 136428655, 2, 2147483648, 0
17466, 136249059, 2, 2147483648, 0
17601, 135741671, 2, 2147483648, 0
17737, 135946112, 2, 2147483648, 0
17874, 136091826, 2, 2147483648, 0
18010, 136212475, 2, 2147483648, 0
18145, 135676865, 2, 2147483648, 0
18282, 136296595, 2, 2147483648, 0
18418, 135830204, 2, 2147483648, 0
18554, 136039672, 2, 2147483648, 0
18690, 136169341, 2, 2147483648, 0
18826, 136367885, 2, 2147483648, 0
18962, 135593002, 2, 2147483648, 0
19097, 135746046, 2, 2147483648, 0
19234, 136003243, 2, 2147483648, 0
19369, 135889854, 2, 2147483648, 0
19504, 135037669, 2, 2147483648, 0
19639, 135044622, 2, 2147483648, 0
19914, 274183212, 2, 2147483648, 0
20050, 135957308, 2, 2147483648, 0
20184, 133862241, 2, 2147483648, 0
20457, 273915476, 2, 2147483648, 0
20594, 136325672, 2, 2147483648, 0
20729, 135707003, 2, 2147483648, 0
20866, 136171827, 2, 2147483648, 0
21002, 135951737, 2, 2147483648, 0
21138, 135907223, 2, 2147483648, 0
21274, 136063141, 2, 2147483648, 0
21410, 136035016, 2, 2147483648, 0
21546, 135922372, 2, 2147483648, 0
21681, 135588929, 2, 2147483648, 0
21817, 135954379, 2, 2147483648, 0
21954, 136384878, 2, 2147483648, 0
22089, 135904766, 2, 2147483648, 0
22226, 136210468, 2, 2147483648, 0
22362, 136272211, 2, 2147483648, 0
22498, 135711190, 2, 2147483648, 0
22635, 137364269, 2, 2147483648, 0
22770, 134898157, 2, 2147483648, 0
22904, 134341293, 2, 2147483648, 0
23040, 135371449, 2, 2147483648, 0
23314, 273929850, 2, 2147483648, 0
23448, 134715315, 2, 2147483648, 0
23721, 272721561, 2, 2147483648, 0
23858, 136751936, 2, 2147483648, 0
23994, 135755153, 2, 2147483648, 0
24138, 144148340, 2, 2147483648, 0
24281, 143813616, 2, 2147483648, 0
24422, 140156404, 2, 2147483648, 0
24558, 135895352, 2, 2147483648, 0
24694, 135967243, 2, 2147483648, 0
24830, 136156491, 2, 2147483648, 0
24966, 136029197, 2, 2147483648, 0
25102, 136002056, 2, 2147483648, 0
25237, 135727071, 2, 2147483648, 0
25374, 136048953, 2, 2147483648, 0
25512, 138008575, 2, 2147483648, 0
25646, 134011872, 2, 2147483648, 0
25781, 135605103, 2, 2147483648, 0
25918, 136373353, 2, 2147483648, 0
26062, 144169832, 2, 2147483648, 0
26200, 138433790, 2, 2147483648, 0
26340, 140308182, 2, 2147483648, 0
26617, 276988923, 2, 2147483648, 0
26760, 142588707, 2, 2147483648, 0
26905, 144458833, 2, 2147483648, 0
27186, 281009244, 2, 2147483648, 0
27322, 136213932, 2, 2147483648, 0
27458, 135920128, 2, 2147483648, 0
27593, 135623023, 2, 2147483648, 0
27730, 136236743, 2, 2147483648, 0
27866, 135996805, 2, 2147483648, 0
28002, 135952950, 2, 2147483648, 0
28137, 135764214, 2, 2147483648, 0
28274, 136634463, 2, 2147483648, 0
28409, 135413969, 2, 2147483648, 0
28545, 136129274, 2, 2147483648, 0
28682, 136095916, 2, 2147483648, 0
28818, 136254880, 2, 2147483648, 0
28954, 135704131, 2, 2147483648, 0
29093, 139812039, 2, 2147483648, 0
29234, 140360422, 2, 2147483648, 0
29370, 135951165, 2, 2147483648, 0
29504, 134154555, 2, 2147483648, 0
29640, 136549272, 2, 2147483648, 0
29914, 273361265, 2, 2147483648, 0
30049, 135254033, 2, 2147483648, 0
30184, 135349825, 2, 2147483648, 0
30320, 135390887, 2, 2147483648, 0
30594, 273790158, 2, 2147483648, 0
30729, 135685084, 2, 2147483648, 0
30866, 136362157, 2, 2147483648, 0
31002, 136090672, 2, 2147483648, 0
31138, 136055758, 2, 2147483648, 0
31273, 135683808, 2, 2147483648, 0
31410, 136404523, 2, 2147483648, 0
31546, 135658214, 2, 2147483648, 0
31682, 136466233, 2, 2147483648, 0
31818, 135573164, 2, 2147483648, 0
31954, 136016102, 2, 2147483648, 0
32090, 135982512, 2, 2147483648, 0
32225, 135380099, 2, 2147483648, 0
32362, 136525369, 2, 2147483648, 0
32498, 136010532, 2, 2147483648, 0
32634, 136136368, 2, 2147483648, 0
32770, 135949977, 2, 2147483648, 0
32904, 134376442, 2, 2147483648, 0
33040, 135597260, 2, 2147483648, 0
33314, 274313971, 2, 2147483648, 0
33452, 138345329, 2, 2147483648, 0
33588, 135480571, 2, 2147483648, 0
33862, 273914354, 2, 2147483648, 0
33997, 135444956, 2, 2147483648, 0
34134, 136613318, 2, 2147483648, 0
34270, 136035949, 2, 2147483648, 0
34405, 135667098, 2, 2147483648, 0
34542, 136296593, 2, 2147483648, 0
34678, 135781253, 2, 2147483648, 0
34813, 135490669, 2, 2147483648, 0
34950, 136585748, 2, 2147483648, 0
35089, 139694944, 2, 2147483648, 0
35226, 136184265, 2, 2147483648, 0
35362, 136017321, 2, 2147483648, 0
35497, 135857212, 2, 2147483648, 0
35634, 136079496, 2, 2147483648, 0
35769, 135946760, 2, 2147483648, 0
35905, 135972819, 2, 2147483648, 0
36042, 136120658, 2, 2147483648, 0
36176, 134779856, 2, 2147483648, 0
36312, 135579534, 2, 2147483648, 0
36586, 273632972, 2, 2147483648, 0
36722, 136706586, 2, 2147483648, 0
36856, 133784813, 2, 2147483648, 0
37129, 273390375, 2, 2147483648, 0
37266, 136236308, 2, 2147483648, 0
37402, 136015714, 2, 2147483648, 0
37538, 135864512, 2, 2147483648, 0
37674, 135970253, 2, 2147483648, 0
37810, 136125462, 2, 2147483648, 0
37945, 135637228, 2, 2147483648, 0
38082, 136543810, 2, 2147483648, 0
38218, 135828659, 2, 2147483648, 0
38354, 136035555, 2, 2147483648, 0
38490, 135840214, 2, 2147483648, 0
38626, 136090518, 2, 2147483648, 0
38763, 137761838, 2, 2147483648, 0
38898, 134029872, 2, 2147483648, 0
39034, 136175129, 2, 2147483648, 0
39170, 136045988, 2, 2147483648, 0
39306, 135751357, 2, 2147483648, 0
39440, 134073067, 2, 2147483648, 0
39576, 136519670, 2, 2147483648, 0
39850, 273501070, 2, 2147483648, 0
39984, 134230500, 2, 2147483648, 0
40121, 136673026, 2, 2147483648, 0
40394, 273118941, 2, 2147483648, 0
40529, 135768126, 2, 2147483648, 0
40669, 139986332, 2, 2147483648, 0
40808, 138413224, 2, 2147483648, 0
40941, 133390684, 2, 2147483648, 0
41078, 136373847, 2, 2147483648, 0
41213, 135814854, 2, 2147483648, 0
41350, 136139775, 2, 2147483648, 0
41485, 135412702, 2, 2147483648, 0
41621, 136440851, 2, 2147483648, 0
41758, 136270210, 2, 2147483648, 0
41894, 135890165, 2, 2147483648, 0
42030, 135926614, 2, 2147483648, 0
42166, 136236860, 2, 2147483648, 0
42302, 135945937, 2, 2147483648, 0
42438, 135985433, 2, 2147483648, 0
42574, 135941537, 2, 2147483648, 0
42709, 134914588, 2, 2147483648, 0
42846, 137150626, 2, 2147483648, 0
43117, 271655211, 2, 2147483648, 0
43252, 134283990, 2, 2147483648, 0
43388, 136160775, 2, 2147483648, 0
43666, 277683349, 2, 2147483648, 0
43806, 140013395, 2, 2147483648, 0
43941, 135800677, 2, 2147483648, 0
44078, 136181838, 2, 2147483648, 0
44214, 135942369, 2, 2147483648, 0
44350, 136092791, 2, 2147483648, 0
44486, 135980453, 2, 2147483648, 0
44622, 135975694, 2, 2147483648, 0
44757, 135771205, 2, 2147483648, 0
44896, 138500093, 2, 2147483648, 0
45030, 133872072, 2, 2147483648, 0
45165, 135493257, 2, 2147483648, 0
45302, 136284437, 2, 2147483648, 0
45437, 135881211, 2, 2147483648, 0
45574, 136282930, 2, 2147483648, 0
45710, 136090406, 2, 2147483648, 0
45846, 135995089, 2, 2147483648, 0
45980, 134039047, 2, 2147483648, 0
46116, 135854551, 2, 2147483648, 0
46389, 273649390, 2, 2147483648, 0
46525, 135924773, 2, 2147483648, 0
46661, 135216419, 2, 2147483648, 0
46796, 135609194, 2, 2147483648, 0
47070, 273527014, 2, 2147483648, 0
47206, 136127940, 2, 2147483648, 0
47342, 135715747, 2, 2147483648, 0
47478, 136086884, 2, 2147483648, 0
47615, 137036166, 2, 2147483648, 0
47750, 135531709, 2, 2147483648, 0
47886, 135607539, 2, 2147483648, 0
48022, 135946169, 2, 2147483648, 0
48158, 135867420, 2, 2147483648, 0
48293, 135660919, 2, 2147483648, 0
48430, 136450027, 2, 2147483648, 0
48566, 135802131, 2, 2147483648, 0
48702, 136210784, 2, 2147483648, 0
48838, 135795068, 2, 2147483648, 0
48976, 138164979, 2, 2147483648, 0
49114, 137801525, 2, 2147483648, 0
49250, 136199165, 2, 2147483648, 0
49385, 134790728, 2, 2147483648, 0
49658, 273323919, 2, 2147483648, 0
49794, 135619441, 2, 2147483648, 0
49930, 136183763, 2, 2147483648, 0
50064, 134132991, 2, 2147483648, 0
50200, 135838769, 2, 2147483648, 0
50474, 274055646, 2, 2147483648, 0
50610, 135984163, 2, 2147483648, 0
50745, 135586854, 2, 2147483648, 0
50885, 140115526, 2, 2147483648, 0
51021, 135804270, 2, 2147483648, 0
51158, 136441668, 2, 2147483648, 0
51293, 135512807, 2, 2147483648, 0
51430, 136330868, 2, 2147483648, 0
51566, 135998418, 2, 2147483648, 0
51702, 136007258, 2, 2147483648, 0
51837, 135915296, 2, 2147483648, 0
51974, 136187801, 2, 2147483648, 0
52110, 136004099, 2, 2147483648, 0
52245, 135678347, 2, 2147483648, 0
52382, 136161479, 2, 2147483648, 0
52517, 135101175, 2, 2147483648, 0
52652, 135813859, 2, 2147483648, 0
52926, 273074224, 2, 2147483648, 0
53062, 136300182, 2, 2147483648, 0
53198, 135807607, 2, 2147483648, 0
53333, 134787757, 2, 2147483648, 0
53468, 135368045, 2, 2147483648, 0
53742, 273709854, 2, 2147483648, 0
53877, 135214606, 2, 2147483648, 0
54013, 136460298, 2, 2147483648, 0
54150, 136392752, 2, 2147483648, 0
54286, 135736245, 2, 2147483648, 0
54422, 136052006, 2, 2147483648, 0
54561, 139832147, 2, 2147483648, 0
54698, 136311721, 2, 2147483648, 0
54834, 135857893, 2, 2147483648, 0
54970, 136003590, 2, 2147483648, 0
55106, 135940316, 2, 2147483648, 0
55242, 135987144, 2, 2147483648, 0
55378, 136111172, 2, 2147483648, 0
55513, 135586384, 2, 2147483648, 0
55650, 136477433, 2, 2147483648, 0
55786, 136252270, 2, 2147483648, 0
55922, 135699138, 2, 2147483648, 0
56058, 136006886, 2, 2147483648, 0
56194, 136090585, 2, 2147483648, 0
56329, 135584059, 2, 2147483648, 0
56466, 136322458, 2, 2147483648, 0
56602, 135789643, 2, 2147483648, 0
56738, 136168739, 2, 2147483648, 0
56874, 136055317, 2, 2147483648, 0
57009, 135685516, 2, 2147483648, 0
57146, 136084929, 2, 2147483648, 0
57282, 136597006, 2, 2147483648, 0
57418, 135610897, 2, 2147483648, 0
57554, 136011810, 2, 2147483648, 0
57690, 135962933, 2, 2147483648, 0
57825, 135711488, 2, 2147483648, 0
57966, 140257453, 2, 2147483648, 0
58102, 136162872, 2, 2147483648, 0
58238, 135638754, 2, 2147483648, 0
58374, 136113589, 2, 2147483648, 0
58510, 136049477, 2, 2147483648, 0
58649, 139644921, 2, 2147483648, 0
58786, 136336372, 2, 2147483648, 0
58922, 136111305, 2, 2147483648, 0
59058, 135842086, 2, 2147483648, 0
59193, 135754308, 2, 2147483648, 0
59330, 136485036, 2, 2147483648, 0
59466, 135677372, 2, 2147483648, 0
59602, 136320806, 2, 2147483648, 0
59738, 135754489, 2, 2147483648, 0
59874, 135962498, 2, 2147483648, 0
60010, 135894675, 2, 2147483648, 0
60146, 136134349, 2, 2147483648, 0
60286, 140008349, 2, 2147483648, 0
60421, 135681106, 2, 2147483648, 0
60558, 136098952, 2, 2147483648, 0
60694, 136109417, 2, 2147483648, 0
60830, 136098641, 2, 2147483648, 0
60965, 135393295, 2, 2147483648, 0
61106, 140652860, 2, 2147483648, 0
61238, 131873819, 2, 2147483648, 0
61374, 136114358, 2, 2147483648, 0
61510, 136000902, 2, 2147483648, 0
61646, 135897608, 2, 2147483648, 0
61782, 135970730, 2, 2147483648, 0
61918, 136099804, 2, 2147483648, 0
62054, 136346031, 2, 2147483648, 0
62190, 135524999, 2, 2147483648, 0
62326, 135848678, 2, 2147483648, 0
62462, 136115916, 2, 2147483648, 0
62598, 136033205, 2, 2147483648, 0
62734, 135857071, 2, 2147483648, 0
62869, 135703410, 2, 2147483648, 0
63006, 136481971, 2, 2147483648, 0
63142, 136033584, 2, 2147483648, 0
63278, 135815121, 2, 2147483648, 0
63413, 135857702, 2, 2147483648, 0
63550, 136290205, 2, 2147483648, 0
63686, 135965981, 2, 2147483648, 0
63822, 136028722, 2, 2147483648, 0
63958, 136008985, 2, 2147483648, 0
64094, 136137559, 2, 2147483648, 0
64230, 135840557, 2, 2147483648, 0
64366, 136064463, 2, 2147483648, 0
64505, 139564345, 2, 2147483648, 0
64646, 140159147, 2, 2147483648, 0
64782, 136248112, 2, 2147483648, 0
64918, 135877011, 2, 2147483648, 0
65054, 136065518, 2, 2147483648, 0
65190, 135815768, 2, 2147483648, 0
65326, 136290323, 2, 2147483648, 0
65462, 135730267, 2, 2147483648, 0
65598, 135898849, 2, 2147483648, 0
65733, 135655605, 2, 2147483648, 0
65870, 136651940, 2, 2147483648, 0
66006, 136072273, 2, 2147483648, 0
66142, 135685029, 2, 2147483648, 0
66278, 136040890, 2, 2147483648, 0
66414, 136300309, 2, 2147483648, 0
66549, 135526570, 2, 2147483648, 0
66685, 135977060, 2, 2147483648, 0
66821, 135842618, 2, 2147483648, 0
66958, 136498220, 2, 2147483648, 0
67093, 135645626, 2, 2147483648, 0
67230, 136229108, 2, 2147483648, 0
67366, 136356049, 2, 2147483648, 0
67502, 135660482, 2, 2147483648, 0
67637, 135356088, 2, 2147483648, 0
67774, 136760913, 2, 2147483648, 0
67909, 135572216, 2, 2147483648, 0
68046, 136173024, 2, 2147483648, 0
68182, 135909221, 2, 2147483648, 0
68318, 136505877, 2, 2147483648, 0
68454, 135840726, 2, 2147483648, 0
68590, 135802130, 2, 2147483648, 0
68726, 136018759, 2, 2147483648, 0
68862, 135908961, 2, 2147483648, 0
68998, 135897931, 2, 2147483648, 0
69134, 136162063, 2, 2147483648, 0
69274, 140055291, 2, 2147483648, 0
69410, 136083304, 2, 2147483648, 0
69546, 135861808, 2, 2147483648, 0
69682, 135777006, 2, 2147483648, 0
69817, 135975162, 2, 2147483648, 0
69954, 136138460, 2, 2147483648, 0
70089, 135816308, 2, 2147483648, 0
70226, 136325379, 2, 2147483648, 0
70362, 135847468, 2, 2147483648, 0
70498, 135997805, 2, 2147483648, 0
70634, 135981673, 2, 2147483648, 0
70765, 131868249, 2, 2147483648, 0
70906, 140518916, 2, 2147483648, 0
71042, 135911914, 2, 2147483648, 0
71178, 136143244, 2, 2147483648, 0
71314, 135688678, 2, 2147483648, 0
71450, 135948531, 2, 2147483648, 0
71586, 135922497, 2, 2147483648, 0
71722, 136302947, 2, 2147483648, 0
71858, 136068915, 2, 2147483648, 0
71993, 135343013, 2, 2147483648, 0
72133, 139780230, 2, 2147483648, 0
72270, 136677836, 2, 2147483648, 0
72406, 135980793, 2, 2147483648, 0
72542, 135794710, 2, 2147483648, 0
72678, 136188851, 2, 2147483648, 0
72814, 135986568, 2, 2147483648, 0
72950, 136215933, 2, 2147483648, 0
73085, 135327354, 2, 2147483648, 0
73222, 136409698, 2, 2147483648, 0
73358, 136015981, 2, 2147483648, 0
73494, 135848828, 2, 2147483648, 0
73630, 136257462, 2, 2147483648, 0
73766, 135856427, 2, 2147483648, 0
73902, 135977426, 2, 2147483648, 0
74038, 136037841, 2, 2147483648, 0
74174, 135810166, 2, 2147483648, 0
74310, 136155932, 2, 2147483648, 0
74446, 136274639, 2, 2147483648, 0
74581, 135281763, 2, 2147483648, 0
74718, 136841649, 2, 2147483648, 0
74854, 135661257, 2, 2147483648, 0
74990, 135659781, 2, 2147483648, 0
75126, 136209635, 2, 2147483648, 0
75262, 135989474, 2, 2147483648, 0
75397, 135710162, 2, 2147483648, 0
75534, 136161528, 2, 2147483648, 0
75670, 136193238, 2, 2147483648, 0
75806, 135911101, 2, 2147483648, 0
75942, 135954687, 2, 2147483648, 0
76078, 136157659, 2, 2147483648, 0
76214, 135829329, 2, 2147483648, 0
76350, 136196262, 2, 2147483648, 0
76486, 135724213, 2, 2147483648, 0
76622, 136244442, 2, 2147483648, 0
76758, 135700332, 2, 2147483648, 0
76893, 135873791, 2, 2147483648, 0
77030, 136164318, 2, 2147483648, 0
77166, 136038517, 2, 2147483648, 0
77301, 135646342, 2, 2147483648, 0
77438, 136353717, 2, 2147483648, 0
77574, 135953217, 2, 2147483648, 0
77710, 136100060, 2, 2147483648, 0
77846, 136040470, 2, 2147483648, 0
77982, 135799045, 2, 2147483648, 0
78118, 136433193, 2, 2147483648, 0
78254, 136048440, 2, 2147483648, 0
78390, 135653357, 2, 2147483648, 0
78526, 136015554, 2, 2147483648, 0
78662, 136172045, 2, 2147483648, 0
78797, 135347340, 2, 2147483648, 0
78934, 136264941, 2, 2147483648, 0
79070, 136244183, 2, 2147483648, 0
79206, 135792962, 2, 2147483648, 0
79342, 136276185, 2, 2147483648, 0
79486, 143909160, 2, 2147483648, 0
79622, 135886904, 2, 2147483648, 0
79758, 136063570, 2, 2147483648, 0
79894, 135998911, 2, 2147483648, 0
80029, 135496268, 2, 2147483648, 0
80165, 136164689, 2, 2147483648, 0
80301, 136023004, 2, 2147483648, 0
80438, 136673152, 2, 2147483648, 0
80575, 136642766, 2, 2147483648, 0
80710, 134972496, 2, 2147483648, 0
80846, 136157990, 2, 2147483648, 0
80981, 135375470, 2, 2147483648, 0
81118, 136439770, 2, 2147483648, 0
81254, 136134525, 2, 2147483648, 0
81390, 135890004, 2, 2147483648, 0
81526, 135768139, 2, 2147483648, 0
81662, 136260167, 2, 2147483648, 0
81798, 135717589, 2, 2147483648, 0
81933, 135895445, 2, 2147483648, 0
82070, 136266302, 2, 2147483648, 0
82205, 135681570, 2, 2147483648, 0
82342, 136041592, 2, 2147483648, 0
82478, 136539501, 2, 2147483648, 0
82614, 136006773, 2, 2147483648, 0
82754, 139683794, 2, 2147483648, 0
82890, 136171458, 2, 2147483648, 0
83026, 135814801, 2, 2147483648, 0
83162, 135949037, 2, 2147483648, 0
83298, 135911111, 2, 2147483648, 0
83434, 136218988, 2, 2147483648, 0
83570, 135960970, 2, 2147483648, 0
83706, 136204186, 2, 2147483648, 0
83845, 139435066, 2, 2147483648, 0
83982, 136371032, 2, 2147483648, 0
84118, 136057625, 2, 2147483648, 0
84254, 136069643, 2, 2147483648, 0
84390, 135679124, 2, 2147483648, 0
84526, 135985113, 2, 2147483648, 0
84664, 138600395, 2, 2147483648, 0
84798, 133396624, 2, 2147483648, 0
84934, 136194944, 2, 2147483648, 0
85070, 136074115, 2, 2147483648, 0
85206, 135707609, 2, 2147483648, 0
85342, 135862948, 2, 2147483648, 0
85477, 135833441, 2, 2147483648, 0
85614, 136356071, 2, 2147483648, 0
85750, 135993803, 2, 2147483648, 0
85886, 135935932, 2, 2147483648, 0
86022, 135976462, 2, 2147483648, 0
86158, 136242190, 2, 2147483648, 0
86294, 135652333, 2, 2147483648, 0
86430, 136135589, 2, 2147483648, 0
86566, 135960578, 2, 2147483648, 0
86704, 138100091, 2, 2147483648, 0
86837, 133510593, 2, 2147483648, 0
86974, 136672960, 2, 2147483648, 0
87110, 135734209, 2, 2147483648, 0
87246, 136056475, 2, 2147483648, 0
87382, 136201332, 2, 2147483648, 0
87518, 135755337, 2, 2147483648, 0
87653, 135711001, 2, 2147483648, 0
87790, 136120756, 2, 2147483648, 0
87926, 135916216, 2, 2147483648, 0
88064, 138895721, 2, 2147483648, 0
88198, 133504858, 2, 2147483648, 0
88334, 135838716, 2, 2147483648, 0
88474, 140015553, 2, 2147483648, 0
88618, 143853987, 2, 2147483648, 0
88760, 142339203, 2, 2147483648, 0
88894, 133711797, 2, 2147483648, 0
89030, 136330921, 2, 2147483648, 0
89166, 135901925, 2, 2147483648, 0
89302, 135660442, 2, 2147483648, 0
89438, 136069008, 2, 2147483648, 0
89573, 135661867, 2, 2147483648, 0
89714, 140324309, 2, 2147483648, 0
89850, 136338653, 2, 2147483648, 0
89985, 135331417, 2, 2147483648, 0
90122, 136553530, 2, 2147483648, 0
90258, 135772197, 2, 2147483648, 0
90394, 136127829, 2, 2147483648, 0
90530, 135762348, 2, 2147483648, 0
90666, 135953520, 2, 2147483648, 0
90802, 136314274, 2, 2147483648, 0
90938, 135653909, 2, 2147483648, 0
91074, 136337064, 2, 2147483648, 0
91210, 135892298, 2, 2147483648, 0
91346, 136121654, 2, 2147483648, 0
91481, 135458039, 2, 2147483648, 0
91618, 136717934, 2, 2147483648, 0
91754, 135807126, 2, 2147483648, 0
91890, 136052043, 2, 2147483648, 0
92026, 135882658, 2, 2147483648, 0
92162, 136048808, 2, 2147483648, 0
92298, 135738774, 2, 2147483648, 0
92434, 136487681, 2, 2147483648, 0
92570, 135760946, 2, 2147483648, 0
92706, 135809318, 2, 2147483648, 0
92846, 139986323, 2, 2147483648, 0
92982, 135879674, 2, 2147483648, 0
93122, 140039151, 2, 2147483648, 0
93262, 140036623, 2, 2147483648, 0
93398, 136119263, 2, 2147483648, 0
93533, 135635633, 2, 2147483648, 0
93674, 140640130, 2, 2147483648, 0
93810, 135712971, 2, 2147483648, 0
93946, 135827577, 2, 2147483648, 0
94082, 136067126, 2, 2147483648, 0
94218, 136244074, 2, 2147483648, 0
94353, 135413638, 2, 2147483648, 0
94490, 136401713, 2, 2147483648, 0
94626, 136012095, 2, 2147483648, 0
94762, 135836775, 2, 2147483648, 0
94898, 136182845, 2, 2147483648, 0
95034, 136076408, 2, 2147483648, 0
95170, 136046126, 2, 2147483648, 0
95306, 135872689, 2, 2147483648, 0
95442, 135820161, 2, 2147483648, 0
95578, 136180034, 2, 2147483648, 0
95714, 136004642, 2, 2147483648, 0
95854, 139670315, 2, 2147483648, 0
95990, 136261301, 2, 2147483648, 0
96125, 135621078, 2, 2147483648, 0
96262, 136036215, 2, 2147483648, 0
96398, 136376334, 2, 2147483648, 0
96535, 137261593, 2, 2147483648, 0
96670, 134652090, 2, 2147483648, 0
96806, 135992895, 2, 2147483648, 0
96942, 136145819, 2, 2147483648, 0
97078, 135897498, 2, 2147483648, 0
97214, 136029932, 2, 2147483648, 0
97350, 136327835, 2, 2147483648, 0
97486, 135560401, 2, 2147483648, 0
97622, 135786543, 2, 2147483648, 0
97758, 136054940, 2, 2147483648, 0
97894, 135861331, 2, 2147483648, 0
98030, 136426115, 2, 2147483648, 0
98166, 136076024, 2, 2147483648, 0
98301, 135411896, 2, 2147483648, 0
98437, 136030849, 2, 2147483648, 0
98574, 136622710, 2, 2147483648, 0
98710, 135766065, 2, 2147483648, 0
98846, 135880808, 2, 2147483648, 0
98982, 136304568, 2, 2147483648, 0
99118, 135846012, 2, 2147483648, 0
99253, 135509350, 2, 2147483648, 0
99390, 136149538, 2, 2147483648, 0
99525, 135763672, 2, 2147483648, 0
99662, 136502249, 2, 2147483648, 0
99798, 136027584, 2, 2147483648, 0
99933, 135407929, 2, 2147483648, 0
100070, 136432348, 2, 2147483648, 0
100206, 136183826, 2, 2147483648, 0
100342, 136246507, 2, 2147483648, 0
100478, 135696167, 2, 2147483648, 0
100614, 136073751, 2, 2147483648, 0
100750, 135742036, 2, 2147483648, 0
100886, 136086761, 2, 2147483648, 0
101022, 136149118, 2, 2147483648, 0
101158, 135696774, 2, 2147483648, 0
101293, 135773567, 2, 2147483648, 0
101430, 136408405, 2, 2147483648, 0
101566, 135702760, 2, 2147483648, 0
101702, 136267152, 2, 2147483648, 0
101838, 136174342, 2, 2147483648, 0
101974, 135776710, 2, 2147483648, 0
102110, 136318530, 2, 2147483648, 0
102246, 135470617, 2, 2147483648, 0
102382, 136338285, 2, 2147483648, 0
102518, 135731823, 2, 2147483648, 0
102654, 136378291, 2, 2147483648, 0
102790, 135598419, 2, 2147483648, 0
102926, 136185205, 2, 2147483648, 0
103062, 136203574, 2, 2147483648, 0
103197, 135110695, 2, 2147483648, 0
103334, 136497081, 2, 2147483648, 0
103476, 141856909, 2, 2147483648, 0
103610, 134062274, 2, 2147483648, 0
103746, 136083954, 2, 2147483648, 0
103882, 136050208, 2, 2147483648, 0
104018, 136415918, 2, 2147483648, 0
104154, 135697867, 2, 2147483648, 0
104290, 135702634, 2, 2147483648, 0
104426, 135948452, 2, 2147483648, 0
104562, 136181064, 2, 2147483648, 0
104698, 136325243, 2, 2147483648, 0
104838, 139612926, 2, 2147483648, 0
104974, 136013992, 2, 2147483648, 0
105110, 136201905, 2, 2147483648, 0
105246, 135984531, 2, 2147483648, 0
105381, 135107611, 2, 2147483648, 0
105518, 136693260, 2, 2147483648, 0
105654, 136004882, 2, 2147483648, 0
105790, 136062792, 2, 2147483648, 0
105926, 135904068, 2, 2147483648, 0
106062, 135909336, 2, 2147483648, 0
106198, 136054345, 2, 2147483648, 0
106334, 136003673, 2, 2147483648, 0
106469, 135257657, 2, 2147483648, 0
106606, 136702136, 2, 2147483648, 0
106742, 136103254, 2, 2147483648, 0
106878, 136086484, 2, 2147483648, 0
107014, 135928590, 2, 2147483648, 0
107150, 135949265, 2, 2147483648, 0
107285, 135561644, 2, 2147483648, 0
107422, 136716128, 2, 2147483648, 0
107558, 135918509, 2, 2147483648, 0
107694, 135744780, 2, 2147483648, 0
107830, 136210803, 2, 2147483648, 0
107966, 135682868, 2, 2147483648, 0
108102, 136093407, 2, 2147483648, 0
108238, 135965094, 2, 2147483648, 0
108374, 135911138, 2, 2147483648, 0
108510, 136297523, 2, 2147483648, 0
108646, 135971037, 2, 2147483648, 0
108785, 139164458, 2, 2147483648, 0
108922, 136810548, 2, 2147483648, 0
109058, 136013186, 2, 2147483648, 0
109194, 135830391, 2, 2147483648, 0
109330, 136015500, 2, 2147483648, 0
109466, 135770945, 2, 2147483648, 0
109602, 136094232, 2, 2147483648, 0
109738, 135839413, 2, 2147483648, 0
109874, 136541325, 2, 2147483648, 0
110009, 135275891, 2, 2147483648, 0
110146, 136171298, 2, 2147483648, 0
110282, 136154595, 2, 2147483648, 0
110426, 144620189, 2, 2147483648, 0
110566, 139728272, 2, 2147483648, 0
110702, 135860390, 2, 2147483648, 0
110842, 139688977, 2, 2147483648, 0
110982, 140215969, 2, 2147483648, 0
111122, 140036809, 2, 2147483648, 0
111257, 135521396, 2, 2147483648, 0
111394, 136274903, 2, 2147483648, 0
111530, 135949744, 2, 2147483648, 0
111666, 135833191, 2, 2147483648, 0
111810, 144111343, 2, 2147483648, 0
111946, 136017460, 2, 2147483648, 0
112082, 136125386, 2, 2147483648, 0
112220, 138335250, 2, 2147483648, 0
112354, 133955239, 2, 2147483648, 0
112490, 135632458, 2, 2147483648, 0
112626, 136235029, 2, 2147483648, 0
112762, 136068806, 2, 2147483648, 0
112897, 135273573, 2, 2147483648, 0
113034, 136333748, 2, 2147483648, 0
113170, 136163080, 2, 2147483648, 0
113306, 136074473, 2, 2147483648, 0
113442, 136015133, 2, 2147483648, 0
113578, 135807605, 2, 2147483648, 0
113714, 135953066, 2, 2147483648, 0
113850, 136081041, 2, 2147483648, 0
113986, 135782505, 2, 2147483648, 0
114121, 135785682, 2, 2147483648, 0
114260, 138811773, 2, 2147483648, 0
114394, 133483279, 2, 2147483648, 0
114529, 135644377, 2, 2147483648, 0
