405, 405576568, 2, 2147483648, 0
609, 203876747, 2, 2147483648, 0
813, 204120901, 2, 2147483648, 0
1021, 207959042, 2, 2147483648, 0
1229, 208162711, 2, 2147483648, 0
1433, 204166985, 2, 2147483648, 0
1637, 203669607, 2, 2147483648, 0
1841, 203613212, 2, 2147483648, 0
2046, 204782890, 2, 2147483648, 0
2249, 203730619, 2, 2147483648, 0
2457, 207827337, 2, 2147483648, 0
2665, 208145073, 2, 2147483648, 0
2869, 204064073, 2, 2147483648, 0
3071, 201648645, 2, 2147483648, 0
3275, 203761081, 2, 2147483648, 0
3889, 613985131, 2, 2147483648, 0
4093, 204304573, 2, 2147483648, 0
4297, 204029195, 2, 2147483648, 0
4501, 203793397, 2, 2147483648, 0
4705, 204252367, 2, 2147483648, 0
4909, 203839552, 2, 2147483648, 0
5113, 204159098, 2, 2147483648, 0
5317, 203907585, 2, 2147483648, 0
5521, 204337698, 2, 2147483648, 0
5726, 204125967, 2, 2147483648, 0
5929, 203766521, 2, 2147483648, 0
6133, 203808498, 2, 2147483648, 0
6337, 204004925, 2, 2147483648, 0
6540, 202826797, 2, 2147483648, 0
6741, 201409549, 2, 2147483648, 0
7358, 616091716, 2, 2147483648, 0
7561, 203859769, 2, 2147483648, 0
7765, 203699516, 2, 2147483648, 0
7969, 203948023, 2, 2147483648, 0
8173, 204340659, 2, 2147483648, 0
8377, 203679228, 2, 2147483648, 0
8581, 203923870, 2, 2147483648, 0
8785, 204210206, 2, 2147483648, 0
8993, 207763194, 2, 2147483648, 0
9205, 212445821, 2, 2147483648, 0
9409, 203737460, 2, 2147483648, 0
9613, 204171369, 2, 2147483648, 0
9817, 203984736, 2, 2147483648, 0
10020, 202495513, 2, 2147483648, 0
10222, 201776040, 2, 2147483648, 0
10837, 615455309, 2, 2147483648, 0
11041, 204095059, 2, 2147483648, 0
11245, 204072160, 2, 2147483648, 0
11449, 203531999, 2, 2147483648, 0
11653, 204528731, 2, 2147483648, 0
11857, 204047052, 2, 2147483648, 0
12061, 203651841, 2, 2147483648, 0
12265, 204332133, 2, 2147483648, 0
12469, 203654581, 2, 2147483648, 0
12673, 203961463, 2, 2147483648, 0
12885, 212285781, 2, 2147483648, 0
13089, 203900603, 2, 2147483648, 0
13293, 204100104, 2, 2147483648, 0
13496, 202602785, 2, 2147483648, 0
13697, 201500362, 2, 2147483648, 0
14313, 615728056, 2, 2147483648, 0
14518, 204272991, 2, 2147483648, 0
14721, 203615345, 2, 2147483648, 0
14925, 203908198, 2, 2147483648, 0
15129, 203990812, 2, 2147483648, 0
15333, 203975725, 2, 2147483648, 0
15537, 203930043, 2, 2147483648, 0
15741, 204153319, 2, 2147483648, 0
15945, 203789260, 2, 2147483648, 0
16149, 203967169, 2, 2147483648, 0
16353, 203964540, 2, 2147483648, 0
16557, 204170040, 2, 2147483648, 0
16761, 203797637, 2, 2147483648, 0
16968, 206950361, 2, 2147483648, 0
17169, 201279687, 2, 2147483648, 0
17785, 616077754, 2, 2147483648, 0
17989, 203821620, 2, 2147483648, 0
18193, 203946179, 2, 2147483648, 0
18397, 203848506, 2, 2147483648, 0
18605, 208112852, 2, 2147483648, 0
18809, 203638429, 2, 2147483648, 0
19013, 204367742, 2, 2147483648, 0
19217, 203557121, 2, 2147483648, 0
19422, 204762598, 2, 2147483648, 0
19625, 203524648, 2, 2147483648, 0
19830, 204473168, 2, 2147483648, 0
20033, 203630213, 2, 2147483648, 0
20237, 203831071, 2, 2147483648, 0
20440, 202931955, 2, 2147483648, 0
20642, 201545261, 2, 2147483648, 0
21257, 615780811, 2, 2147483648, 0
21461, 203970819, 2, 2147483648, 0
21665, 203286072, 2, 2147483648, 0
21869, 204393776, 2, 2147483648, 0
22073, 204343522, 2, 2147483648, 0
22277, 203926338, 2, 2147483648, 0
22481, 203956433, 2, 2147483648, 0
22685, 203927846, 2, 2147483648, 0
22889, 203832849, 2, 2147483648, 0
23093, 204178933, 2, 2147483648, 0
23297, 203896088, 2, 2147483648, 0
23501, 204052101, 2, 2147483648, 0
23705, 203999921, 2, 2147483648, 0
23908, 202321746, 2, 2147483648, 0
24110, 202032074, 2, 2147483648, 0
24725, 615132065, 2, 2147483648, 0
24929, 204586007, 2, 2147483648, 0
25133, 203840652, 2, 2147483648, 0
25338, 204342148, 2, 2147483648, 0
25541, 203482416, 2, 2147483648, 0
25745, 203980755, 2, 2147483648, 0
25949, 203914990, 2, 2147483648, 0
26153, 204222325, 2, 2147483648, 0
26357, 203757825, 2, 2147483648, 0
26561, 204092245, 2, 2147483648, 0
26765, 204263621, 2, 2147483648, 0
26969, 203826198, 2, 2147483648, 0
27173, 203996178, 2, 2147483648, 0
27375, 202326633, 2, 2147483648, 0
27577, 201876266, 2, 2147483648, 0
28193, 615897371, 2, 2147483648, 0
28397, 204071957, 2, 2147483648, 0
28601, 203867043, 2, 2147483648, 0
28805, 203938271, 2, 2147483648, 0
29009, 204177523, 2, 2147483648, 0
29213, 203841489, 2, 2147483648, 0
29417, 203967320, 2, 2147483648, 0
29621, 204071161, 2, 2147483648, 0
29833, 212071089, 2, 2147483648, 0
30037, 203927656, 2, 2147483648, 0
30249, 211665061, 2, 2147483648, 0
30457, 208475855, 2, 2147483648, 0
30661, 203844561, 2, 2147483648, 0
30863, 202061552, 2, 2147483648, 0
31069, 206094821, 2, 2147483648, 0
31681, 611860055, 2, 2147483648, 0
31885, 203860988, 2, 2147483648, 0
32089, 204157995, 2, 2147483648, 0
32293, 203881052, 2, 2147483648, 0
32497, 203971434, 2, 2147483648, 0
32701, 203764745, 2, 2147483648, 0
32905, 204086658, 2, 2147483648, 0
33110, 205014182, 2, 2147483648, 0
33313, 202917418, 2, 2147483648, 0
33517, 204241521, 2, 2147483648, 0
33721, 204156486, 2, 2147483648, 0
33933, 211436912, 2, 2147483648, 0
34141, 208386126, 2, 2147483648, 0
34348, 206326019, 2, 2147483648, 0
34549, 201791612, 2, 2147483648, 0
35165, 615702327, 2, 2147483648, 0
35369, 203958580, 2, 2147483648, 0
35573, 204347086, 2, 2147483648, 0
35777, 204054426, 2, 2147483648, 0
35981, 203879647, 2, 2147483648, 0
36185, 203817851, 2, 2147483648, 0
36389, 203911035, 2, 2147483648, 0
36593, 204162973, 2, 2147483648, 0
36797, 204031448, 2, 2147483648, 0
37001, 203800612, 2, 2147483648, 0
37205, 203738243, 2, 2147483648, 0
37409, 204224315, 2, 2147483648, 0
37613, 204030431, 2, 2147483648, 0
37816, 202616779, 2, 2147483648, 0
38017, 201663760, 2, 2147483648, 0
38633, 615801253, 2, 2147483648, 0
38837, 203940349, 2, 2147483648, 0
39041, 204132628, 2, 2147483648, 0
39245, 204130329, 2, 2147483648, 0
39449, 203845113, 2, 2147483648, 0
39653, 203874608, 2, 2147483648, 0
39861, 207624668, 2, 2147483648, 0
40065, 204308595, 2, 2147483648, 0
40269, 204239659, 2, 2147483648, 0
40473, 203705464, 2, 2147483648, 0
40677, 204184094, 2, 2147483648, 0
40881, 203848153, 2, 2147483648, 0
41085, 204264044, 2, 2147483648, 0
41287, 202046630, 2, 2147483648, 0
41493, 205988811, 2, 2147483648, 0
42105, 611633278, 2, 2147483648, 0
42309, 203892156, 2, 2147483648, 0
42513, 203995849, 2, 2147483648, 0
42717, 204458882, 2, 2147483648, 0
42921, 203630423, 2, 2147483648, 0
43125, 204130292, 2, 2147483648, 0
43329, 204185371, 2, 2147483648, 0
43533, 203738337, 2, 2147483648, 0
43741, 207924844, 2, 2147483648, 0
43945, 203627023, 2, 2147483648, 0
44149, 204535854, 2, 2147483648, 0
44353, 203840243, 2, 2147483648, 0
44557, 204211059, 2, 2147483648, 0
44760, 202751909, 2, 2147483648, 0
44961, 201043174, 2, 2147483648, 0
45577, 616031462, 2, 2147483648, 0
45781, 204216788, 2, 2147483648, 0
45989, 207827851, 2, 2147483648, 0
46193, 203681194, 2, 2147483648, 0
46397, 204324376, 2, 2147483648, 0
46601, 204134983, 2, 2147483648, 0
46804, 202993256, 2, 2147483648, 0
47009, 204732445, 2, 2147483648, 0
47213, 203672247, 2, 2147483648, 0
47425, 212306103, 2, 2147483648, 0
47633, 208004590, 2, 2147483648, 0
47837, 203838779, 2, 2147483648, 0
48041, 204067739, 2, 2147483648, 0
48247, 206213667, 2, 2147483648, 0
48453, 206165155, 2, 2147483648, 0
49065, 611155651, 2, 2147483648, 0
49269, 204718418, 2, 2147483648, 0
49473, 203610093, 2, 2147483648, 0
49677, 203989914, 2, 2147483648, 0
49881, 204235473, 2, 2147483648, 0
50085, 204061347, 2, 2147483648, 0
50289, 203720923, 2, 2147483648, 0
50493, 203966525, 2, 2147483648, 0
50697, 204137025, 2, 2147483648, 0
50901, 204096100, 2, 2147483648, 0
51105, 204146581, 2, 2147483648, 0
51309, 203822338, 2, 2147483648, 0
51513, 204210826, 2, 2147483648, 0
51716, 202921962, 2, 2147483648, 0
51918, 201355595, 2, 2147483648, 0
52533, 615158627, 2, 2147483648, 0
52737, 204201584, 2, 2147483648, 0
52941, 204250548, 2, 2147483648, 0
53145, 203861858, 2, 2147483648, 0
53349, 204105793, 2, 2147483648, 0
53553, 203965605, 2, 2147483648, 0
53757, 203735764, 2, 2147483648, 0
53961, 204322683, 2, 2147483648, 0
54165, 204042453, 2, 2147483648, 0
54369, 204130333, 2, 2147483648, 0
54573, 203726292, 2, 2147483648, 0
54777, 204144782, 2, 2147483648, 0
54981, 203911702, 2, 2147483648, 0
55184, 202903872, 2, 2147483648, 0
55386, 201445997, 2, 2147483648, 0
56001, 615547849, 2, 2147483648, 0
56209, 207973567, 2, 2147483648, 0
56413, 204424191, 2, 2147483648, 0
56617, 203552045, 2, 2147483648, 0
56822, 204689230, 2, 2147483648, 0
57025, 203251615, 2, 2147483648, 0
57229, 204163969, 2, 2147483648, 0
57433, 203737485, 2, 2147483648, 0
57637, 203964157, 2, 2147483648, 0
57841, 204317369, 2, 2147483648, 0
58045, 203896065, 2, 2147483648, 0
58249, 203978871, 2, 2147483648, 0
58453, 204004862, 2, 2147483648, 0
58655, 202133361, 2, 2147483648, 0
58861, 206071760, 2, 2147483648, 0
59473, 611935250, 2, 2147483648, 0
59677, 203927901, 2, 2147483648, 0
59881, 204114195, 2, 2147483648, 0
60085, 204066145, 2, 2147483648, 0
60293, 207857016, 2, 2147483648, 0
60497, 204010036, 2, 2147483648, 0
60709, 212063190, 2, 2147483648, 0
60913, 203917118, 2, 2147483648, 0
61121, 208046133, 2, 2147483648, 0
61325, 204057179, 2, 2147483648, 0
61529, 203984409, 2, 2147483648, 0
61734, 204215795, 2, 2147483648, 0
61937, 203503409, 2, 2147483648, 0
62139, 202404226, 2, 2147483648, 0
62345, 205963259, 2, 2147483648, 0
62957, 611562902, 2, 2147483648, 0
63161, 204285897, 2, 2147483648, 0
63365, 203972822, 2, 2147483648, 0
63569, 204103778, 2, 2147483648, 0
63773, 203732870, 2, 2147483648, 0
63977, 204015638, 2, 2147483648, 0
64181, 204046030, 2, 2147483648, 0
64385, 204242976, 2, 2147483648, 0
64589, 203493766, 2, 2147483648, 0
64793, 204126745, 2, 2147483648, 0
64997, 204288191, 2, 2147483648, 0
65201, 203887738, 2, 2147483648, 0
65406, 204533427, 2, 2147483648, 0
65608, 202259679, 2, 2147483648, 0
65810, 201902857, 2, 2147483648, 0
66426, 615728593, 2, 2147483648, 0
66629, 203798646, 2, 2147483648, 0
66833, 203914838, 2, 2147483648, 0
67037, 203787369, 2, 2147483648, 0
67241, 204129629, 2, 2147483648, 0
67446, 204679607, 2, 2147483648, 0
67649, 203204269, 2, 2147483648, 0
67853, 203906207, 2, 2147483648, 0
68057, 204052133, 2, 2147483648, 0
68261, 203588422, 2, 2147483648, 0
68467, 206113279, 2, 2147483648, 0
68669, 202447977, 2, 2147483648, 0
68873, 203432308, 2, 2147483648, 0
69079, 206710092, 2, 2147483648, 0
69282, 202147700, 2, 2147483648, 0
69897, 615338281, 2, 2147483648, 0
70101, 204001334, 2, 2147483648, 0
70305, 204246894, 2, 2147483648, 0
70511, 206234678, 2, 2147483648, 0
70721, 209624281, 2, 2147483648, 0
70929, 207748832, 2, 2147483648, 0
71133, 204428239, 2, 2147483648, 0
71337, 203929333, 2, 2147483648, 0
71543, 205946951, 2, 2147483648, 0
71745, 202207743, 2, 2147483648, 0
71949, 203554288, 2, 2147483648, 0
72152, 203369706, 2, 2147483648, 0
72357, 204985522, 2, 2147483648, 0
72562, 204585720, 2, 2147483648, 0
72762, 199696552, 2, 2147483648, 0
73377, 615537646, 2, 2147483648, 0
73584, 206578201, 2, 2147483648, 0
73785, 201677072, 2, 2147483648, 0
73989, 203652519, 2, 2147483648, 0
74193, 203950513, 2, 2147483648, 0
74397, 204027427, 2, 2147483648, 0
74604, 206594478, 2, 2147483648, 0
74805, 201225525, 2, 2147483648, 0
75009, 204098789, 2, 2147483648, 0
75213, 204552464, 2, 2147483648, 0
75417, 203757515, 2, 2147483648, 0
75623, 206136503, 2, 2147483648, 0
75825, 202037991, 2, 2147483648, 0
76028, 202501708, 2, 2147483648, 0
76229, 201605229, 2, 2147483648, 0
76846, 616028398, 2, 2147483648, 0
77049, 203549426, 2, 2147483648, 0
77253, 203871519, 2, 2147483648, 0
77457, 204098935, 2, 2147483648, 0
77663, 206233596, 2, 2147483648, 0
77865, 201778194, 2, 2147483648, 0
78069, 204205749, 2, 2147483648, 0
78273, 204173768, 2, 2147483648, 0
78477, 203724792, 2, 2147483648, 0
78683, 205969928, 2, 2147483648, 0
78886, 202358409, 2, 2147483648, 0
79089, 203585979, 2, 2147483648, 0
79293, 203827438, 2, 2147483648, 0
79496, 203219235, 2, 2147483648, 0
79700, 203456176, 2, 2147483648, 0
80313, 613844406, 2, 2147483648, 0
80517, 203657348, 2, 2147483648, 0
80715, 198164413, 2, 2147483648, 0
80926, 210314676, 2, 2147483648, 0
81129, 203808232, 2, 2147483648, 0
81334, 204225787, 2, 2147483648, 0
81537, 203695892, 2, 2147483648, 0
81743, 205972902, 2, 2147483648, 0
81945, 201753208, 2, 2147483648, 0
82149, 204309004, 2, 2147483648, 0
82353, 203854903, 2, 2147483648, 0
82557, 203922667, 2, 2147483648, 0
82763, 205939461, 2, 2147483648, 0
82963, 200083628, 2, 2147483648, 0
83169, 206210360, 2, 2147483648, 0
83783, 613796046, 2, 2147483648, 0
83985, 201891390, 2, 2147483648, 0
84189, 204381649, 2, 2147483648, 0
84393, 203502618, 2, 2147483648, 0
84597, 204287529, 2, 2147483648, 0
84803, 206115088, 2, 2147483648, 0
85005, 202034227, 2, 2147483648, 0
85209, 203909172, 2, 2147483648, 0
85413, 204078756, 2, 2147483648, 0
85617, 204022662, 2, 2147483648, 0
85824, 206182279, 2, 2147483648, 0
86026, 201882423, 2, 2147483648, 0
86229, 203857098, 2, 2147483648, 0
86432, 202363483, 2, 2147483648, 0
86642, 209770791, 2, 2147483648, 0
87249, 607425795, 2, 2147483648, 0
87453, 203675270, 2, 2147483648, 0
87657, 204755578, 2, 2147483648, 0
87863, 205898374, 2, 2147483648, 0
88065, 201943949, 2, 2147483648, 0
88269, 204077800, 2, 2147483648, 0
88473, 203631502, 2, 2147483648, 0
88677, 204364379, 2, 2147483648, 0
88884, 206173049, 2, 2147483648, 0
89085, 201868222, 2, 2147483648, 0
89289, 203905299, 2, 2147483648, 0
89493, 204010190, 2, 2147483648, 0
89698, 204275357, 2, 2147483648, 0
89902, 204695209, 2, 2147483648, 0
90101, 198890266, 2, 2147483648, 0
90717, 615994237, 2, 2147483648, 0
90923, 206161273, 2, 2147483648, 0
91125, 202034229, 2, 2147483648, 0
91329, 203716423, 2, 2147483648, 0
91534, 204368477, 2, 2147483648, 0
91737, 203399041, 2, 2147483648, 0
91943, 206141154, 2, 2147483648, 0
92145, 202268933, 2, 2147483648, 0
92353, 207992475, 2, 2147483648, 0
92557, 203809057, 2, 2147483648, 0
92761, 204173694, 2, 2147483648, 0
92967, 205941539, 2, 2147483648, 0
93169, 202027982, 2, 2147483648, 0
93372, 202786016, 2, 2147483648, 0
93573, 201281507, 2, 2147483648, 0
94189, 615769813, 2, 2147483648, 0
94394, 204326107, 2, 2147483648, 0
94597, 203763393, 2, 2147483648, 0
94801, 203678666, 2, 2147483648, 0
95008, 206518405, 2, 2147483648, 0
95209, 201820517, 2, 2147483648, 0
95413, 203981206, 2, 2147483648, 0
95617, 204103438, 2, 2147483648, 0
95821, 203999562, 2, 2147483648, 0
96025, 203666633, 2, 2147483648, 0
96229, 204149390, 2, 2147483648, 0
96433, 204029846, 2, 2147483648, 0
96637, 204042182, 2, 2147483648, 0
96839, 202131250, 2, 2147483648, 0
97047, 207782635, 2, 2147483648, 0
97658, 610419673, 2, 2147483648, 0
97861, 203508880, 2, 2147483648, 0
98068, 206509835, 2, 2147483648, 0
98269, 201751794, 2, 2147483648, 0
98473, 203731592, 2, 2147483648, 0
98677, 204002826, 2, 2147483648, 0
98885, 208141921, 2, 2147483648, 0
99092, 206154515, 2, 2147483648, 0
99293, 201756665, 2, 2147483648, 0
99498, 204312511, 2, 2147483648, 0
99701, 203506748, 2, 2147483648, 0
99905, 204066259, 2, 2147483648, 0
100111, 205817189, 2, 2147483648, 0
100311, 200440861, 2, 2147483648, 0
100518, 206133380, 2, 2147483648, 0
101131, 613631754, 2, 2147483648, 0
101333, 201972381, 2, 2147483648, 0
101537, 204076679, 2, 2147483648, 0
101745, 207869083, 2, 2147483648, 0
101949, 204251250, 2, 2147483648, 0
102155, 205997493, 2, 2147483648, 0
102361, 205722932, 2, 2147483648, 0
102566, 204397777, 2, 2147483648, 0
102769, 203870985, 2, 2147483648, 0
102973, 204021963, 2, 2147483648, 0
103180, 206960021, 2, 2147483648, 0
103381, 200961076, 2, 2147483648, 0
103589, 207500123, 2, 2147483648, 0
103795, 206471575, 2, 2147483648, 0
104001, 206043614, 2, 2147483648, 0
104613, 611848435, 2, 2147483648, 0
104817, 204041581, 2, 2147483648, 0
105021, 203827987, 2, 2147483648, 0
105225, 204300357, 2, 2147483648, 0
105429, 203714713, 2, 2147483648, 0
105633, 203792173, 2, 2147483648, 0
105837, 203898394, 2, 2147483648, 0
106041, 204561950, 2, 2147483648, 0
106245, 203984549, 2, 2147483648, 0
106449, 203780270, 2, 2147483648, 0
106653, 203871052, 2, 2147483648, 0
106861, 208213029, 2, 2147483648, 0
107065, 204103089, 2, 2147483648, 0
107268, 202250477, 2, 2147483648, 0
107469, 201713527, 2, 2147483648, 0
108086, 616049784, 2, 2147483648, 0
108290, 204043947, 2, 2147483648, 0
108493, 203392463, 2, 2147483648, 0
108697, 204472236, 2, 2147483648, 0
108902, 204074748, 2, 2147483648, 0
109106, 203988901, 2, 2147483648, 0
109309, 203505927, 2, 2147483648, 0
109514, 204934473, 2, 2147483648, 0
109717, 203433497, 2, 2147483648, 0
109922, 204287950, 2, 2147483648, 0
110126, 203875071, 2, 2147483648, 0
110329, 203632429, 2, 2147483648, 0
110533, 204203534, 2, 2147483648, 0
110736, 202158239, 2, 2147483648, 0
110942, 205981634, 2, 2147483648, 0
111553, 611151020, 2, 2147483648, 0
111757, 204714938, 2, 2147483648, 0
111961, 203859990, 2, 2147483648, 0
112165, 203769906, 2, 2147483648, 0
112369, 204360498, 2, 2147483648, 0
112568, 198892605, 2, 2147483648, 0
112778, 209216465, 2, 2147483648, 0
112982, 203929616, 2, 2147483648, 0
113186, 203989848, 2, 2147483648, 0
113389, 203779580, 2, 2147483648, 0
113593, 204088388, 2, 2147483648, 0
113797, 203996152, 2, 2147483648, 0
114002, 204125886, 2, 2147483648, 0
114204, 202832957, 2, 2147483648, 0
114624, 419739996, 2, 2147483648, 0
114840, 215877835, 2, 2147483648, 0
115261, 421224450, 2, 2147483648, 0
115465, 204179483, 2, 2147483648, 0
115669, 204054951, 2, 2147483648, 0
115873, 203607623, 2, 2147483648, 0
116078, 204615384, 2, 2147483648, 0
116281, 203651088, 2, 2147483648, 0
116485, 204058990, 2, 2147483648, 0
116689, 203772464, 2, 2147483648, 0
116893, 203772420, 2, 2147483648, 0
117097, 204284848, 2, 2147483648, 0
117301, 203744498, 2, 2147483648, 0
117504, 203213264, 2, 2147483648, 0
117708, 203755391, 2, 2147483648, 0
118124, 415625580, 2, 2147483648, 0
118328, 203878187, 2, 2147483648, 0
118750, 422016339, 2, 2147483648, 0
118957, 207895134, 2, 2147483648, 0
119173, 215412038, 2, 2147483648, 0
119389, 216192848, 2, 2147483648, 0
119605, 216336364, 2, 2147483648, 0
119813, 207813300, 2, 2147483648, 0
120025, 212214902, 2, 2147483648, 0
120237, 212038919, 2, 2147483648, 0
120449, 211559689, 2, 2147483648, 0
120661, 212412427, 2, 2147483648, 0
120871, 209892559, 2, 2147483648, 0
121076, 204442281, 2, 2147483648, 0
121495, 419375100, 2, 2147483648, 0
121708, 212746905, 2, 2147483648, 0
122134, 425673012, 2, 2147483648, 0
122345, 211437763, 2, 2147483648, 0
122557, 212098046, 2, 2147483648, 0
122773, 216302042, 2, 2147483648, 0
122977, 203814706, 2, 2147483648, 0
123181, 203913192, 2, 2147483648, 0
123386, 204268536, 2, 2147483648, 0
123589, 203959440, 2, 2147483648, 0
123793, 203591685, 2, 2147483648, 0
123998, 204454151, 2, 2147483648, 0
124201, 203471975, 2, 2147483648, 0
124405, 204080423, 2, 2147483648, 0
124609, 204202692, 2, 2147483648, 0
124813, 203896591, 2, 2147483648, 0
125018, 204437955, 2, 2147483648, 0
125222, 203858536, 2, 2147483648, 0
125426, 204032650, 2, 2147483648, 0
125630, 204001632, 2, 2147483648, 0
125833, 203548085, 2, 2147483648, 0
126037, 204214309, 2, 2147483648, 0
126241, 204106016, 2, 2147483648, 0
126445, 204006587, 2, 2147483648, 0
126649, 203593825, 2, 2147483648, 0
126853, 204263507, 2, 2147483648, 0
127058, 204185263, 2, 2147483648, 0
127261, 203758989, 2, 2147483648, 0
127465, 204172199, 2, 2147483648, 0
127669, 203815083, 2, 2147483648, 0
127873, 204080007, 2, 2147483648, 0
128077, 203932553, 2, 2147483648, 0
128281, 203779409, 2, 2147483648, 0
128486, 204509571, 2, 2147483648, 0
128690, 203943177, 2, 2147483648, 0
128894, 204061233, 2, 2147483648, 0
129097, 203685620, 2, 2147483648, 0
129301, 203585211, 2, 2147483648, 0
129505, 204486361, 2, 2147483648, 0
129709, 203656085, 2, 2147483648, 0
129913, 204116230, 2, 2147483648, 0
130117, 204153731, 2, 2147483648, 0
130321, 204011686, 2, 2147483648, 0
130525, 203773129, 2, 2147483648, 0
130730, 204403719, 2, 2147483648, 0
130933, 203938099, 2, 2147483648, 0
131137, 203844089, 2, 2147483648, 0
131341, 204079290, 2, 2147483648, 0
131545, 203980889, 2, 2147483648, 0
131750, 204363780, 2, 2147483648, 0
131953, 203572785, 2, 2147483648, 0
132158, 204160892, 2, 2147483648, 0
132361, 203799254, 2, 2147483648, 0
132565, 203742656, 2, 2147483648, 0
132769, 204131077, 2, 2147483648, 0
132974, 204400778, 2, 2147483648, 0
133178, 203926918, 2, 2147483648, 0
133382, 204042368, 2, 2147483648, 0
133585, 203611277, 2, 2147483648, 0
133789, 204257347, 2, 2147483648, 0
133994, 204091887, 2, 2147483648, 0
134197, 203791689, 2, 2147483648, 0
134401, 204127505, 2, 2147483648, 0
134605, 203563318, 2, 2147483648, 0
134809, 204346799, 2, 2147483648, 0
135013, 203937980, 2, 2147483648, 0
135218, 204289426, 2, 2147483648, 0
135421, 203631187, 2, 2147483648, 0
135626, 204442875, 2, 2147483648, 0
135829, 203686665, 2, 2147483648, 0
136033, 203775137, 2, 2147483648, 0
136237, 204194748, 2, 2147483648, 0
136441, 203636083, 2, 2147483648, 0
136645, 204288460, 2, 2147483648, 0
136849, 203930760, 2, 2147483648, 0
137054, 204235705, 2, 2147483648, 0
137258, 204311947, 2, 2147483648, 0
137462, 203751491, 2, 2147483648, 0
137665, 203375535, 2, 2147483648, 0
137869, 204498948, 2, 2147483648, 0
138074, 204127509, 2, 2147483648, 0
138278, 204154951, 2, 2147483648, 0
138481, 203329597, 2, 2147483648, 0
138686, 204418894, 2, 2147483648, 0
138890, 204029461, 2, 2147483648, 0
139093, 203667311, 2, 2147483648, 0
139297, 204025594, 2, 2147483648, 0
139501, 203816814, 2, 2147483648, 0
139705, 204283292, 2, 2147483648, 0
139910, 204154520, 2, 2147483648, 0
140113, 203918202, 2, 2147483648, 0
140318, 204348019, 2, 2147483648, 0
140521, 203536762, 2, 2147483648, 0
140725, 203758039, 2, 2147483648, 0
140929, 204244947, 2, 2147483648, 0
141134, 204349776, 2, 2147483648, 0
141337, 203692200, 2, 2147483648, 0
141541, 203920151, 2, 2147483648, 0
141745, 203750437, 2, 2147483648, 0
141950, 204528794, 2, 2147483648, 0
142154, 203872056, 2, 2147483648, 0
142357, 203530443, 2, 2147483648, 0
142561, 204203225, 2, 2147483648, 0
142765, 204011743, 2, 2147483648, 0
142970, 204397703, 2, 2147483648, 0
143174, 204027250, 2, 2147483648, 0
143378, 203889406, 2, 2147483648, 0
143582, 204029594, 2, 2147483648, 0
143786, 203930664, 2, 2147483648, 0
143989, 203570992, 2, 2147483648, 0
144185, 195374244, 2, 2147483648, 0
144398, 213012019, 2, 2147483648, 0
144601, 203933053, 2, 2147483648, 0
144806, 204191029, 2, 2147483648, 0
145009, 203509957, 2, 2147483648, 0
145213, 204253598, 2, 2147483648, 0
145417, 203891837, 2, 2147483648, 0
145622, 204172703, 2, 2147483648, 0
145826, 204080947, 2, 2147483648, 0
146029, 203692766, 2, 2147483648, 0
146234, 204387625, 2, 2147483648, 0
146437, 203547910, 2, 2147483648, 0
146642, 205025427, 2, 2147483648, 0
146845, 202857219, 2, 2147483648, 0
147050, 204497445, 2, 2147483648, 0
147253, 203809934, 2, 2147483648, 0
147457, 203480916, 2, 2147483648, 0
147662, 204560107, 2, 2147483648, 0
147866, 204063212, 2, 2147483648, 0
148069, 203198015, 2, 2147483648, 0
148274, 204789438, 2, 2147483648, 0
148478, 204030318, 2, 2147483648, 0
148681, 203695896, 2, 2147483648, 0
148886, 204175355, 2, 2147483648, 0
149089, 203592480, 2, 2147483648, 0
149294, 204475496, 2, 2147483648, 0
149498, 203940659, 2, 2147483648, 0
149702, 204025101, 2, 2147483648, 0
149905, 203746557, 2, 2147483648, 0
150106, 200256135, 2, 2147483648, 0
