275, 275130890, 2, 2147483648, 0
1299, 1023887182, 2, 2147483648, 0
1639, 339899201, 2, 2147483648, 0
1978, 339761753, 2, 2147483648, 0
2318, 339689983, 2, 2147483648, 0
2659, 340537395, 2, 2147483648, 0
2998, 339847117, 2, 2147483648, 0
3339, 340404925, 2, 2147483648, 0
3681, 342609096, 2, 2147483648, 0
4019, 337353087, 2, 2147483648, 0
5043, 1023855356, 2, 2147483648, 0
5383, 339989756, 2, 2147483648, 0
5722, 339598598, 2, 2147483648, 0
6062, 339912332, 2, 2147483648, 0
6391, 328525194, 2, 2147483648, 0
6742, 351587881, 2, 2147483648, 0
7083, 340462872, 2, 2147483648, 0
7421, 338038043, 2, 2147483648, 0
7763, 342139935, 2, 2147483648, 0
8786, 1023102275, 2, 2147483648, 0
9131, 344498931, 2, 2147483648, 0
9471, 340031360, 2, 2147483648, 0
9818, 347834835, 2, 2147483648, 0
10170, 352039463, 2, 2147483648, 0
10511, 340146040, 2, 2147483648, 0
10862, 351664584, 2, 2147483648, 0
11202, 339309214, 2, 2147483648, 0
11539, 337348202, 2, 2147483648, 0
12563, 1023593602, 2, 2147483648, 0
12903, 339951391, 2, 2147483648, 0
13243, 340140590, 2, 2147483648, 0
13583, 340050027, 2, 2147483648, 0
13923, 339900140, 2, 2147483648, 0
14262, 339291534, 2, 2147483648, 0
14603, 340691705, 2, 2147483648, 0
14941, 338568051, 2, 2147483648, 0
15279, 337763783, 2, 2147483648, 0
16303, 1023569661, 2, 2147483648, 0
16643, 340177602, 2, 2147483648, 0
16982, 339651783, 2, 2147483648, 0
17322, 340079279, 2, 2147483648, 0
17662, 339974372, 2, 2147483648, 0
18007, 344101069, 2, 2147483648, 0
18346, 339693925, 2, 2147483648, 0
18685, 338459876, 2, 2147483648, 0
19027, 341841468, 2, 2147483648, 0
20047, 1020009201, 2, 2147483648, 0
20387, 340119707, 2, 2147483648, 0
20727, 339927882, 2, 2147483648, 0
21066, 339381846, 2, 2147483648, 0
21407, 340649549, 2, 2147483648, 0
21747, 340142663, 2, 2147483648, 0
22094, 347617857, 2, 2147483648, 0
22437, 342421978, 2, 2147483648, 0
22783, 345668349, 2, 2147483648, 0
23826, 1043615191, 2, 2147483648, 0
24174, 348126325, 2, 2147483648, 0
24519, 344181405, 2, 2147483648, 0
24859, 340234473, 2, 2147483648, 0
25199, 340081897, 2, 2147483648, 0
25538, 339589224, 2, 2147483648, 0
25879, 340228752, 2, 2147483648, 0
26217, 338607284, 2, 2147483648, 0
26562, 345197303, 2, 2147483648, 0
27579, 1016124433, 2, 2147483648, 0
27918, 339814228, 2, 2147483648, 0
28258, 339706928, 2, 2147483648, 0
28599, 340462416, 2, 2147483648, 0
28939, 339922862, 2, 2147483648, 0
29275, 336256807, 2, 2147483648, 0
29618, 343624516, 2, 2147483648, 0
29957, 338914095, 2, 2147483648, 0
30295, 337310120, 2, 2147483648, 0
31318, 1023664477, 2, 2147483648, 0
31659, 340151739, 2, 2147483648, 0
31999, 340221211, 2, 2147483648, 0
32338, 339456686, 2, 2147483648, 0
32679, 340454500, 2, 2147483648, 0
33018, 339801729, 2, 2147483648, 0
33359, 340443159, 2, 2147483648, 0
33697, 338044812, 2, 2147483648, 0
34035, 337598778, 2, 2147483648, 0
35063, 1028006643, 2, 2147483648, 0
35403, 339913263, 2, 2147483648, 0
35742, 339913101, 2, 2147483648, 0
36082, 339919185, 2, 2147483648, 0
36422, 339684870, 2, 2147483648, 0
36763, 340522877, 2, 2147483648, 0
37103, 340051697, 2, 2147483648, 0
37441, 338632059, 2, 2147483648, 0
37779, 337548336, 2, 2147483648, 0
38802, 1023613869, 2, 2147483648, 0
39143, 340305284, 2, 2147483648, 0
39483, 339864624, 2, 2147483648, 0
39822, 339627961, 2, 2147483648, 0
40163, 340448407, 2, 2147483648, 0
40503, 339947637, 2, 2147483648, 0
40842, 339637288, 2, 2147483648, 0
41181, 338299974, 2, 2147483648, 0
41519, 337926507, 2, 2147483648, 0
42543, 1024067725, 2, 2147483648, 0
42882, 339878810, 2, 2147483648, 0
43222, 339818482, 2, 2147483648, 0
43562, 340096544, 2, 2147483648, 0
43903, 340280221, 2, 2147483648, 0
44247, 343847932, 2, 2147483648, 0
44587, 340000583, 2, 2147483648, 0
44925, 338340740, 2, 2147483648, 0
45263, 337771580, 2, 2147483648, 0
46287, 1024099873, 2, 2147483648, 0
46626, 339606873, 2, 2147483648, 0
46966, 340059606, 2, 2147483648, 0
47307, 340324980, 2, 2147483648, 0
47646, 339551819, 2, 2147483648, 0
47986, 339587741, 2, 2147483648, 0
48327, 340798502, 2, 2147483648, 0
48664, 337739439, 2, 2147483648, 0
49007, 342101987, 2, 2147483648, 0
50026, 1019770566, 2, 2147483648, 0
50366, 339758721, 2, 2147483648, 0
50711, 344470800, 2, 2147483648, 0
51050, 339890777, 2, 2147483648, 0
51398, 347671493, 2, 2147483648, 0
51739, 340600042, 2, 2147483648, 0
52079, 339919137, 2, 2147483648, 0
52417, 338454078, 2, 2147483648, 0
52755, 337590675, 2, 2147483648, 0
53782, 1027416748, 2, 2147483648, 0
54122, 340249651, 2, 2147483648, 0
54462, 340100083, 2, 2147483648, 0
54802, 339708852, 2, 2147483648, 0
55142, 339834706, 2, 2147483648, 0
55483, 340498040, 2, 2147483648, 0
55822, 339798365, 2, 2147483648, 0
56161, 338371151, 2, 2147483648, 0
56503, 341807296, 2, 2147483648, 0
57527, 1024171847, 2, 2147483648, 0
57867, 339883735, 2, 2147483648, 0
58207, 340021522, 2, 2147483648, 0
58547, 339931874, 2, 2147483648, 0
58887, 340258725, 2, 2147483648, 0
59226, 339397158, 2, 2147483648, 0
59566, 340259232, 2, 2147483648, 0
59905, 338900407, 2, 2147483648, 0
60243, 337341556, 2, 2147483648, 0
61271, 1027788521, 2, 2147483648, 0
61615, 344020299, 2, 2147483648, 0
61967, 351954439, 2, 2147483648, 0
62307, 340162568, 2, 2147483648, 0
62651, 343976122, 2, 2147483648, 0
62990, 339779254, 2, 2147483648, 0
63338, 347704501, 2, 2147483648, 0
63677, 338917683, 2, 2147483648, 0
64015, 337639432, 2, 2147483648, 0
65039, 1023915321, 2, 2147483648, 0
65379, 340073021, 2, 2147483648, 0
65719, 339936764, 2, 2147483648, 0
66059, 339836512, 2, 2147483648, 0
66402, 343777010, 2, 2147483648, 0
66743, 340358905, 2, 2147483648, 0
67087, 343913868, 2, 2147483648, 0
67429, 342429642, 2, 2147483648, 0
67767, 337662053, 2, 2147483648, 0
68790, 1023762180, 2, 2147483648, 0
69131, 340136604, 2, 2147483648, 0
69470, 339848111, 2, 2147483648, 0
69811, 340116692, 2, 2147483648, 0
70154, 343810646, 2, 2147483648, 0
70495, 340254135, 2, 2147483648, 0
70834, 339273073, 2, 2147483648, 0
71173, 338644728, 2, 2147483648, 0
71515, 341937761, 2, 2147483648, 0
72535, 1020102320, 2, 2147483648, 0
72874, 339660793, 2, 2147483648, 0
73214, 339794273, 2, 2147483648, 0
73558, 344219175, 2, 2147483648, 0
73899, 340227866, 2, 2147483648, 0
74238, 339686427, 2, 2147483648, 0
74579, 340268620, 2, 2147483648, 0
74917, 338272264, 2, 2147483648, 0
75255, 337711981, 2, 2147483648, 0
76278, 1023583882, 2, 2147483648, 0
76619, 340508577, 2, 2147483648, 0
76963, 344056811, 2, 2147483648, 0
77302, 339589350, 2, 2147483648, 0
77643, 340468796, 2, 2147483648, 0
77982, 339482372, 2, 2147483648, 0
78323, 340319622, 2, 2147483648, 0
78661, 338249035, 2, 2147483648, 0
78999, 337683479, 2, 2147483648, 0
80031, 1032085154, 2, 2147483648, 0
80379, 347863735, 2, 2147483648, 0
80719, 340105529, 2, 2147483648, 0
81059, 339860731, 2, 2147483648, 0
81399, 340345672, 2, 2147483648, 0
81738, 339525858, 2, 2147483648, 0
82078, 339738864, 2, 2147483648, 0
82417, 338428490, 2, 2147483648, 0
82759, 342429603, 2, 2147483648, 0
83779, 1019744026, 2, 2147483648, 0
84118, 339556509, 2, 2147483648, 0
84463, 344198948, 2, 2147483648, 0
84790, 327088089, 2, 2147483648, 0
85151, 360945145, 2, 2147483648, 0
85490, 339793966, 2, 2147483648, 0
85831, 340204227, 2, 2147483648, 0
86169, 338481078, 2, 2147483648, 0
86507, 337542732, 2, 2147483648, 0
87531, 1023936570, 2, 2147483648, 0
87871, 339945904, 2, 2147483648, 0
88211, 340209789, 2, 2147483648, 0
88554, 343590308, 2, 2147483648, 0
88894, 339980236, 2, 2147483648, 0
89235, 340322733, 2, 2147483648, 0
89574, 339503801, 2, 2147483648, 0
89913, 338897163, 2, 2147483648, 0
90251, 337875227, 2, 2147483648, 0
91274, 1023314997, 2, 2147483648, 0
91614, 340095979, 2, 2147483648, 0
91954, 339958437, 2, 2147483648, 0
92295, 340379716, 2, 2147483648, 0
92634, 339698296, 2, 2147483648, 0
92975, 340042457, 2, 2147483648, 0
93315, 340203476, 2, 2147483648, 0
93653, 337883429, 2, 2147483648, 0
93995, 342161167, 2, 2147483648, 0
95014, 1019429581, 2, 2147483648, 0
95354, 340214156, 2, 2147483648, 0
95694, 339797413, 2, 2147483648, 0
96035, 340497398, 2, 2147483648, 0
96374, 339478289, 2, 2147483648, 0
96714, 340005843, 2, 2147483648, 0
97058, 343824409, 2, 2147483648, 0
97397, 338479013, 2, 2147483648, 0
97739, 342274086, 2, 2147483648, 0
98758, 1019565886, 2, 2147483648, 0
99099, 340112041, 2, 2147483648, 0
99438, 339717114, 2, 2147483648, 0
99778, 340164799, 2, 2147483648, 0
100119, 340218817, 2, 2147483648, 0
100458, 339671134, 2, 2147483648, 0
100799, 340318596, 2, 2147483648, 0
101137, 338404294, 2, 2147483648, 0
101475, 337787485, 2, 2147483648, 0
102498, 1023596668, 2, 2147483648, 0
102838, 340070120, 2, 2147483648, 0
103179, 340500370, 2, 2147483648, 0
103518, 339420681, 2, 2147483648, 0
103858, 339953740, 2, 2147483648, 0
104199, 340338888, 2, 2147483648, 0
104539, 340002787, 2, 2147483648, 0
104877, 338557527, 2, 2147483648, 0
105215, 337490437, 2, 2147483648, 0
106238, 1023466140, 2, 2147483648, 0
106578, 340210521, 2, 2147483648, 0
106919, 340210212, 2, 2147483648, 0
107259, 339850959, 2, 2147483648, 0
107599, 340069907, 2, 2147483648, 0
107938, 339740678, 2, 2147483648, 0
108287, 348244267, 2, 2147483648, 0
108625, 338079528, 2, 2147483648, 0
108963, 338079225, 2, 2147483648, 0
109987, 1024009633, 2, 2147483648, 0
110327, 339755170, 2, 2147483648, 0
110666, 339735938, 2, 2147483648, 0
111006, 339865345, 2, 2147483648, 0
111347, 340717513, 2, 2147483648, 0
111687, 339747679, 2, 2147483648, 0
112035, 348356531, 2, 2147483648, 0
112377, 342425955, 2, 2147483648, 0
112715, 337263111, 2, 2147483648, 0
113738, 1023823118, 2, 2147483648, 0
114079, 340080865, 2, 2147483648, 0
114418, 339930283, 2, 2147483648, 0
114766, 347768945, 2, 2147483648, 0
115110, 344156551, 2, 2147483648, 0
115451, 340246024, 2, 2147483648, 0
115791, 339888323, 2, 2147483648, 0
116129, 338277101, 2, 2147483648, 0
116467, 337872175, 2, 2147483648, 0
117491, 1023925952, 2, 2147483648, 0
117830, 339622265, 2, 2147483648, 0
118178, 348067329, 2, 2147483648, 0
118523, 344144234, 2, 2147483648, 0
118865, 342345412, 2, 2147483648, 0
119203, 337693431, 2, 2147483648, 0
119542, 339860707, 2, 2147483648, 0
119883, 340938927, 2, 2147483648, 0
120223, 339194531, 2, 2147483648, 0
121243, 1020225004, 2, 2147483648, 0
121583, 339901749, 2, 2147483648, 0
121925, 342121442, 2, 2147483648, 0
122263, 337703264, 2, 2147483648, 0
122603, 340154054, 2, 2147483648, 0
122949, 346193729, 2, 2147483648, 0
123287, 337799816, 2, 2147483648, 0
123625, 338361274, 2, 2147483648, 0
123965, 339593251, 2, 2147483648, 0
124989, 1024106331, 2, 2147483648, 0
125326, 337232848, 2, 2147483648, 0
125667, 340516655, 2, 2147483648, 0
126016, 349514102, 2, 2147483648, 0
126355, 338700058, 2, 2147483648, 0
126694, 339448580, 2, 2147483648, 0
127036, 342017858, 2, 2147483648, 0
127373, 336785673, 2, 2147483648, 0
127711, 337677097, 2, 2147483648, 0
128735, 1023818501, 2, 2147483648, 0
129076, 341677085, 2, 2147483648, 0
129415, 338569619, 2, 2147483648, 0
129754, 339675490, 2, 2147483648, 0
130096, 341737125, 2, 2147483648, 0
130439, 342251791, 2, 2147483648, 0
130782, 343514818, 2, 2147483648, 0
131120, 338458384, 2, 2147483648, 0
131462, 341963197, 2, 2147483648, 0
132483, 1020250924, 2, 2147483648, 0
132823, 339994507, 2, 2147483648, 0
133163, 339968227, 2, 2147483648, 0
133503, 340014573, 2, 2147483648, 0
133847, 343985593, 2, 2147483648, 0
134187, 339960036, 2, 2147483648, 0
134526, 339685634, 2, 2147483648, 0
134865, 338717059, 2, 2147483648, 0
135203, 337611409, 2, 2147483648, 0
136227, 1024002419, 2, 2147483648, 0
136567, 339937191, 2, 2147483648, 0
136907, 340002108, 2, 2147483648, 0
137246, 339709595, 2, 2147483648, 0
137587, 340462271, 2, 2147483648, 0
137930, 343627092, 2, 2147483648, 0
138271, 340122496, 2, 2147483648, 0
138611, 340368830, 2, 2147483648, 0
139289, 678025133, 2, 2147483648, 0
139971, 681699413, 2, 2147483648, 0
140314, 343689472, 2, 2147483648, 0
140655, 340317763, 2, 2147483648, 0
140995, 340005458, 2, 2147483648, 0
141335, 339978471, 2, 2147483648, 0
141675, 340017216, 2, 2147483648, 0
142013, 338482652, 2, 2147483648, 0
142353, 339520651, 2, 2147483648, 0
143033, 680488089, 2, 2147483648, 0
143373, 339863818, 2, 2147483648, 0
144058, 685376342, 2, 2147483648, 0
144403, 344516626, 2, 2147483648, 0
144743, 339625222, 2, 2147483648, 0
145083, 340044056, 2, 2147483648, 0
145423, 340008372, 2, 2147483648, 0
145761, 338608673, 2, 2147483648, 0
146443, 681520343, 2, 2147483648, 0
146781, 337795187, 2, 2147483648, 0
147121, 340021907, 2, 2147483648, 0
147803, 681892323, 2, 2147483648, 0
148147, 343997854, 2, 2147483648, 0
148487, 339929847, 2, 2147483648, 0
148827, 340149618, 2, 2147483648, 0
149165, 338498242, 2, 2147483648, 0
149509, 343912398, 2, 2147483648, 0
150194, 685363733, 2, 2147483648, 0
150533, 338917987, 2, 2147483648, 0
150873, 339087867, 2, 2147483648, 0
151555, 682380011, 2, 2147483648, 0
151895, 339635098, 2, 2147483648, 0
152235, 340171194, 2, 2147483648, 0
152574, 339340750, 2, 2147483648, 0
152913, 339083507, 2, 2147483648, 0
153253, 339223000, 2, 2147483648, 0
153938, 685897131, 2, 2147483648, 0
154278, 339116744, 2, 2147483648, 0
154617, 339071222, 2, 2147483648, 0
155299, 682146667, 2, 2147483648, 0
155639, 339728346, 2, 2147483648, 0
155978, 339568124, 2, 2147483648, 0
156327, 348356104, 2, 2147483648, 0
156681, 354342150, 2, 2147483648, 0
157041, 360332102, 2, 2147483648, 0
157739, 697350470, 2, 2147483648, 0
158077, 338065799, 2, 2147483648, 0
158417, 340479792, 2, 2147483648, 0
159098, 681170580, 2, 2147483648, 0
159446, 348102008, 2, 2147483648, 0
159787, 340224837, 2, 2147483648, 0
160127, 339633057, 2, 2147483648, 0
160465, 338363392, 2, 2147483648, 0
160805, 339662060, 2, 2147483648, 0
161487, 682517352, 2, 2147483648, 0
161826, 339386583, 2, 2147483648, 0
162167, 340100570, 2, 2147483648, 0
162513, 346328189, 2, 2147483648, 0
162866, 352699611, 2, 2147483648, 0
163551, 685098796, 2, 2147483648, 0
163893, 341877745, 2, 2147483648, 0
164229, 336527089, 2, 2147483648, 0
164569, 340188204, 2, 2147483648, 0
165251, 681349744, 2, 2147483648, 0
165591, 340221716, 2, 2147483648, 0
165931, 340095530, 2, 2147483648, 0
166267, 335715568, 2, 2147483648, 0
