1149, 1149862408, 2, 2147483648, 0
1557, 407676060, 2, 2147483648, 0
1965, 407854134, 2, 2147483648, 0
2373, 408049848, 2, 2147483648, 0
2781, 407931670, 2, 2147483648, 0
3189, 408128352, 2, 2147483648, 0
4008, 818620260, 2, 2147483648, 0
4416, 407806598, 2, 2147483648, 0
5233, 817017753, 2, 2147483648, 0
5641, 408452128, 2, 2147483648, 0
6053, 411972059, 2, 2147483648, 0
6459, 405919117, 2, 2147483648, 0
6868, 408891818, 2, 2147483648, 0
7683, 815041101, 2, 2147483648, 0
8083, 399719675, 2, 2147483648, 0
8909, 826152205, 2, 2147483648, 0
9317, 408378435, 2, 2147483648, 0
9725, 407755405, 2, 2147483648, 0
10132, 406570024, 2, 2147483648, 0
10540, 408135955, 2, 2147483648, 0
11355, 815697859, 2, 2147483648, 0
11763, 407972682, 2, 2147483648, 0
12585, 821331429, 2, 2147483648, 0
12997, 411821599, 2, 2147483648, 0
13405, 408255113, 2, 2147483648, 0
13812, 406482307, 2, 2147483648, 0
14219, 407240557, 2, 2147483648, 0
15036, 816881172, 2, 2147483648, 0
15443, 407357485, 2, 2147483648, 0
16261, 817947677, 2, 2147483648, 0
16669, 408266007, 2, 2147483648, 0
17077, 407770153, 2, 2147483648, 0
17484, 406860260, 2, 2147483648, 0
17891, 407327202, 2, 2147483648, 0
18708, 816505746, 2, 2147483648, 0
19116, 407726025, 2, 2147483648, 0
19937, 821609415, 2, 2147483648, 0
20345, 407911295, 2, 2147483648, 0
20753, 407951869, 2, 2147483648, 0
21161, 407937146, 2, 2147483648, 0
21977, 815979315, 2, 2147483648, 0
22385, 407810420, 2, 2147483648, 0
22791, 406401053, 2, 2147483648, 0
23203, 411970514, 2, 2147483648, 0
24033, 829943422, 2, 2147483648, 0
24440, 406838475, 2, 2147483648, 0
24847, 407088454, 2, 2147483648, 0
25665, 818335882, 2, 2147483648, 0
26073, 407498150, 2, 2147483648, 0
26479, 406527731, 2, 2147483648, 0
26887, 408001363, 2, 2147483648, 0
27709, 821636565, 2, 2147483648, 0
28116, 406851976, 2, 2147483648, 0
28524, 407807365, 2, 2147483648, 0
29345, 821237293, 2, 2147483648, 0
29753, 407886012, 2, 2147483648, 0
30159, 406316871, 2, 2147483648, 0
30568, 408558037, 2, 2147483648, 0
31389, 820978036, 2, 2147483648, 0
31796, 406952447, 2, 2147483648, 0
32204, 407926909, 2, 2147483648, 0
33025, 821532605, 2, 2147483648, 0
33433, 407698005, 2, 2147483648, 0
33840, 406618953, 2, 2147483648, 0
34248, 408115515, 2, 2147483648, 0
35065, 817506625, 2, 2147483648, 0
35472, 406663070, 2, 2147483648, 0
35880, 407954577, 2, 2147483648, 0
36697, 817065529, 2, 2147483648, 0
37111, 413996173, 2, 2147483648, 0
37524, 413115200, 2, 2147483648, 0
37931, 407171320, 2, 2147483648, 0
38757, 825820735, 2, 2147483648, 0
39163, 406189940, 2, 2147483648, 0
39571, 408084506, 2, 2147483648, 0
40389, 818105676, 2, 2147483648, 0
40801, 411651653, 2, 2147483648, 0
41212, 411023013, 2, 2147483648, 0
41619, 407231591, 2, 2147483648, 0
42437, 817675017, 2, 2147483648, 0
42844, 406542360, 2, 2147483648, 0
43252, 408185972, 2, 2147483648, 0
44069, 817163106, 2, 2147483648, 0
44486, 416837909, 2, 2147483648, 0
44891, 405312121, 2, 2147483648, 0
45311, 420377298, 2, 2147483648, 0
46145, 833193377, 2, 2147483648, 0
46556, 411022310, 2, 2147483648, 0
46964, 408332801, 2, 2147483648, 0
47780, 816324654, 2, 2147483648, 0
48189, 408519018, 2, 2147483648, 0
48599, 410109573, 2, 2147483648, 0
49032, 432785740, 2, 2147483648, 0
49873, 841258858, 2, 2147483648, 0
50279, 405978716, 2, 2147483648, 0
50688, 408545089, 2, 2147483648, 0
51512, 824164234, 2, 2147483648, 0
51921, 409097326, 2, 2147483648, 0
52327, 406510573, 2, 2147483648, 0
52736, 408325023, 2, 2147483648, 0
53557, 820955521, 2, 2147483648, 0
53964, 406948759, 2, 2147483648, 0
54372, 408113978, 2, 2147483648, 0
55197, 824998564, 2, 2147483648, 0
55609, 412411758, 2, 2147483648, 0
56016, 406274936, 2, 2147483648, 0
56423, 407663100, 2, 2147483648, 0
57241, 817469676, 2, 2147483648, 0
57653, 412173126, 2, 2147483648, 0
58067, 414263630, 2, 2147483648, 0
58479, 412085733, 2, 2147483648, 0
59309, 829750853, 2, 2147483648, 0
59716, 406295576, 2, 2147483648, 0
60533, 817081247, 2, 2147483648, 0
60941, 408329419, 2, 2147483648, 0
61349, 407803339, 2, 2147483648, 0
61757, 407984710, 2, 2147483648, 0
62573, 816566658, 2, 2147483648, 0
62981, 407510554, 2, 2147483648, 0
63387, 406102732, 2, 2147483648, 0
63796, 408781887, 2, 2147483648, 0
64613, 817490077, 2, 2147483648, 0
65023, 409684515, 2, 2147483648, 0
65432, 408728001, 2, 2147483648, 0
66249, 817410095, 2, 2147483648, 0
66657, 407532711, 2, 2147483648, 0
67065, 408769725, 2, 2147483648, 0
67472, 406356730, 2, 2147483648, 0
67880, 407812958, 2, 2147483648, 0
68705, 825561670, 2, 2147483648, 0
69112, 406546689, 2, 2147483648, 0
69520, 407900723, 2, 2147483648, 0
70337, 817571888, 2, 2147483648, 0
70753, 415454702, 2, 2147483648, 0
71163, 410426335, 2, 2147483648, 0
71572, 408643379, 2, 2147483648, 0
72389, 817160249, 2, 2147483648, 0
72797, 407829614, 2, 2147483648, 0
73203, 406337433, 2, 2147483648, 0
73612, 408808639, 2, 2147483648, 0
74429, 817240865, 2, 2147483648, 0
74835, 405802467, 2, 2147483648, 0
75243, 408342955, 2, 2147483648, 0
76069, 825719538, 2, 2147483648, 0
76477, 407958470, 2, 2147483648, 0
76884, 406719534, 2, 2147483648, 0
77292, 407823761, 2, 2147483648, 0
78109, 817497696, 2, 2147483648, 0
78515, 406116311, 2, 2147483648, 0
78923, 407975133, 2, 2147483648, 0
79741, 817833521, 2, 2147483648, 0
80149, 407996146, 2, 2147483648, 0
80556, 406931763, 2, 2147483648, 0
80963, 406946424, 2, 2147483648, 0
81781, 818364232, 2, 2147483648, 0
82187, 405897413, 2, 2147483648, 0
82596, 408352811, 2, 2147483648, 0
83413, 817777162, 2, 2147483648, 0
83821, 407683249, 2, 2147483648, 0
84227, 406046892, 2, 2147483648, 0
84660, 432853792, 2, 2147483648, 0
85495, 835069286, 2, 2147483648, 0
85903, 408117377, 2, 2147483648, 0
86312, 408539568, 2, 2147483648, 0
87129, 817585675, 2, 2147483648, 0
87539, 410022282, 2, 2147483648, 0
87948, 408580395, 2, 2147483648, 0
88379, 431399234, 2, 2147483648, 0
89221, 841829912, 2, 2147483648, 0
89628, 406647316, 2, 2147483648, 0
90036, 408082242, 2, 2147483648, 0
90853, 817041670, 2, 2147483648, 0
91261, 408269768, 2, 2147483648, 0
91667, 406174526, 2, 2147483648, 0
92076, 408183111, 2, 2147483648, 0
92893, 817714919, 2, 2147483648, 0
93305, 411980974, 2, 2147483648, 0
93712, 406703415, 2, 2147483648, 0
94119, 407120012, 2, 2147483648, 0
94937, 817695073, 2, 2147483648, 0
95348, 411142191, 2, 2147483648, 0
95760, 411803733, 2, 2147483648, 0
96581, 821134499, 2, 2147483648, 0
96989, 408284018, 2, 2147483648, 0
97397, 408002633, 2, 2147483648, 0
97803, 406240983, 2, 2147483648, 0
98212, 408429805, 2, 2147483648, 0
99029, 817155745, 2, 2147483648, 0
99440, 410592839, 2, 2147483648, 0
99852, 412351765, 2, 2147483648, 0
100669, 816635516, 2, 2147483648, 0
101077, 408574218, 2, 2147483648, 0
101484, 406411921, 2, 2147483648, 0
101891, 407505241, 2, 2147483648, 0
102709, 818113365, 2, 2147483648, 0
103115, 406019320, 2, 2147483648, 0
103524, 408343052, 2, 2147483648, 0
104345, 821449143, 2, 2147483648, 0
104753, 408059791, 2, 2147483648, 0
105161, 407871680, 2, 2147483648, 0
105567, 406172274, 2, 2147483648, 0
105976, 408629211, 2, 2147483648, 0
106787, 811048594, 2, 2147483648, 0
107228, 440957058, 2, 2147483648, 0
108077, 849229668, 2, 2147483648, 0
108485, 407971372, 2, 2147483648, 0
108893, 408006586, 2, 2147483648, 0
109299, 405935308, 2, 2147483648, 0
109708, 408656645, 2, 2147483648, 0
110523, 815463751, 2, 2147483648, 0
110931, 407612501, 2, 2147483648, 0
111749, 818228840, 2, 2147483648, 0
112161, 412027099, 2, 2147483648, 0
112569, 408081982, 2, 2147483648, 0
112979, 410246927, 2, 2147483648, 0
113387, 408030490, 2, 2147483648, 0
114203, 815750737, 2, 2147483648, 0
114611, 407964906, 2, 2147483648, 0
115429, 817408323, 2, 2147483648, 0
115837, 408173850, 2, 2147483648, 0
116245, 408522826, 2, 2147483648, 0
116652, 406563786, 2, 2147483648, 0
117059, 407580105, 2, 2147483648, 0
117876, 816802105, 2, 2147483648, 0
118283, 406973344, 2, 2147483648, 0
119101, 817767454, 2, 2147483648, 0
119509, 408164127, 2, 2147483648, 0
119917, 408174738, 2, 2147483648, 0
120325, 407551896, 2, 2147483648, 0
120731, 406159251, 2, 2147483648, 0
121139, 408363953, 2, 2147483648, 0
121956, 816393857, 2, 2147483648, 0
122773, 817317183, 2, 2147483648, 0
123181, 407691082, 2, 2147483648, 0
123589, 408422309, 2, 2147483648, 0
123997, 407766305, 2, 2147483648, 0
124409, 411965246, 2, 2147483648, 0
124815, 406212234, 2, 2147483648, 0
125223, 407331812, 2, 2147483648, 0
126449, 1226679867, 2, 2147483648, 0
126861, 411790232, 2, 2147483648, 0
127269, 408014965, 2, 2147483648, 0
127677, 407912323, 2, 2147483648, 0
128085, 407933880, 2, 2147483648, 0
128493, 407969506, 2, 2147483648, 0
128899, 406424105, 2, 2147483648, 0
129313, 414028997, 2, 2147483648, 0
130537, 1223534151, 2, 2147483648, 0
130945, 408045930, 2, 2147483648, 0
131361, 416135223, 2, 2147483648, 0
131769, 408215589, 2, 2147483648, 0
132177, 407504612, 2, 2147483648, 0
132585, 408159208, 2, 2147483648, 0
132991, 406068301, 2, 2147483648, 0
133397, 405852853, 2, 2147483648, 0
134626, 1228200851, 2, 2147483648, 0
135033, 407560728, 2, 2147483648, 0
135441, 408079680, 2, 2147483648, 0
135857, 415814472, 2, 2147483648, 0
136265, 407988383, 2, 2147483648, 0
136677, 411448244, 2, 2147483648, 0
137083, 406534711, 2, 2147483648, 0
137491, 408234728, 2, 2147483648, 0
138721, 1229791256, 2, 2147483648, 0
139129, 407958859, 2, 2147483648, 0
139539, 409947992, 2, 2147483648, 0
139953, 413608132, 2, 2147483648, 0
140361, 408356799, 2, 2147483648, 0
140769, 408163436, 2, 2147483648, 0
141175, 405984494, 2, 2147483648, 0
141585, 409857748, 2, 2147483648, 0
142809, 1224175812, 2, 2147483648, 0
143221, 411899789, 2, 2147483648, 0
143629, 407931955, 2, 2147483648, 0
144037, 407910072, 2, 2147483648, 0
144445, 408103176, 2, 2147483648, 0
144853, 407879081, 2, 2147483648, 0
145264, 410530310, 2, 2147483648, 0
145673, 409604331, 2, 2147483648, 0
146905, 1231783050, 2, 2147483648, 0
147317, 412362048, 2, 2147483648, 0
147725, 407933003, 2, 2147483648, 0
148133, 407894826, 2, 2147483648, 0
148541, 408052055, 2, 2147483648, 0
148949, 407690855, 2, 2147483648, 0
149356, 406673535, 2, 2147483648, 0
149765, 409697832, 2, 2147483648, 0
150989, 1223581990, 2, 2147483648, 0
151397, 408356952, 2, 2147483648, 0
151805, 407987253, 2, 2147483648, 0
152213, 408232881, 2, 2147483648, 0
152621, 407549076, 2, 2147483648, 0
153033, 411563609, 2, 2147483648, 0
153439, 406412870, 2, 2147483648, 0
153845, 406205004, 2, 2147483648, 0
155073, 1228172909, 2, 2147483648, 0
155485, 411620207, 2, 2147483648, 0
155893, 408181348, 2, 2147483648, 0
156301, 408126499, 2, 2147483648, 0
156709, 407820520, 2, 2147483648, 0
157117, 408226481, 2, 2147483648, 0
157524, 406275695, 2, 2147483648, 0
157933, 409582982, 2, 2147483648, 0
159157, 1223526940, 2, 2147483648, 0
159566, 409049018, 2, 2147483648, 0
159974, 408172983, 2, 2147483648, 0
160382, 407457743, 2, 2147483648, 0
160789, 407656172, 2, 2147483648, 0
161197, 407763091, 2, 2147483648, 0
161604, 406954247, 2, 2147483648, 0
162419, 815454167, 2, 2147483648, 0
162828, 408199577, 2, 2147483648, 0
163645, 817327446, 2, 2147483648, 0
164053, 407942344, 2, 2147483648, 0
164461, 407886082, 2, 2147483648, 0
164867, 406699711, 2, 2147483648, 0
165276, 408603617, 2, 2147483648, 0
166093, 816999325, 2, 2147483648, 0
166500, 406664054, 2, 2147483648, 0
166907, 407557172, 2, 2147483648, 0
167725, 817454415, 2, 2147483648, 0
168137, 412247975, 2, 2147483648, 0
168549, 411832048, 2, 2147483648, 0
168957, 408297481, 2, 2147483648, 0
169365, 408301513, 2, 2147483648, 0
169773, 407728013, 2, 2147483648, 0
170182, 409179872, 2, 2147483648, 0
170590, 407351922, 2, 2147483648, 0
