198, 198067528, 2, 2147483648, 0
611, 413047363, 2, 2147483648, 0
815, 204379150, 2, 2147483648, 0
1019, 203949061, 2, 2147483648, 0
1223, 203502514, 2, 2147483648, 0
1427, 204195134, 2, 2147483648, 0
1631, 203813134, 2, 2147483648, 0
1843, 212027778, 2, 2147483648, 0
2054, 211906005, 2, 2147483648, 0
2259, 204223728, 2, 2147483648, 0
2463, 204034738, 2, 2147483648, 0
2675, 211865303, 2, 2147483648, 0
2879, 204115065, 2, 2147483648, 0
3081, 202183786, 2, 2147483648, 0
3280, 199109338, 2, 2147483648, 0
3693, 413277551, 2, 2147483648, 0
3897, 203534667, 2, 2147483648, 0
4306, 409413711, 2, 2147483648, 0
4510, 204199453, 2, 2147483648, 0
4718, 207960658, 2, 2147483648, 0
4926, 207732673, 2, 2147483648, 0
5131, 204357515, 2, 2147483648, 0
5334, 203927902, 2, 2147483648, 0
5539, 204114585, 2, 2147483648, 0
5742, 203661219, 2, 2147483648, 0
5946, 204213461, 2, 2147483648, 0
6155, 208170715, 2, 2147483648, 0
6358, 203573968, 2, 2147483648, 0
6561, 203061274, 2, 2147483648, 0
6765, 203842507, 2, 2147483648, 0
7174, 408432213, 2, 2147483648, 0
7378, 204086788, 2, 2147483648, 0
7787, 409060866, 2, 2147483648, 0
7991, 203925598, 2, 2147483648, 0
8194, 203862791, 2, 2147483648, 0
8399, 204254485, 2, 2147483648, 0
8602, 203645869, 2, 2147483648, 0
8806, 204062971, 2, 2147483648, 0
9011, 204329443, 2, 2147483648, 0
9215, 203717752, 2, 2147483648, 0
9419, 204293749, 2, 2147483648, 0
9623, 203884320, 2, 2147483648, 0
9827, 204034358, 2, 2147483648, 0
10029, 202157499, 2, 2147483648, 0
10233, 204304771, 2, 2147483648, 0
10641, 407780032, 2, 2147483648, 0
10845, 203843648, 2, 2147483648, 0
11255, 409899689, 2, 2147483648, 0
11459, 203865635, 2, 2147483648, 0
11667, 207903677, 2, 2147483648, 0
11879, 212325161, 2, 2147483648, 0
12087, 207648295, 2, 2147483648, 0
12291, 204144633, 2, 2147483648, 0
12503, 211912044, 2, 2147483648, 0
12711, 208038666, 2, 2147483648, 0
12915, 203940095, 2, 2147483648, 0
13119, 203940651, 2, 2147483648, 0
13323, 204150434, 2, 2147483648, 0
13526, 202885391, 2, 2147483648, 0
13729, 203106385, 2, 2147483648, 0
14137, 408403629, 2, 2147483648, 0
14341, 203694373, 2, 2147483648, 0
14750, 409348275, 2, 2147483648, 0
14954, 204098127, 2, 2147483648, 0
15159, 204952857, 2, 2147483648, 0
15362, 202988436, 2, 2147483648, 0
15567, 204354621, 2, 2147483648, 0
15771, 203954153, 2, 2147483648, 0
15974, 203902540, 2, 2147483648, 0
16179, 204386419, 2, 2147483648, 0
16382, 203372232, 2, 2147483648, 0
16587, 204427492, 2, 2147483648, 0
16791, 204095563, 2, 2147483648, 0
16993, 202130612, 2, 2147483648, 0
17197, 204513710, 2, 2147483648, 0
17605, 407384968, 2, 2147483648, 0
17809, 204412433, 2, 2147483648, 0
18219, 409617182, 2, 2147483648, 0
18422, 203519817, 2, 2147483648, 0
18627, 204660503, 2, 2147483648, 0
18831, 203783736, 2, 2147483648, 0
19034, 203409310, 2, 2147483648, 0
19243, 208438082, 2, 2147483648, 0
19450, 207600381, 2, 2147483648, 0
19655, 204376567, 2, 2147483648, 0
19859, 204097445, 2, 2147483648, 0
20063, 204079668, 2, 2147483648, 0
20267, 204261823, 2, 2147483648, 0
20469, 202098623, 2, 2147483648, 0
20673, 203406460, 2, 2147483648, 0
21081, 408813806, 2, 2147483648, 0
21285, 203632423, 2, 2147483648, 0
21694, 409306990, 2, 2147483648, 0
21899, 204235054, 2, 2147483648, 0
22103, 204165634, 2, 2147483648, 0
22307, 203873421, 2, 2147483648, 0
22511, 204325571, 2, 2147483648, 0
22715, 203828402, 2, 2147483648, 0
22919, 203685472, 2, 2147483648, 0
23123, 204141121, 2, 2147483648, 0
23327, 204199761, 2, 2147483648, 0
23530, 203344668, 2, 2147483648, 0
23738, 208035515, 2, 2147483648, 0
23945, 206382660, 2, 2147483648, 0
24153, 208009034, 2, 2147483648, 0
24566, 413103088, 2, 2147483648, 0
24769, 203426154, 2, 2147483648, 0
25179, 409494402, 2, 2147483648, 0
25383, 203806711, 2, 2147483648, 0
25587, 204339858, 2, 2147483648, 0
25791, 203614347, 2, 2147483648, 0
25995, 204272530, 2, 2147483648, 0
26199, 203817897, 2, 2147483648, 0
26403, 204296337, 2, 2147483648, 0
26607, 203756083, 2, 2147483648, 0
26815, 208068219, 2, 2147483648, 0
27019, 204069260, 2, 2147483648, 0
27223, 203990161, 2, 2147483648, 0
27425, 202235052, 2, 2147483648, 0
27629, 204281384, 2, 2147483648, 0
28037, 408015290, 2, 2147483648, 0
28241, 204098422, 2, 2147483648, 0
28651, 409291812, 2, 2147483648, 0
28855, 203867663, 2, 2147483648, 0
29059, 204223863, 2, 2147483648, 0
29262, 203519244, 2, 2147483648, 0
29467, 204663723, 2, 2147483648, 0
29671, 203535381, 2, 2147483648, 0
29875, 204073217, 2, 2147483648, 0
30079, 204064688, 2, 2147483648, 0
30283, 203843688, 2, 2147483648, 0
30487, 204168755, 2, 2147483648, 0
30691, 203874023, 2, 2147483648, 0
30893, 202265681, 2, 2147483648, 0
31097, 204034359, 2, 2147483648, 0
31505, 407741116, 2, 2147483648, 0
31709, 204004509, 2, 2147483648, 0
32119, 410034656, 2, 2147483648, 0
32323, 203932516, 2, 2147483648, 0
32527, 204070768, 2, 2147483648, 0
32731, 203813816, 2, 2147483648, 0
32934, 203888538, 2, 2147483648, 0
33139, 204196937, 2, 2147483648, 0
33343, 204082934, 2, 2147483648, 0
33546, 203627274, 2, 2147483648, 0
33751, 204154469, 2, 2147483648, 0
33955, 204299213, 2, 2147483648, 0
34159, 203946872, 2, 2147483648, 0
34369, 210171832, 2, 2147483648, 0
34585, 215545462, 2, 2147483648, 0
35005, 420902070, 2, 2147483648, 0
35210, 204182173, 2, 2147483648, 0
35619, 408970111, 2, 2147483648, 0
35823, 204278070, 2, 2147483648, 0
36026, 203049587, 2, 2147483648, 0
36231, 204840867, 2, 2147483648, 0
36434, 203585196, 2, 2147483648, 0
36639, 204373371, 2, 2147483648, 0
36842, 203546920, 2, 2147483648, 0
37047, 204381573, 2, 2147483648, 0
37251, 203993453, 2, 2147483648, 0
37454, 203451723, 2, 2147483648, 0
37659, 204528325, 2, 2147483648, 0
37861, 202216150, 2, 2147483648, 0
38065, 203991200, 2, 2147483648, 0
38473, 408270545, 2, 2147483648, 0
38677, 203736877, 2, 2147483648, 0
39086, 409484833, 2, 2147483648, 0
39291, 204057703, 2, 2147483648, 0
39495, 203995562, 2, 2147483648, 0
39699, 204142007, 2, 2147483648, 0
39903, 203997079, 2, 2147483648, 0
40106, 203801142, 2, 2147483648, 0
40310, 203951669, 2, 2147483648, 0
40515, 204349055, 2, 2147483648, 0
40719, 203817811, 2, 2147483648, 0
40923, 203942034, 2, 2147483648, 0
41126, 203920287, 2, 2147483648, 0
41329, 202398869, 2, 2147483648, 0
41533, 204263048, 2, 2147483648, 0
41941, 408092449, 2, 2147483648, 0
42145, 204079077, 2, 2147483648, 0
42554, 409061570, 2, 2147483648, 0
42763, 208198780, 2, 2147483648, 0
42967, 204091829, 2, 2147483648, 0
43170, 203775358, 2, 2147483648, 0
43375, 204091355, 2, 2147483648, 0
43579, 203978757, 2, 2147483648, 0
43786, 207901375, 2, 2147483648, 0
43991, 204235763, 2, 2147483648, 0
44194, 203793977, 2, 2147483648, 0
44398, 203889750, 2, 2147483648, 0
44602, 204002760, 2, 2147483648, 0
44805, 202455858, 2, 2147483648, 0
45009, 204378284, 2, 2147483648, 0
45417, 408103573, 2, 2147483648, 0
45621, 203908019, 2, 2147483648, 0
46031, 409489793, 2, 2147483648, 0
46234, 203614449, 2, 2147483648, 0
46438, 204104141, 2, 2147483648, 0
46642, 203959011, 2, 2147483648, 0
46851, 208453025, 2, 2147483648, 0
47055, 203777465, 2, 2147483648, 0
47263, 207999380, 2, 2147483648, 0
47470, 207321975, 2, 2147483648, 0
47675, 204585246, 2, 2147483648, 0
47878, 203915865, 2, 2147483648, 0
48081, 202249455, 2, 2147483648, 0
48285, 203930213, 2, 2147483648, 0
48695, 410179763, 2, 2147483648, 0
48897, 202605957, 2, 2147483648, 0
49101, 203245853, 2, 2147483648, 0
49511, 409864335, 2, 2147483648, 0
49714, 203831944, 2, 2147483648, 0
49919, 204399921, 2, 2147483648, 0
50122, 203555010, 2, 2147483648, 0
50327, 204302075, 2, 2147483648, 0
50531, 203987521, 2, 2147483648, 0
50738, 207819388, 2, 2147483648, 0
50943, 204213093, 2, 2147483648, 0
51147, 203867606, 2, 2147483648, 0
51351, 204177012, 2, 2147483648, 0
51553, 202673452, 2, 2147483648, 0
51758, 204187677, 2, 2147483648, 0
52167, 408921252, 2, 2147483648, 0
52369, 202702459, 2, 2147483648, 0
52573, 203818625, 2, 2147483648, 0
52982, 409404610, 2, 2147483648, 0
53187, 204189989, 2, 2147483648, 0
53391, 204035638, 2, 2147483648, 0
53594, 203208343, 2, 2147483648, 0
53798, 204576046, 2, 2147483648, 0
54003, 204252616, 2, 2147483648, 0
54207, 203954078, 2, 2147483648, 0
54411, 203845180, 2, 2147483648, 0
54614, 203789384, 2, 2147483648, 0
54819, 204408132, 2, 2147483648, 0
55021, 201975253, 2, 2147483648, 0
55229, 208328113, 2, 2147483648, 0
55646, 417358000, 2, 2147483648, 0
55849, 202707270, 2, 2147483648, 0
56053, 203542308, 2, 2147483648, 0
56463, 409956757, 2, 2147483648, 0
56667, 204011694, 2, 2147483648, 0
56871, 203994853, 2, 2147483648, 0
57081, 209880783, 2, 2147483648, 0
57287, 206017905, 2, 2147483648, 0
57491, 204173334, 2, 2147483648, 0
57695, 203875636, 2, 2147483648, 0
57898, 203824642, 2, 2147483648, 0
58105, 206451953, 2, 2147483648, 0
58306, 201473308, 2, 2147483648, 0
58509, 202525772, 2, 2147483648, 0
58713, 204446506, 2, 2147483648, 0
59125, 411455425, 2, 2147483648, 0
59325, 200157924, 2, 2147483648, 0
59529, 203579768, 2, 2147483648, 0
59939, 410094098, 2, 2147483648, 0
60144, 205586705, 2, 2147483648, 0
60346, 202093214, 2, 2147483648, 0
60550, 203956542, 2, 2147483648, 0
60755, 204289802, 2, 2147483648, 0
60959, 204079638, 2, 2147483648, 0
61164, 205730989, 2, 2147483648, 0
61367, 202270270, 2, 2147483648, 0
61570, 203448525, 2, 2147483648, 0
61774, 204180107, 2, 2147483648, 0
61978, 203125068, 2, 2147483648, 0
62184, 205986218, 2, 2147483648, 0
62602, 418883197, 2, 2147483648, 0
62805, 202881161, 2, 2147483648, 0
63009, 203686349, 2, 2147483648, 0
63418, 409413962, 2, 2147483648, 0
63623, 204368817, 2, 2147483648, 0
63826, 203588467, 2, 2147483648, 0
64031, 204300952, 2, 2147483648, 0
64236, 205199782, 2, 2147483648, 0
64438, 202235254, 2, 2147483648, 0
64647, 208548294, 2, 2147483648, 0
64855, 208010824, 2, 2147483648, 0
65059, 204138618, 2, 2147483648, 0
65264, 204882928, 2, 2147483648, 0
65465, 201511738, 2, 2147483648, 0
65669, 203441251, 2, 2147483648, 0
66086, 417484845, 2, 2147483648, 0
66301, 215246054, 2, 2147483648, 0
66517, 215194679, 2, 2147483648, 0
66939, 422208687, 2, 2147483648, 0
67142, 203447294, 2, 2147483648, 0
67347, 204399754, 2, 2147483648, 0
67551, 203974964, 2, 2147483648, 0
67755, 203928860, 2, 2147483648, 0
67959, 204305134, 2, 2147483648, 0
68163, 203860655, 2, 2147483648, 0
68367, 203983976, 2, 2147483648, 0
68570, 203623639, 2, 2147483648, 0
68775, 204103294, 2, 2147483648, 0
68977, 202869159, 2, 2147483648, 0
69181, 203691440, 2, 2147483648, 0
69599, 417511981, 2, 2147483648, 0
69801, 202755941, 2, 2147483648, 0
70005, 203872416, 2, 2147483648, 0
70415, 409392037, 2, 2147483648, 0
70619, 203947601, 2, 2147483648, 0
70823, 204153084, 2, 2147483648, 0
71027, 204081665, 2, 2147483648, 0
71230, 203461898, 2, 2147483648, 0
71435, 204251737, 2, 2147483648, 0
71638, 203758025, 2, 2147483648, 0
71843, 204274539, 2, 2147483648, 0
72047, 204038484, 2, 2147483648, 0
72250, 202832108, 2, 2147483648, 0
72453, 203323874, 2, 2147483648, 0
72875, 422091753, 2, 2147483648, 0
73087, 211667612, 2, 2147483648, 0
73289, 202337727, 2, 2147483648, 0
73698, 409017324, 2, 2147483648, 0
73903, 204580404, 2, 2147483648, 0
74107, 203971539, 2, 2147483648, 0
74311, 204033120, 2, 2147483648, 0
74515, 204011785, 2, 2147483648, 0
74719, 203967481, 2, 2147483648, 0
74923, 203972198, 2, 2147483648, 0
75127, 204260852, 2, 2147483648, 0
75331, 203892359, 2, 2147483648, 0
75535, 203997929, 2, 2147483648, 0
75737, 202244361, 2, 2147483648, 0
75941, 204430320, 2, 2147483648, 0
76359, 417315351, 2, 2147483648, 0
76574, 214857719, 2, 2147483648, 0
77002, 428794132, 2, 2147483648, 0
77207, 204337307, 2, 2147483648, 0
77411, 203892313, 2, 2147483648, 0
77615, 204050514, 2, 2147483648, 0
77819, 203870339, 2, 2147483648, 0
78022, 203836712, 2, 2147483648, 0
78227, 204079866, 2, 2147483648, 0
78431, 204118377, 2, 2147483648, 0
78635, 204085226, 2, 2147483648, 0
78838, 203751125, 2, 2147483648, 0
79042, 203036563, 2, 2147483648, 0
79246, 204118209, 2, 2147483648, 0
79667, 421016057, 2, 2147483648, 0
79877, 210708435, 2, 2147483648, 0
80093, 215964887, 2, 2147483648, 0
80515, 421400396, 2, 2147483648, 0
80727, 212233830, 2, 2147483648, 0
80929, 201884431, 2, 2147483648, 0
81155, 225833896, 2, 2147483648, 0
81371, 215805679, 2, 2147483648, 0
81585, 214298052, 2, 2147483648, 0
81799, 213818639, 2, 2147483648, 0
82011, 212078688, 2, 2147483648, 0
82223, 211931108, 2, 2147483648, 0
82425, 202577136, 2, 2147483648, 0
82629, 203346395, 2, 2147483648, 0
83046, 417851210, 2, 2147483648, 0
83253, 206085158, 2, 2147483648, 0
83469, 216220944, 2, 2147483648, 0
83895, 425763795, 2, 2147483648, 0
84099, 204165278, 2, 2147483648, 0
84302, 203674343, 2, 2147483648, 0
84507, 204172904, 2, 2147483648, 0
84711, 204011269, 2, 2147483648, 0
84915, 203960194, 2, 2147483648, 0
85119, 204081536, 2, 2147483648, 0
85322, 203792861, 2, 2147483648, 0
85526, 204079281, 2, 2147483648, 0
85731, 204209848, 2, 2147483648, 0
85933, 202256845, 2, 2147483648, 0
86137, 204374053, 2, 2147483648, 0
86550, 412914519, 2, 2147483648, 0
86753, 202383642, 2, 2147483648, 0
86957, 204428560, 2, 2147483648, 0
87367, 409593674, 2, 2147483648, 0
87571, 203919954, 2, 2147483648, 0
87775, 204136962, 2, 2147483648, 0
87978, 203697742, 2, 2147483648, 0
88182, 204010157, 2, 2147483648, 0
88386, 203937511, 2, 2147483648, 0
88590, 204079257, 2, 2147483648, 0
88795, 204179977, 2, 2147483648, 0
88999, 203879336, 2, 2147483648, 0
89203, 204306373, 2, 2147483648, 0
89405, 202275742, 2, 2147483648, 0
89609, 203618004, 2, 2147483648, 0
90031, 421891410, 2, 2147483648, 0
90241, 210338133, 2, 2147483648, 0
90457, 216172064, 2, 2147483648, 0
90887, 429487920, 2, 2147483648, 0
91099, 211978581, 2, 2147483648, 0
91311, 212130671, 2, 2147483648, 0
91518, 207680746, 2, 2147483648, 0
91727, 208294119, 2, 2147483648, 0
91943, 215882165, 2, 2147483648, 0
92155, 212119977, 2, 2147483648, 0
92367, 211913158, 2, 2147483648, 0
92579, 211998565, 2, 2147483648, 0
92790, 211422220, 2, 2147483648, 0
92997, 207092314, 2, 2147483648, 0
93201, 203740805, 2, 2147483648, 0
93621, 419728923, 2, 2147483648, 0
93835, 214614923, 2, 2147483648, 0
94259, 423405397, 2, 2147483648, 0
94475, 215848188, 2, 2147483648, 0
94675, 200455636, 2, 2147483648, 0
94879, 203723776, 2, 2147483648, 0
95083, 203867254, 2, 2147483648, 0
95287, 203947864, 2, 2147483648, 0
95490, 203898913, 2, 2147483648, 0
95695, 204024434, 2, 2147483648, 0
95898, 203927043, 2, 2147483648, 0
96103, 204111009, 2, 2147483648, 0
96307, 204264705, 2, 2147483648, 0
96510, 202842210, 2, 2147483648, 0
96713, 203808761, 2, 2147483648, 0
97133, 419906512, 2, 2147483648, 0
97341, 207729808, 2, 2147483648, 0
97763, 421707415, 2, 2147483648, 0
97967, 204035103, 2, 2147483648, 0
98171, 203685764, 2, 2147483648, 0
98375, 204116997, 2, 2147483648, 0
98579, 203896679, 2, 2147483648, 0
98782, 203754164, 2, 2147483648, 0
98987, 204208934, 2, 2147483648, 0
99191, 204069527, 2, 2147483648, 0
99395, 204038963, 2, 2147483648, 0
99599, 203934992, 2, 2147483648, 0
99802, 203598835, 2, 2147483648, 0
100005, 202574318, 2, 2147483648, 0
100209, 204636732, 2, 2147483648, 0
100621, 411372920, 2, 2147483648, 0
100838, 216666780, 2, 2147483648, 0
101263, 425154181, 2, 2147483648, 0
101479, 215904554, 2, 2147483648, 0
101686, 207815150, 2, 2147483648, 0
101902, 216104115, 2, 2147483648, 0
102111, 208159392, 2, 2147483648, 0
102323, 212100029, 2, 2147483648, 0
102539, 216104590, 2, 2147483648, 0
102747, 207903102, 2, 2147483648, 0
102954, 207503698, 2, 2147483648, 0
103171, 216564593, 2, 2147483648, 0
103373, 201871456, 2, 2147483648, 0
103577, 204691012, 2, 2147483648, 0
103985, 407320292, 2, 2147483648, 0
104189, 204664659, 2, 2147483648, 0
104598, 409051842, 2, 2147483648, 0
104803, 204093633, 2, 2147483648, 0
105006, 203576037, 2, 2147483648, 0
105211, 204680031, 2, 2147483648, 0
105415, 203946971, 2, 2147483648, 0
105619, 203758884, 2, 2147483648, 0
105822, 203773146, 2, 2147483648, 0
106027, 204366086, 2, 2147483648, 0
106231, 204031156, 2, 2147483648, 0
106435, 203639428, 2, 2147483648, 0
106638, 203781497, 2, 2147483648, 0
106841, 202569909, 2, 2147483648, 0
107045, 204426157, 2, 2147483648, 0
107457, 411265911, 2, 2147483648, 0
107661, 204568161, 2, 2147483648, 0
108071, 409256753, 2, 2147483648, 0
108275, 204305697, 2, 2147483648, 0
108479, 203995324, 2, 2147483648, 0
108682, 203466114, 2, 2147483648, 0
108887, 204262903, 2, 2147483648, 0
109091, 203751576, 2, 2147483648, 0
109295, 203910075, 2, 2147483648, 0
109498, 203848894, 2, 2147483648, 0
109703, 204294166, 2, 2147483648, 0
109907, 203773538, 2, 2147483648, 0
110111, 204473222, 2, 2147483648, 0
110314, 202521093, 2, 2147483648, 0
110517, 203209317, 2, 2147483648, 0
110933, 416438736, 2, 2147483648, 0
111141, 207837315, 2, 2147483648, 0
111571, 429756889, 2, 2147483648, 0
111782, 211489106, 2, 2147483648, 0
111991, 208219506, 2, 2147483648, 0
112197, 206453808, 2, 2147483648, 0
112399, 201548112, 2, 2147483648, 0
112603, 204056300, 2, 2147483648, 0
112806, 203393822, 2, 2147483648, 0
113011, 204819801, 2, 2147483648, 0
113219, 208312328, 2, 2147483648, 0
113419, 199801945, 2, 2147483648, 0
113622, 202682507, 2, 2147483648, 0
113825, 203301570, 2, 2147483648, 0
114241, 416101715, 2, 2147483648, 0
114448, 207407213, 2, 2147483648, 0
114875, 426164563, 2, 2147483648, 0
115086, 211521046, 2, 2147483648, 0
115294, 208263949, 2, 2147483648, 0
115503, 208248490, 2, 2147483648, 0
115707, 204433533, 2, 2147483648, 0
115911, 203646295, 2, 2147483648, 0
116115, 204038446, 2, 2147483648, 0
116318, 203612440, 2, 2147483648, 0
116523, 204186393, 2, 2147483648, 0
116727, 204089871, 2, 2147483648, 0
116930, 202858343, 2, 2147483648, 0
117133, 203409436, 2, 2147483648, 0
117545, 411591902, 2, 2147483648, 0
117758, 212910878, 2, 2147483648, 0
118187, 429196548, 2, 2147483648, 0
118402, 215720687, 2, 2147483648, 0
118607, 204284403, 2, 2147483648, 0
118819, 212129678, 2, 2147483648, 0
119034, 215601456, 2, 2147483648, 0
119239, 204391105, 2, 2147483648, 0
119451, 211956706, 2, 2147483648, 0
119663, 211772348, 2, 2147483648, 0
119871, 208006667, 2, 2147483648, 0
120079, 208170975, 2, 2147483648, 0
120283, 203942602, 2, 2147483648, 0
120485, 202093995, 2, 2147483648, 0
120689, 204644182, 2, 2147483648, 0
121106, 416044547, 2, 2147483648, 0
121322, 216116905, 2, 2147483648, 0
121751, 428943583, 2, 2147483648, 0
121955, 204106105, 2, 2147483648, 0
122159, 204053394, 2, 2147483648, 0
122363, 203983207, 2, 2147483648, 0
122567, 203988534, 2, 2147483648, 0
122771, 204199011, 2, 2147483648, 0
122975, 203929302, 2, 2147483648, 0
123179, 203629843, 2, 2147483648, 0
123383, 204176612, 2, 2147483648, 0
123587, 204181040, 2, 2147483648, 0
123790, 202628289, 2, 2147483648, 0
123993, 203280309, 2, 2147483648, 0
124407, 414286356, 2, 2147483648, 0
124619, 211608745, 2, 2147483648, 0
124831, 212002060, 2, 2147483648, 0
125043, 212108602, 2, 2147483648, 0
125255, 211755834, 2, 2147483648, 0
125471, 215966819, 2, 2147483648, 0
125683, 212209858, 2, 2147483648, 0
125895, 211751572, 2, 2147483648, 0
126111, 216363454, 2, 2147483648, 0
126319, 207960081, 2, 2147483648, 0
126531, 211911619, 2, 2147483648, 0
126743, 211915689, 2, 2147483648, 0
126947, 204315662, 2, 2147483648, 0
127150, 202832755, 2, 2147483648, 0
127351, 201105628, 2, 2147483648, 0
127967, 615776582, 2, 2147483648, 0
128172, 205276810, 2, 2147483648, 0
128375, 202946268, 2, 2147483648, 0
128579, 203653541, 2, 2147483648, 0
128783, 203926843, 2, 2147483648, 0
128987, 204024241, 2, 2147483648, 0
129191, 204009310, 2, 2147483648, 0
129395, 204309521, 2, 2147483648, 0
129598, 203226141, 2, 2147483648, 0
129803, 204397149, 2, 2147483648, 0
130006, 203712083, 2, 2147483648, 0
130211, 204392807, 2, 2147483648, 0
130415, 204489389, 2, 2147483648, 0
130617, 202087105, 2, 2147483648, 0
130819, 201743956, 2, 2147483648, 0
131435, 615811952, 2, 2147483648, 0
131639, 203703934, 2, 2147483648, 0
131843, 204346225, 2, 2147483648, 0
132046, 203290542, 2, 2147483648, 0
132251, 204749343, 2, 2147483648, 0
132455, 203785572, 2, 2147483648, 0
132659, 204242540, 2, 2147483648, 0
132863, 203996264, 2, 2147483648, 0
133067, 203512619, 2, 2147483648, 0
133271, 204022399, 2, 2147483648, 0
133475, 204399283, 2, 2147483648, 0
133679, 203825102, 2, 2147483648, 0
133883, 204016918, 2, 2147483648, 0
134085, 202232050, 2, 2147483648, 0
134287, 201658039, 2, 2147483648, 0
134903, 616236426, 2, 2147483648, 0
135115, 212110726, 2, 2147483648, 0
135318, 203371157, 2, 2147483648, 0
135523, 204295869, 2, 2147483648, 0
135730, 207679176, 2, 2147483648, 0
135935, 204459513, 2, 2147483648, 0
136139, 203917298, 2, 2147483648, 0
136343, 203784220, 2, 2147483648, 0
136547, 204111051, 2, 2147483648, 0
136751, 204538366, 2, 2147483648, 0
136955, 203776300, 2, 2147483648, 0
137159, 203964937, 2, 2147483648, 0
137363, 203912790, 2, 2147483648, 0
137569, 206192717, 2, 2147483648, 0
137775, 205830538, 2, 2147483648, 0
138391, 615664898, 2, 2147483648, 0
138595, 204201477, 2, 2147483648, 0
138807, 212029943, 2, 2147483648, 0
139015, 208083089, 2, 2147483648, 0
139219, 204082840, 2, 2147483648, 0
139423, 203768267, 2, 2147483648, 0
139627, 203735221, 2, 2147483648, 0
139831, 204161410, 2, 2147483648, 0
140035, 203875038, 2, 2147483648, 0
140239, 204271129, 2, 2147483648, 0
140443, 203689437, 2, 2147483648, 0
140647, 204189373, 2, 2147483648, 0
140851, 204271393, 2, 2147483648, 0
141053, 201820460, 2, 2147483648, 0
141259, 206056340, 2, 2147483648, 0
141871, 611867507, 2, 2147483648, 0
142075, 204142227, 2, 2147483648, 0
142278, 203311570, 2, 2147483648, 0
142483, 204624996, 2, 2147483648, 0
142687, 203927969, 2, 2147483648, 0
142895, 207875099, 2, 2147483648, 0
143099, 204185725, 2, 2147483648, 0
143306, 207368812, 2, 2147483648, 0
143515, 208606447, 2, 2147483648, 0
143723, 207938856, 2, 2147483648, 0
143927, 204179898, 2, 2147483648, 0
144131, 203799756, 2, 2147483648, 0
144334, 202695060, 2, 2147483648, 0
144535, 201382794, 2, 2147483648, 0
145151, 616390542, 2, 2147483648, 0
145354, 202940655, 2, 2147483648, 0
145559, 204764217, 2, 2147483648, 0
145763, 203664536, 2, 2147483648, 0
145967, 203933331, 2, 2147483648, 0
146171, 204145753, 2, 2147483648, 0
146375, 204007111, 2, 2147483648, 0
146579, 203696892, 2, 2147483648, 0
146783, 204261619, 2, 2147483648, 0
146987, 204197982, 2, 2147483648, 0
147191, 203702060, 2, 2147483648, 0
147395, 203878534, 2, 2147483648, 0
147599, 204087726, 2, 2147483648, 0
147801, 201903553, 2, 2147483648, 0
148003, 202170675, 2, 2147483648, 0
148619, 615941432, 2, 2147483648, 0
148823, 204239216, 2, 2147483648, 0
149027, 203652921, 2, 2147483648, 0
149230, 203728026, 2, 2147483648, 0
149434, 203774884, 2, 2147483648, 0
149639, 204553984, 2, 2147483648, 0
149843, 204120366, 2, 2147483648, 0
150047, 204101255, 2, 2147483648, 0
150251, 204068115, 2, 2147483648, 0
150454, 203314050, 2, 2147483648, 0
150658, 204042958, 2, 2147483648, 0
150863, 204840660, 2, 2147483648, 0
151071, 207633018, 2, 2147483648, 0
151271, 200194022, 2, 2147483648, 0
