198, 198066632, 2, 2147483648, 0
611, 413046982, 2, 2147483648, 0
815, 204378933, 2, 2147483648, 0
1019, 203948901, 2, 2147483648, 0
1223, 203502404, 2, 2147483648, 0
1427, 204194968, 2, 2147483648, 0
1631, 203813009, 2, 2147483648, 0
1843, 212027652, 2, 2147483648, 0
2054, 211905875, 2, 2147483648, 0
2259, 204223313, 2, 2147483648, 0
2463, 204034617, 2, 2147483648, 0
2675, 211865204, 2, 2147483648, 0
2879, 204114933, 2, 2147483648, 0
3081, 202183658, 2, 2147483648, 0
3280, 199109213, 2, 2147483648, 0
3693, 413277431, 2, 2147483648, 0
3897, 203534324, 2, 2147483648, 0
4306, 409413343, 2, 2147483648, 0
4510, 204199197, 2, 2147483648, 0
4718, 207960521, 2, 2147483648, 0
4926, 207732529, 2, 2147483648, 0
5131, 204357370, 2, 2147483648, 0
5334, 203927713, 2, 2147483648, 0
5539, 204114442, 2, 2147483648, 0
5742, 203660751, 2, 2147483648, 0
5946, 204213295, 2, 2147483648, 0
6155, 208170586, 2, 2147483648, 0
6358, 203573856, 2, 2147483648, 0
6561, 203061165, 2, 2147483648, 0
6765, 203842358, 2, 2147483648, 0
7174, 408431871, 2, 2147483648, 0
7378, 204086255, 2, 2147483648, 0
7787, 409060526, 2, 2147483648, 0
7991, 203925258, 2, 2147483648, 0
8194, 203862450, 2, 2147483648, 0
8399, 204254153, 2, 2147483648, 0
8602, 203645511, 2, 2147483648, 0
8806, 204062638, 2, 2147483648, 0
9011, 204329112, 2, 2147483648, 0
9215, 203717425, 2, 2147483648, 0
9419, 204293354, 2, 2147483648, 0
9623, 203883981, 2, 2147483648, 0
9827, 204034026, 2, 2147483648, 0
10029, 202157168, 2, 2147483648, 0
10233, 204304012, 2, 2147483648, 0
10641, 407779687, 2, 2147483648, 0
10845, 203843330, 2, 2147483648, 0
11255, 409899356, 2, 2147483648, 0
11459, 203865303, 2, 2147483648, 0
11667, 207903343, 2, 2147483648, 0
11879, 212324811, 2, 2147483648, 0
12087, 207647962, 2, 2147483648, 0
12291, 204144307, 2, 2147483648, 0
12503, 211911697, 2, 2147483648, 0
12711, 208038335, 2, 2147483648, 0
12915, 203939738, 2, 2147483648, 0
13119, 203940322, 2, 2147483648, 0
13323, 204149927, 2, 2147483648, 0
13526, 202885015, 2, 2147483648, 0
13729, 203105961, 2, 2147483648, 0
14137, 408403285, 2, 2147483648, 0
14341, 203694030, 2, 2147483648, 0
14750, 409347937, 2, 2147483648, 0
14954, 204097734, 2, 2147483648, 0
15159, 204952516, 2, 2147483648, 0
15362, 202987566, 2, 2147483648, 0
15567, 204354187, 2, 2147483648, 0
15771, 203953808, 2, 2147483648, 0
15974, 203902184, 2, 2147483648, 0
16179, 204386086, 2, 2147483648, 0
16382, 203371896, 2, 2147483648, 0
16587, 204427144, 2, 2147483648, 0
16791, 204095142, 2, 2147483648, 0
16993, 202130269, 2, 2147483648, 0
17197, 204512896, 2, 2147483648, 0
17605, 407384077, 2, 2147483648, 0
17809, 204412079, 2, 2147483648, 0
18219, 409616824, 2, 2147483648, 0
18422, 203519483, 2, 2147483648, 0
18627, 204660132, 2, 2147483648, 0
18831, 203783375, 2, 2147483648, 0
19034, 203408968, 2, 2147483648, 0
19243, 208437726, 2, 2147483648, 0
19450, 207600038, 2, 2147483648, 0
19655, 204376107, 2, 2147483648, 0
19859, 204097078, 2, 2147483648, 0
20063, 204079316, 2, 2147483648, 0
20267, 204261430, 2, 2147483648, 0
20469, 202098283, 2, 2147483648, 0
20673, 203406088, 2, 2147483648, 0
21081, 408813478, 2, 2147483648, 0
21285, 203632064, 2, 2147483648, 0
21694, 409306650, 2, 2147483648, 0
21899, 204234662, 2, 2147483648, 0
22103, 204165282, 2, 2147483648, 0
22307, 203873065, 2, 2147483648, 0
22511, 204325224, 2, 2147483648, 0
22715, 203828013, 2, 2147483648, 0
22919, 203685086, 2, 2147483648, 0
23123, 204140774, 2, 2147483648, 0
23327, 204199402, 2, 2147483648, 0
23530, 203344241, 2, 2147483648, 0
23738, 208035099, 2, 2147483648, 0
23945, 206382280, 2, 2147483648, 0
24153, 208008245, 2, 2147483648, 0
24566, 413102276, 2, 2147483648, 0
24769, 203425691, 2, 2147483648, 0
25179, 409494027, 2, 2147483648, 0
25383, 203806307, 2, 2147483648, 0
25587, 204339475, 2, 2147483648, 0
25791, 203613872, 2, 2147483648, 0
25995, 204272164, 2, 2147483648, 0
26199, 203817566, 2, 2147483648, 0
26403, 204295961, 2, 2147483648, 0
26607, 203755734, 2, 2147483648, 0
26815, 208067867, 2, 2147483648, 0
27019, 204068899, 2, 2147483648, 0
27223, 203989802, 2, 2147483648, 0
27425, 202234699, 2, 2147483648, 0
27629, 204281004, 2, 2147483648, 0
28037, 408014868, 2, 2147483648, 0
28241, 204098081, 2, 2147483648, 0
28651, 409291483, 2, 2147483648, 0
28855, 203867292, 2, 2147483648, 0
29059, 204223521, 2, 2147483648, 0
29262, 203518913, 2, 2147483648, 0
29467, 204663378, 2, 2147483648, 0
29671, 203535040, 2, 2147483648, 0
29875, 204072870, 2, 2147483648, 0
30079, 204064338, 2, 2147483648, 0
30283, 203843338, 2, 2147483648, 0
30487, 204168411, 2, 2147483648, 0
30691, 203873670, 2, 2147483648, 0
30893, 202265324, 2, 2147483648, 0
31097, 204033981, 2, 2147483648, 0
31505, 407740767, 2, 2147483648, 0
31709, 204004147, 2, 2147483648, 0
32119, 410034280, 2, 2147483648, 0
32323, 203932003, 2, 2147483648, 0
32527, 204070412, 2, 2147483648, 0
32731, 203813455, 2, 2147483648, 0
32934, 203888176, 2, 2147483648, 0
33139, 204196581, 2, 2147483648, 0
33343, 204082577, 2, 2147483648, 0
33546, 203626918, 2, 2147483648, 0
33751, 204154114, 2, 2147483648, 0
33955, 204298871, 2, 2147483648, 0
34159, 203946522, 2, 2147483648, 0
34369, 210171487, 2, 2147483648, 0
34585, 215544600, 2, 2147483648, 0
35005, 420901712, 2, 2147483648, 0
35210, 204181815, 2, 2147483648, 0
35619, 408969770, 2, 2147483648, 0
35823, 204277717, 2, 2147483648, 0
36026, 203049137, 2, 2147483648, 0
36231, 204840526, 2, 2147483648, 0
36434, 203584860, 2, 2147483648, 0
36639, 204373011, 2, 2147483648, 0
36842, 203546583, 2, 2147483648, 0
37047, 204381139, 2, 2147483648, 0
37251, 203993054, 2, 2147483648, 0
37454, 203451364, 2, 2147483648, 0
37659, 204527977, 2, 2147483648, 0
37861, 202215789, 2, 2147483648, 0
38065, 203990796, 2, 2147483648, 0
38473, 408270179, 2, 2147483648, 0
38677, 203736524, 2, 2147483648, 0
39086, 409484470, 2, 2147483648, 0
39291, 204057348, 2, 2147483648, 0
39495, 203995215, 2, 2147483648, 0
39699, 204141589, 2, 2147483648, 0
39903, 203996721, 2, 2147483648, 0
40106, 203800756, 2, 2147483648, 0
40310, 203951316, 2, 2147483648, 0
40515, 204348703, 2, 2147483648, 0
40719, 203817407, 2, 2147483648, 0
40923, 203941804, 2, 2147483648, 0
41126, 203919921, 2, 2147483648, 0
41329, 202398578, 2, 2147483648, 0
41533, 204262865, 2, 2147483648, 0
41941, 408092306, 2, 2147483648, 0
42145, 204078901, 2, 2147483648, 0
42554, 409061405, 2, 2147483648, 0
42763, 208198580, 2, 2147483648, 0
42967, 204091707, 2, 2147483648, 0
43170, 203775083, 2, 2147483648, 0
43375, 204091241, 2, 2147483648, 0
43579, 203978629, 2, 2147483648, 0
43786, 207901257, 2, 2147483648, 0
43991, 204235655, 2, 2147483648, 0
44194, 203793870, 2, 2147483648, 0
44398, 203889624, 2, 2147483648, 0
44602, 204002626, 2, 2147483648, 0
44805, 202455724, 2, 2147483648, 0
45009, 204378180, 2, 2147483648, 0
45417, 408103458, 2, 2147483648, 0
45621, 203907819, 2, 2147483648, 0
46031, 409489648, 2, 2147483648, 0
46234, 203614242, 2, 2147483648, 0
46438, 204103965, 2, 2147483648, 0
46642, 203958876, 2, 2147483648, 0
46851, 208452907, 2, 2147483648, 0
47055, 203777343, 2, 2147483648, 0
47263, 207999258, 2, 2147483648, 0
47470, 207321857, 2, 2147483648, 0
47675, 204585132, 2, 2147483648, 0
47878, 203915730, 2, 2147483648, 0
48081, 202249339, 2, 2147483648, 0
48285, 203930123, 2, 2147483648, 0
48695, 410179658, 2, 2147483648, 0
48897, 202605699, 2, 2147483648, 0
49101, 203245731, 2, 2147483648, 0
49511, 409864214, 2, 2147483648, 0
49714, 203831741, 2, 2147483648, 0
49919, 204399769, 2, 2147483648, 0
50122, 203554867, 2, 2147483648, 0
50327, 204301908, 2, 2147483648, 0
50531, 203987380, 2, 2147483648, 0
50738, 207819247, 2, 2147483648, 0
50943, 204212966, 2, 2147483648, 0
51147, 203867490, 2, 2147483648, 0
51351, 204176895, 2, 2147483648, 0
51553, 202673338, 2, 2147483648, 0
51758, 204187565, 2, 2147483648, 0
52167, 408921158, 2, 2147483648, 0
52369, 202702233, 2, 2147483648, 0
52573, 203818511, 2, 2147483648, 0
52982, 409404194, 2, 2147483648, 0
53187, 204189474, 2, 2147483648, 0
53391, 204035208, 2, 2147483648, 0
53594, 203208021, 2, 2147483648, 0
53798, 204575713, 2, 2147483648, 0
54003, 204252293, 2, 2147483648, 0
54207, 203953747, 2, 2147483648, 0
54411, 203844845, 2, 2147483648, 0
54614, 203789007, 2, 2147483648, 0
54819, 204407803, 2, 2147483648, 0
55021, 201974928, 2, 2147483648, 0
55229, 208327771, 2, 2147483648, 0
55646, 417357665, 2, 2147483648, 0
55849, 202706906, 2, 2147483648, 0
56053, 203541949, 2, 2147483648, 0
56463, 409956415, 2, 2147483648, 0
56667, 204011355, 2, 2147483648, 0
56871, 203994517, 2, 2147483648, 0
57081, 209880440, 2, 2147483648, 0
57287, 206017560, 2, 2147483648, 0
57491, 204172993, 2, 2147483648, 0
57695, 203875302, 2, 2147483648, 0
57898, 203824304, 2, 2147483648, 0
58105, 206451613, 2, 2147483648, 0
58306, 201472961, 2, 2147483648, 0
58509, 202525405, 2, 2147483648, 0
58713, 204446162, 2, 2147483648, 0
59125, 411454929, 2, 2147483648, 0
59325, 200157586, 2, 2147483648, 0
59529, 203579400, 2, 2147483648, 0
59939, 410093755, 2, 2147483648, 0
60144, 205586292, 2, 2147483648, 0
60346, 202092831, 2, 2147483648, 0
60550, 203956173, 2, 2147483648, 0
60755, 204289453, 2, 2147483648, 0
60959, 204079290, 2, 2147483648, 0
61164, 205730646, 2, 2147483648, 0
61367, 202269924, 2, 2147483648, 0
61570, 203448175, 2, 2147483648, 0
61774, 204179753, 2, 2147483648, 0
61978, 203124719, 2, 2147483648, 0
62184, 205985869, 2, 2147483648, 0
62602, 418882822, 2, 2147483648, 0
62805, 202880820, 2, 2147483648, 0
63009, 203685972, 2, 2147483648, 0
63418, 409413573, 2, 2147483648, 0
63623, 204368461, 2, 2147483648, 0
63826, 203588120, 2, 2147483648, 0
64031, 204300601, 2, 2147483648, 0
64236, 205199430, 2, 2147483648, 0
64438, 202234879, 2, 2147483648, 0
64647, 208547925, 2, 2147483648, 0
64855, 208010273, 2, 2147483648, 0
65059, 204138227, 2, 2147483648, 0
65264, 204881889, 2, 2147483648, 0
65465, 201511218, 2, 2147483648, 0
65669, 203440399, 2, 2147483648, 0
66086, 417484036, 2, 2147483648, 0
66301, 215245683, 2, 2147483648, 0
66517, 215194284, 2, 2147483648, 0
66939, 422208354, 2, 2147483648, 0
67142, 203446950, 2, 2147483648, 0
67347, 204399405, 2, 2147483648, 0
67551, 203974594, 2, 2147483648, 0
67755, 203928511, 2, 2147483648, 0
67959, 204304788, 2, 2147483648, 0
68163, 203860309, 2, 2147483648, 0
68367, 203983627, 2, 2147483648, 0
68570, 203623287, 2, 2147483648, 0
68775, 204102943, 2, 2147483648, 0
68977, 202868808, 2, 2147483648, 0
69181, 203691063, 2, 2147483648, 0
69599, 417511606, 2, 2147483648, 0
69801, 202755591, 2, 2147483648, 0
70005, 203872021, 2, 2147483648, 0
70415, 409391685, 2, 2147483648, 0
70619, 203947227, 2, 2147483648, 0
70823, 204152645, 2, 2147483648, 0
71027, 204081309, 2, 2147483648, 0
71230, 203461531, 2, 2147483648, 0
71435, 204251385, 2, 2147483648, 0
71638, 203757613, 2, 2147483648, 0
71843, 204274186, 2, 2147483648, 0
72047, 204038129, 2, 2147483648, 0
72250, 202831752, 2, 2147483648, 0
72453, 203323532, 2, 2147483648, 0
72875, 422091386, 2, 2147483648, 0
73087, 211667252, 2, 2147483648, 0
73289, 202337379, 2, 2147483648, 0
73698, 409016900, 2, 2147483648, 0
73903, 204580039, 2, 2147483648, 0
74107, 203971179, 2, 2147483648, 0
74311, 204032768, 2, 2147483648, 0
74515, 204011430, 2, 2147483648, 0
74719, 203967111, 2, 2147483648, 0
74923, 203971827, 2, 2147483648, 0
75127, 204260492, 2, 2147483648, 0
75331, 203892002, 2, 2147483648, 0
75535, 203997580, 2, 2147483648, 0
75737, 202244001, 2, 2147483648, 0
75941, 204429968, 2, 2147483648, 0
76359, 417314989, 2, 2147483648, 0
76574, 214856755, 2, 2147483648, 0
77002, 428793282, 2, 2147483648, 0
77207, 204336896, 2, 2147483648, 0
77411, 203891981, 2, 2147483648, 0
77615, 204050075, 2, 2147483648, 0
77819, 203869792, 2, 2147483648, 0
78022, 203835962, 2, 2147483648, 0
78227, 204079520, 2, 2147483648, 0
78431, 204118015, 2, 2147483648, 0
78635, 204084873, 2, 2147483648, 0
78838, 203750682, 2, 2147483648, 0
79042, 203036198, 2, 2147483648, 0
79246, 204117871, 2, 2147483648, 0
79667, 421015706, 2, 2147483648, 0
79877, 210707850, 2, 2147483648, 0
80093, 215964638, 2, 2147483648, 0
80515, 421400245, 2, 2147483648, 0
80727, 212233617, 2, 2147483648, 0
80929, 201884233, 2, 2147483648, 0
81155, 225833755, 2, 2147483648, 0
81371, 215805553, 2, 2147483648, 0
81585, 214297939, 2, 2147483648, 0
81799, 213818523, 2, 2147483648, 0
82011, 212078544, 2, 2147483648, 0
82223, 211930993, 2, 2147483648, 0
82425, 202577023, 2, 2147483648, 0
82629, 203346277, 2, 2147483648, 0
83046, 417851080, 2, 2147483648, 0
83253, 206084964, 2, 2147483648, 0
83469, 216220811, 2, 2147483648, 0
83895, 425763685, 2, 2147483648, 0
84099, 204165049, 2, 2147483648, 0
84302, 203674188, 2, 2147483648, 0
84507, 204172775, 2, 2147483648, 0
84711, 204010957, 2, 2147483648, 0
84915, 203960027, 2, 2147483648, 0
85119, 204081414, 2, 2147483648, 0
85322, 203792632, 2, 2147483648, 0
85526, 204079157, 2, 2147483648, 0
85731, 204209735, 2, 2147483648, 0
85933, 202256708, 2, 2147483648, 0
86137, 204373917, 2, 2147483648, 0
86550, 412914421, 2, 2147483648, 0
86753, 202383370, 2, 2147483648, 0
86957, 204428436, 2, 2147483648, 0
87367, 409593555, 2, 2147483648, 0
87571, 203919714, 2, 2147483648, 0
87775, 204136787, 2, 2147483648, 0
87978, 203697581, 2, 2147483648, 0
88182, 204010055, 2, 2147483648, 0
88386, 203937380, 2, 2147483648, 0
88590, 204079136, 2, 2147483648, 0
88795, 204179839, 2, 2147483648, 0
88999, 203879221, 2, 2147483648, 0
89203, 204306251, 2, 2147483648, 0
89405, 202275613, 2, 2147483648, 0
89609, 203617468, 2, 2147483648, 0
90031, 421891021, 2, 2147483648, 0
90241, 210337789, 2, 2147483648, 0
90457, 216171725, 2, 2147483648, 0
90887, 429487538, 2, 2147483648, 0
91099, 211978230, 2, 2147483648, 0
91311, 212130325, 2, 2147483648, 0
91518, 207680413, 2, 2147483648, 0
91727, 208293777, 2, 2147483648, 0
91943, 215881820, 2, 2147483648, 0
92155, 212119631, 2, 2147483648, 0
92367, 211912826, 2, 2147483648, 0
92579, 211998224, 2, 2147483648, 0
92790, 211421880, 2, 2147483648, 0
92997, 207091913, 2, 2147483648, 0
93201, 203740419, 2, 2147483648, 0
93621, 419728580, 2, 2147483648, 0
93835, 214614580, 2, 2147483648, 0
94259, 423405053, 2, 2147483648, 0
94475, 215847857, 2, 2147483648, 0
94675, 200455261, 2, 2147483648, 0
94879, 203723381, 2, 2147483648, 0
95083, 203866881, 2, 2147483648, 0
95287, 203947499, 2, 2147483648, 0
95490, 203898576, 2, 2147483648, 0
95695, 204024101, 2, 2147483648, 0
95898, 203926706, 2, 2147483648, 0
96103, 204110665, 2, 2147483648, 0
96307, 204264370, 2, 2147483648, 0
96510, 202841863, 2, 2147483648, 0
96713, 203808420, 2, 2147483648, 0
97133, 419906154, 2, 2147483648, 0
97341, 207729461, 2, 2147483648, 0
97763, 421707051, 2, 2147483648, 0
97967, 204034762, 2, 2147483648, 0
98171, 203685422, 2, 2147483648, 0
98375, 204116660, 2, 2147483648, 0
98579, 203896318, 2, 2147483648, 0
98782, 203753828, 2, 2147483648, 0
98987, 204208594, 2, 2147483648, 0
99191, 204069184, 2, 2147483648, 0
99395, 204038624, 2, 2147483648, 0
99599, 203934644, 2, 2147483648, 0
99802, 203598490, 2, 2147483648, 0
100005, 202573972, 2, 2147483648, 0
100209, 204636392, 2, 2147483648, 0
100621, 411372555, 2, 2147483648, 0
100838, 216666435, 2, 2147483648, 0
101263, 425153832, 2, 2147483648, 0
101479, 215904221, 2, 2147483648, 0
101686, 207814796, 2, 2147483648, 0
101902, 216103789, 2, 2147483648, 0
102111, 208159059, 2, 2147483648, 0
102323, 212099683, 2, 2147483648, 0
102539, 216104259, 2, 2147483648, 0
102747, 207902737, 2, 2147483648, 0
102954, 207503333, 2, 2147483648, 0
103171, 216564258, 2, 2147483648, 0
103373, 201871112, 2, 2147483648, 0
103577, 204690681, 2, 2147483648, 0
103985, 407319947, 2, 2147483648, 0
104189, 204664320, 2, 2147483648, 0
104598, 409051489, 2, 2147483648, 0
104803, 204093274, 2, 2147483648, 0
105006, 203575699, 2, 2147483648, 0
105211, 204679701, 2, 2147483648, 0
105415, 203946635, 2, 2147483648, 0
105619, 203758541, 2, 2147483648, 0
105822, 203772798, 2, 2147483648, 0
106027, 204365620, 2, 2147483648, 0
106231, 204030821, 2, 2147483648, 0
106435, 203638860, 2, 2147483648, 0
106638, 203780732, 2, 2147483648, 0
106841, 202569559, 2, 2147483648, 0
107045, 204425827, 2, 2147483648, 0
107457, 411265167, 2, 2147483648, 0
107661, 204567698, 2, 2147483648, 0
108071, 409256407, 2, 2147483648, 0
108275, 204305348, 2, 2147483648, 0
108479, 203994973, 2, 2147483648, 0
108682, 203465766, 2, 2147483648, 0
108887, 204262550, 2, 2147483648, 0
109091, 203750527, 2, 2147483648, 0
109295, 203909731, 2, 2147483648, 0
109498, 203848458, 2, 2147483648, 0
109703, 204293211, 2, 2147483648, 0
109907, 203772779, 2, 2147483648, 0
110111, 204472869, 2, 2147483648, 0
110314, 202520538, 2, 2147483648, 0
110517, 203208718, 2, 2147483648, 0
110933, 416438200, 2, 2147483648, 0
111141, 207837112, 2, 2147483648, 0
111571, 429756568, 2, 2147483648, 0
111782, 211488743, 2, 2147483648, 0
111991, 208219147, 2, 2147483648, 0
112197, 206453432, 2, 2147483648, 0
112399, 201547748, 2, 2147483648, 0
112603, 204055962, 2, 2147483648, 0
112806, 203393461, 2, 2147483648, 0
113011, 204819458, 2, 2147483648, 0
113219, 208311995, 2, 2147483648, 0
113419, 199801582, 2, 2147483648, 0
113622, 202682157, 2, 2147483648, 0
113825, 203301192, 2, 2147483648, 0
114241, 416101364, 2, 2147483648, 0
114448, 207406824, 2, 2147483648, 0
114875, 426164213, 2, 2147483648, 0
115086, 211520691, 2, 2147483648, 0
115294, 208263597, 2, 2147483648, 0
115503, 208248116, 2, 2147483648, 0
115707, 204433150, 2, 2147483648, 0
115911, 203645938, 2, 2147483648, 0
116115, 204038081, 2, 2147483648, 0
116318, 203612094, 2, 2147483648, 0
116523, 204186035, 2, 2147483648, 0
116727, 204089530, 2, 2147483648, 0
116930, 202857998, 2, 2147483648, 0
117133, 203409068, 2, 2147483648, 0
117545, 411591541, 2, 2147483648, 0
117758, 212910529, 2, 2147483648, 0
118187, 429196213, 2, 2147483648, 0
118402, 215720322, 2, 2147483648, 0
118607, 204284049, 2, 2147483648, 0
118819, 212129326, 2, 2147483648, 0
119034, 215601109, 2, 2147483648, 0
119239, 204390759, 2, 2147483648, 0
119451, 211956359, 2, 2147483648, 0
119663, 211771958, 2, 2147483648, 0
119871, 208006313, 2, 2147483648, 0
120079, 208170616, 2, 2147483648, 0
120283, 203942246, 2, 2147483648, 0
120485, 202093631, 2, 2147483648, 0
120689, 204643799, 2, 2147483648, 0
121106, 416044184, 2, 2147483648, 0
121322, 216116551, 2, 2147483648, 0
121751, 428943233, 2, 2147483648, 0
121955, 204105731, 2, 2147483648, 0
122159, 204052973, 2, 2147483648, 0
122363, 203982848, 2, 2147483648, 0
122567, 203988186, 2, 2147483648, 0
122771, 204198657, 2, 2147483648, 0
122975, 203928957, 2, 2147483648, 0
123179, 203629491, 2, 2147483648, 0
123383, 204176175, 2, 2147483648, 0
123587, 204180657, 2, 2147483648, 0
123790, 202627924, 2, 2147483648, 0
123993, 203279952, 2, 2147483648, 0
124407, 414286006, 2, 2147483648, 0
124619, 211608383, 2, 2147483648, 0
124831, 212001678, 2, 2147483648, 0
125043, 212108231, 2, 2147483648, 0
125255, 211755470, 2, 2147483648, 0
125471, 215966415, 2, 2147483648, 0
125683, 212209500, 2, 2147483648, 0
125895, 211751213, 2, 2147483648, 0
126111, 216363097, 2, 2147483648, 0
126319, 207959721, 2, 2147483648, 0
126531, 211911265, 2, 2147483648, 0
126743, 211915325, 2, 2147483648, 0
126947, 204315307, 2, 2147483648, 0
127150, 202832391, 2, 2147483648, 0
127351, 201105275, 2, 2147483648, 0
127967, 615775812, 2, 2147483648, 0
128172, 205276455, 2, 2147483648, 0
128375, 202945922, 2, 2147483648, 0
128579, 203653193, 2, 2147483648, 0
128783, 203926494, 2, 2147483648, 0
128987, 204023889, 2, 2147483648, 0
129191, 204008963, 2, 2147483648, 0
129395, 204309174, 2, 2147483648, 0
129598, 203225785, 2, 2147483648, 0
129803, 204396766, 2, 2147483648, 0
130006, 203711727, 2, 2147483648, 0
130211, 204392459, 2, 2147483648, 0
130415, 204489013, 2, 2147483648, 0
130617, 202086757, 2, 2147483648, 0
130819, 201743598, 2, 2147483648, 0
131435, 615811121, 2, 2147483648, 0
131639, 203703556, 2, 2147483648, 0
131843, 204345847, 2, 2147483648, 0
132046, 203290179, 2, 2147483648, 0
132251, 204748989, 2, 2147483648, 0
132455, 203785223, 2, 2147483648, 0
132659, 204242192, 2, 2147483648, 0
132863, 203995919, 2, 2147483648, 0
133067, 203512271, 2, 2147483648, 0
133271, 204022055, 2, 2147483648, 0
133475, 204398945, 2, 2147483648, 0
133679, 203824754, 2, 2147483648, 0
133883, 204016575, 2, 2147483648, 0
134085, 202231705, 2, 2147483648, 0
134287, 201657706, 2, 2147483648, 0
134903, 616236086, 2, 2147483648, 0
135115, 212110362, 2, 2147483648, 0
135318, 203370788, 2, 2147483648, 0
135523, 204295526, 2, 2147483648, 0
135730, 207678820, 2, 2147483648, 0
135935, 204459162, 2, 2147483648, 0
136139, 203916963, 2, 2147483648, 0
136343, 203783873, 2, 2147483648, 0
136547, 204110705, 2, 2147483648, 0
136751, 204538028, 2, 2147483648, 0
136955, 203775945, 2, 2147483648, 0
137159, 203964580, 2, 2147483648, 0
137363, 203912454, 2, 2147483648, 0
137569, 206192367, 2, 2147483648, 0
137775, 205830193, 2, 2147483648, 0
138391, 615664563, 2, 2147483648, 0
138595, 204201130, 2, 2147483648, 0
138807, 212029595, 2, 2147483648, 0
139015, 208082735, 2, 2147483648, 0
139219, 204082507, 2, 2147483648, 0
139423, 203767933, 2, 2147483648, 0
139627, 203734870, 2, 2147483648, 0
139831, 204161072, 2, 2147483648, 0
140035, 203874690, 2, 2147483648, 0
140239, 204270785, 2, 2147483648, 0
140443, 203689086, 2, 2147483648, 0
140647, 204189033, 2, 2147483648, 0
140851, 204271059, 2, 2147483648, 0
141053, 201820106, 2, 2147483648, 0
141259, 206056003, 2, 2147483648, 0
141871, 611867167, 2, 2147483648, 0
142075, 204141640, 2, 2147483648, 0
142278, 203311001, 2, 2147483648, 0
142483, 204624592, 2, 2147483648, 0
142687, 203927619, 2, 2147483648, 0
142895, 207874273, 2, 2147483648, 0
143099, 204184714, 2, 2147483648, 0
143306, 207367976, 2, 2147483648, 0
143515, 208605697, 2, 2147483648, 0
143723, 207938096, 2, 2147483648, 0
143927, 204179078, 2, 2147483648, 0
144131, 203799269, 2, 2147483648, 0
144334, 202694708, 2, 2147483648, 0
144535, 201382436, 2, 2147483648, 0
145151, 616390050, 2, 2147483648, 0
145354, 202940181, 2, 2147483648, 0
145559, 204763862, 2, 2147483648, 0
145763, 203663736, 2, 2147483648, 0
145967, 203932952, 2, 2147483648, 0
146171, 204145230, 2, 2147483648, 0
146375, 204006619, 2, 2147483648, 0
146579, 203696536, 2, 2147483648, 0
146783, 204261267, 2, 2147483648, 0
146987, 204197561, 2, 2147483648, 0
147191, 203701658, 2, 2147483648, 0
147395, 203878179, 2, 2147483648, 0
147599, 204087363, 2, 2147483648, 0
147801, 201903205, 2, 2147483648, 0
148003, 202170300, 2, 2147483648, 0
148619, 615941067, 2, 2147483648, 0
148823, 204238871, 2, 2147483648, 0
149027, 203652570, 2, 2147483648, 0
149230, 203727682, 2, 2147483648, 0
149434, 203774541, 2, 2147483648, 0
149639, 204553460, 2, 2147483648, 0
149843, 204120026, 2, 2147483648, 0
150047, 204100911, 2, 2147483648, 0
150251, 204067763, 2, 2147483648, 0
150454, 203313709, 2, 2147483648, 0
150658, 204042604, 2, 2147483648, 0
150863, 204840312, 2, 2147483648, 0
151071, 207632675, 2, 2147483648, 0
151271, 200193646, 2, 2147483648, 0
