248, 248327255, 2, 2147483648, 0
1268, 1019662683, 2, 2147483648, 0
1607, 339716397, 2, 2147483648, 0
1947, 340008791, 2, 2147483648, 0
2287, 339945721, 2, 2147483648, 0
2628, 340252069, 2, 2147483648, 0
2967, 339694728, 2, 2147483648, 0
3311, 343937754, 2, 2147483648, 0
3658, 346341097, 2, 2147483648, 0
4000, 342070081, 2, 2147483648, 0
5020, 1020466032, 2, 2147483648, 0
5359, 339036357, 2, 2147483648, 0
5703, 344338157, 2, 2147483648, 0
6043, 339736873, 2, 2147483648, 0
6379, 335749679, 2, 2147483648, 0
6723, 344046380, 2, 2147483648, 0
7063, 340492863, 2, 2147483648, 0
7402, 338222285, 2, 2147483648, 0
7747, 345716979, 2, 2147483648, 0
8815, 1068043403, 2, 2147483648, 0
9158, 342094480, 2, 2147483648, 0
9495, 337680905, 2, 2147483648, 0
9835, 339939261, 2, 2147483648, 0
10177, 342150664, 2, 2147483648, 0
10515, 338043277, 2, 2147483648, 0
10855, 339895377, 2, 2147483648, 0
11196, 340557811, 2, 2147483648, 0
11532, 335685599, 2, 2147483648, 0
12556, 1024045176, 2, 2147483648, 0
12899, 343645721, 2, 2147483648, 0
13241, 341965070, 2, 2147483648, 0
13579, 337937354, 2, 2147483648, 0
13923, 343826026, 2, 2147483648, 0
14265, 342351973, 2, 2147483648, 0
14603, 337970618, 2, 2147483648, 0
14942, 338384102, 2, 2147483648, 0
15281, 339585903, 2, 2147483648, 0
16306, 1024152765, 2, 2147483648, 0
16644, 337978306, 2, 2147483648, 0
16984, 340052064, 2, 2147483648, 0
17325, 341327351, 2, 2147483648, 0
17672, 346609052, 2, 2147483648, 0
18015, 343904496, 2, 2147483648, 0
18357, 341887968, 2, 2147483648, 0
18693, 335951988, 2, 2147483648, 0
19032, 338255714, 2, 2147483648, 0
20055, 1023678532, 2, 2147483648, 0
20400, 344593032, 2, 2147483648, 0
20752, 351724276, 2, 2147483648, 0
21099, 347477831, 2, 2147483648, 0
21439, 340322309, 2, 2147483648, 0
21783, 343971212, 2, 2147483648, 0
22139, 355769032, 2, 2147483648, 0
22482, 342640021, 2, 2147483648, 0
22827, 345592799, 2, 2147483648, 0
23843, 1015498994, 2, 2147483648, 0
24191, 348341851, 2, 2147483648, 0
24531, 340082319, 2, 2147483648, 0
24872, 340386250, 2, 2147483648, 0
25215, 343535854, 2, 2147483648, 0
25563, 348009111, 2, 2147483648, 0
25903, 340019142, 2, 2147483648, 0
26242, 338715642, 2, 2147483648, 0
26587, 345353282, 2, 2147483648, 0
27607, 1019955645, 2, 2147483648, 0
27947, 339941030, 2, 2147483648, 0
28287, 339965141, 2, 2147483648, 0
28627, 339839846, 2, 2147483648, 0
28967, 340078795, 2, 2147483648, 0
29307, 340256929, 2, 2147483648, 0
29647, 339945907, 2, 2147483648, 0
29986, 338174632, 2, 2147483648, 0
30327, 341725191, 2, 2147483648, 0
31347, 1019893333, 2, 2147483648, 0
31691, 344244370, 2, 2147483648, 0
32035, 343960983, 2, 2147483648, 0
32375, 339777189, 2, 2147483648, 0
32716, 340488870, 2, 2147483648, 0
33055, 339683551, 2, 2147483648, 0
33395, 340014261, 2, 2147483648, 0
33749, 353985269, 2, 2147483648, 0
34095, 346012733, 2, 2147483648, 0
35119, 1023543999, 2, 2147483648, 0
35459, 340251274, 2, 2147483648, 0
35799, 340099339, 2, 2147483648, 0
36139, 340081645, 2, 2147483648, 0
36479, 339744191, 2, 2147483648, 0
36819, 339990401, 2, 2147483648, 0
37164, 344474283, 2, 2147483648, 0
37502, 338495818, 2, 2147483648, 0
37840, 337407106, 2, 2147483648, 0
38864, 1023985347, 2, 2147483648, 0
39204, 339958905, 2, 2147483648, 0
39543, 339915663, 2, 2147483648, 0
39883, 339859581, 2, 2147483648, 0
40224, 340487534, 2, 2147483648, 0
40564, 340020006, 2, 2147483648, 0
40903, 339477952, 2, 2147483648, 0
41242, 339098864, 2, 2147483648, 0
41579, 336996516, 2, 2147483648, 0
42603, 1023975390, 2, 2147483648, 0
42943, 339818988, 2, 2147483648, 0
43283, 339680767, 2, 2147483648, 0
43623, 340476053, 2, 2147483648, 0
43964, 340122013, 2, 2147483648, 0
44303, 339882230, 2, 2147483648, 0
44643, 339892992, 2, 2147483648, 0
44982, 338331566, 2, 2147483648, 0
45319, 337743296, 2, 2147483648, 0
46343, 1023444326, 2, 2147483648, 0
46683, 340300005, 2, 2147483648, 0
47024, 340456318, 2, 2147483648, 0
47371, 347767106, 2, 2147483648, 0
47715, 343798855, 2, 2147483648, 0
48055, 340160867, 2, 2147483648, 0
48395, 340047386, 2, 2147483648, 0
48733, 337628022, 2, 2147483648, 0
49076, 342533101, 2, 2147483648, 0
50095, 1019663040, 2, 2147483648, 0
50435, 340246411, 2, 2147483648, 0
50775, 339902474, 2, 2147483648, 0
51115, 339998703, 2, 2147483648, 0
51456, 340172710, 2, 2147483648, 0
51795, 339826382, 2, 2147483648, 0
52135, 340039136, 2, 2147483648, 0
52474, 338341211, 2, 2147483648, 0
52811, 337689457, 2, 2147483648, 0
53835, 1023969116, 2, 2147483648, 0
54175, 339334244, 2, 2147483648, 0
54516, 340742835, 2, 2147483648, 0
54855, 339789138, 2, 2147483648, 0
55195, 340033719, 2, 2147483648, 0
55536, 340168029, 2, 2147483648, 0
55875, 339432087, 2, 2147483648, 0
56214, 338742550, 2, 2147483648, 0
56556, 341768075, 2, 2147483648, 0
57575, 1019737841, 2, 2147483648, 0
57915, 340137876, 2, 2147483648, 0
58259, 343975387, 2, 2147483648, 0
58599, 340021167, 2, 2147483648, 0
58939, 339711112, 2, 2147483648, 0
59279, 340302882, 2, 2147483648, 0
59623, 343860189, 2, 2147483648, 0
59962, 338746399, 2, 2147483648, 0
60299, 337323730, 2, 2147483648, 0
61323, 1024074813, 2, 2147483648, 0
61663, 339971098, 2, 2147483648, 0
62003, 339765464, 2, 2147483648, 0
62343, 340184460, 2, 2147483648, 0
62695, 351815388, 2, 2147483648, 0
63043, 347958176, 2, 2147483648, 0
63387, 343816591, 2, 2147483648, 0
63726, 338754223, 2, 2147483648, 0
64063, 337610976, 2, 2147483648, 0
65087, 1024070976, 2, 2147483648, 0
65427, 339718460, 2, 2147483648, 0
65767, 340027741, 2, 2147483648, 0
66116, 348370437, 2, 2147483648, 0
66459, 343314081, 2, 2147483648, 0
66803, 344259581, 2, 2147483648, 0
67147, 344006346, 2, 2147483648, 0
67490, 342412467, 2, 2147483648, 0
67832, 342104544, 2, 2147483648, 0
68863, 1031597957, 2, 2147483648, 0
69211, 348029570, 2, 2147483648, 0
69551, 339863451, 2, 2147483648, 0
69891, 339837145, 2, 2147483648, 0
70231, 340240924, 2, 2147483648, 0
70575, 343964631, 2, 2147483648, 0
70915, 340104207, 2, 2147483648, 0
71254, 338900392, 2, 2147483648, 0
71592, 337188544, 2, 2147483648, 0
72615, 1023646164, 2, 2147483648, 0
72956, 340417205, 2, 2147483648, 0
73295, 339782848, 2, 2147483648, 0
73635, 339949042, 2, 2147483648, 0
73976, 340455433, 2, 2147483648, 0
74315, 339370318, 2, 2147483648, 0
74655, 340101893, 2, 2147483648, 0
74994, 338895319, 2, 2147483648, 0
75332, 337321888, 2, 2147483648, 0
76355, 1023633114, 2, 2147483648, 0
76695, 340074655, 2, 2147483648, 0
77035, 339768546, 2, 2147483648, 0
77376, 340775464, 2, 2147483648, 0
77716, 339687825, 2, 2147483648, 0
78055, 339918698, 2, 2147483648, 0
78395, 339966316, 2, 2147483648, 0
78738, 342761539, 2, 2147483648, 0
79076, 337355835, 2, 2147483648, 0
80099, 1023807133, 2, 2147483648, 0
80439, 339830525, 2, 2147483648, 0
80779, 340208483, 2, 2147483648, 0
81119, 339610553, 2, 2147483648, 0
81459, 340168491, 2, 2147483648, 0
81800, 340320765, 2, 2147483648, 0
82139, 339427778, 2, 2147483648, 0
82482, 343008248, 2, 2147483648, 0
82820, 337642614, 2, 2147483648, 0
83843, 1023745021, 2, 2147483648, 0
84183, 339976000, 2, 2147483648, 0
84523, 339933849, 2, 2147483648, 0
84857, 333978043, 2, 2147483648, 0
85203, 346087496, 2, 2147483648, 0
85547, 344032747, 2, 2147483648, 0
85888, 340125958, 2, 2147483648, 0
86226, 338220936, 2, 2147483648, 0
86564, 337815140, 2, 2147483648, 0
87587, 1023749596, 2, 2147483648, 0
87927, 339863482, 2, 2147483648, 0
88268, 340326624, 2, 2147483648, 0
88608, 340003499, 2, 2147483648, 0
88947, 339546360, 2, 2147483648, 0
89287, 340209963, 2, 2147483648, 0
89632, 344211220, 2, 2147483648, 0
89970, 338850765, 2, 2147483648, 0
90308, 337311031, 2, 2147483648, 0
91332, 1023835003, 2, 2147483648, 0
91671, 339857873, 2, 2147483648, 0
92011, 340012881, 2, 2147483648, 0
92356, 344063913, 2, 2147483648, 0
92695, 339945902, 2, 2147483648, 0
93036, 340027563, 2, 2147483648, 0
93376, 340023569, 2, 2147483648, 0
93714, 338572931, 2, 2147483648, 0
94051, 337362107, 2, 2147483648, 0
95075, 1023895751, 2, 2147483648, 0
95415, 339925147, 2, 2147483648, 0
95741, 326126640, 2, 2147483648, 0
96096, 354157449, 2, 2147483648, 0
96436, 339979093, 2, 2147483648, 0
96776, 339908795, 2, 2147483648, 0
97116, 340075923, 2, 2147483648, 0
97454, 338734481, 2, 2147483648, 0
97791, 337087819, 2, 2147483648, 0
98815, 1023834996, 2, 2147483648, 0
99159, 344053056, 2, 2147483648, 0
99499, 339968743, 2, 2147483648, 0
99840, 340238660, 2, 2147483648, 0
100179, 339854175, 2, 2147483648, 0
100520, 340290685, 2, 2147483648, 0
100859, 339524460, 2, 2147483648, 0
101198, 338678266, 2, 2147483648, 0
101543, 345548079, 2, 2147483648, 0
102560, 1016099310, 2, 2147483648, 0
102899, 339489301, 2, 2147483648, 0
103239, 340145845, 2, 2147483648, 0
103580, 340337775, 2, 2147483648, 0
103920, 339978051, 2, 2147483648, 0
104260, 340546290, 2, 2147483648, 0
104604, 343611109, 2, 2147483648, 0
104946, 342305924, 2, 2147483648, 0
105284, 337476410, 2, 2147483648, 0
106312, 1028123809, 2, 2147483648, 0
106651, 339832554, 2, 2147483648, 0
106992, 340045010, 2, 2147483648, 0
107332, 340125765, 2, 2147483648, 0
107671, 339744830, 2, 2147483648, 0
108012, 340186548, 2, 2147483648, 0
108352, 340077300, 2, 2147483648, 0
108690, 338011293, 2, 2147483648, 0
109032, 342042234, 2, 2147483648, 0
110051, 1019492040, 2, 2147483648, 0
110396, 344276623, 2, 2147483648, 0
110735, 339818279, 2, 2147483648, 0
111075, 340140545, 2, 2147483648, 0
111419, 343850583, 2, 2147483648, 0
111760, 340344496, 2, 2147483648, 0
112100, 339906788, 2, 2147483648, 0
112438, 337995471, 2, 2147483648, 0
112780, 342165968, 2, 2147483648, 0
113799, 1019337595, 2, 2147483648, 0
114140, 340542324, 2, 2147483648, 0
114479, 339741605, 2, 2147483648, 0
114819, 339928853, 2, 2147483648, 0
115159, 339702134, 2, 2147483648, 0
115499, 340227017, 2, 2147483648, 0
115840, 340291365, 2, 2147483648, 0
116178, 338233314, 2, 2147483648, 0
116516, 338028923, 2, 2147483648, 0
117539, 1023645219, 2, 2147483648, 0
117883, 343977520, 2, 2147483648, 0
118231, 347894326, 2, 2147483648, 0
118572, 340446260, 2, 2147483648, 0
118916, 343789731, 2, 2147483648, 0
119256, 340292556, 2, 2147483648, 0
119595, 339578199, 2, 2147483648, 0
119938, 342130057, 2, 2147483648, 0
120276, 337993496, 2, 2147483648, 0
121299, 1023715966, 2, 2147483648, 0
121639, 339834381, 2, 2147483648, 0
121980, 340443567, 2, 2147483648, 0
122320, 339928993, 2, 2147483648, 0
122660, 339994367, 2, 2147483648, 0
122999, 339838633, 2, 2147483648, 0
123339, 340083160, 2, 2147483648, 0
123678, 338097295, 2, 2147483648, 0
124016, 338299330, 2, 2147483648, 0
125040, 1023862663, 2, 2147483648, 0
125379, 339530998, 2, 2147483648, 0
125719, 339903403, 2, 2147483648, 0
126064, 344378063, 2, 2147483648, 0
126404, 339971417, 2, 2147483648, 0
126743, 339595547, 2, 2147483648, 0
127083, 340142350, 2, 2147483648, 0
127422, 338847711, 2, 2147483648, 0
127760, 337606915, 2, 2147483648, 0
128784, 1023838342, 2, 2147483648, 0
129124, 340005342, 2, 2147483648, 0
129464, 340035985, 2, 2147483648, 0
129803, 339745923, 2, 2147483648, 0
130144, 340146103, 2, 2147483648, 0
130483, 339654074, 2, 2147483648, 0
130824, 340353859, 2, 2147483648, 0
131162, 338216152, 2, 2147483648, 0
131502, 340319699, 2, 2147483648, 0
132182, 679674376, 2, 2147483648, 0
132522, 340554290, 2, 2147483648, 0
133208, 685210320, 2, 2147483648, 0
133548, 339979743, 2, 2147483648, 0
133888, 340050937, 2, 2147483648, 0
134228, 339967465, 2, 2147483648, 0
134567, 339816316, 2, 2147483648, 0
134906, 338888261, 2, 2147483648, 0
135246, 339884522, 2, 2147483648, 0
135925, 679284720, 2, 2147483648, 0
136266, 340810833, 2, 2147483648, 0
136947, 680766283, 2, 2147483648, 0
137287, 340205779, 2, 2147483648, 0
137627, 340119129, 2, 2147483648, 0
137968, 340360595, 2, 2147483648, 0
138308, 339884874, 2, 2147483648, 0
138646, 338470597, 2, 2147483648, 0
138986, 339551506, 2, 2147483648, 0
139666, 680129351, 2, 2147483648, 0
140006, 340444268, 2, 2147483648, 0
140687, 681142958, 2, 2147483648, 0
141031, 343975003, 2, 2147483648, 0
141371, 339776967, 2, 2147483648, 0
141712, 340534638, 2, 2147483648, 0
142052, 339938714, 2, 2147483648, 0
142390, 338076377, 2, 2147483648, 0
142730, 340445483, 2, 2147483648, 0
143410, 679608957, 2, 2147483648, 0
143750, 340137180, 2, 2147483648, 0
144431, 681416564, 2, 2147483648, 0
144772, 340148164, 2, 2147483648, 0
145111, 339671647, 2, 2147483648, 0
145451, 340143190, 2, 2147483648, 0
145795, 343844282, 2, 2147483648, 0
146134, 339214010, 2, 2147483648, 0
146474, 339400826, 2, 2147483648, 0
147155, 680754827, 2, 2147483648, 0
147494, 339635658, 2, 2147483648, 0
148184, 689306093, 2, 2147483648, 0
148527, 343547935, 2, 2147483648, 0
148873, 346207253, 2, 2147483648, 0
149212, 338502174, 2, 2147483648, 0
149551, 339512515, 2, 2147483648, 0
149892, 340755973, 2, 2147483648, 0
150229, 337393465, 2, 2147483648, 0
150912, 682723962, 2, 2147483648, 0
151249, 337270692, 2, 2147483648, 0
151934, 684259722, 2, 2147483648, 0
152271, 337745131, 2, 2147483648, 0
152611, 339881655, 2, 2147483648, 0
152954, 342449080, 2, 2147483648, 0
153291, 337660701, 2, 2147483648, 0
153638, 346336240, 2, 2147483648, 0
153997, 359647511, 2, 2147483648, 0
154698, 700781300, 2, 2147483648, 0
155038, 339982032, 2, 2147483648, 0
155720, 681273090, 2, 2147483648, 0
156059, 339915113, 2, 2147483648, 0
156403, 344040598, 2, 2147483648, 0
156744, 340320944, 2, 2147483648, 0
157083, 339232700, 2, 2147483648, 0
157421, 338267763, 2, 2147483648, 0
157761, 340159778, 2, 2147483648, 0
158442, 680355750, 2, 2147483648, 0
158781, 339489171, 2, 2147483648, 0
159464, 682402942, 2, 2147483648, 0
159804, 339854834, 2, 2147483648, 0
160143, 339731563, 2, 2147483648, 0
160484, 340221271, 2, 2147483648, 0
160823, 339816154, 2, 2147483648, 0
161162, 338167919, 2, 2147483648, 0
161502, 340686049, 2, 2147483648, 0
162187, 685003389, 2, 2147483648, 0
162527, 340102234, 2, 2147483648, 0
162867, 339099232, 2, 2147483648, 0
163206, 339894314, 2, 2147483648, 0
163887, 681008971, 2, 2147483648, 0
164228, 340189850, 2, 2147483648, 0
164567, 339601563, 2, 2147483648, 0
164906, 338632778, 2, 2147483648, 0
165246, 340235633, 2, 2147483648, 0
165928, 681620849, 2, 2147483648, 0
166268, 339936143, 2, 2147483648, 0
166604, 336072351, 2, 2147483648, 0
