333, 333760766, 2, 2147483648, 0
735, 401963919, 2, 2147483648, 0
1965, 1230170197, 2, 2147483648, 0
2373, 407666707, 2, 2147483648, 0
2795, 421372112, 2, 2147483648, 0
3213, 418766238, 2, 2147483648, 0
3621, 407747524, 2, 2147483648, 0
4029, 408288467, 2, 2147483648, 0
4435, 405981363, 2, 2147483648, 0
4841, 405846373, 2, 2147483648, 0
6069, 1227954998, 2, 2147483648, 0
6477, 408017693, 2, 2147483648, 0
6885, 408104883, 2, 2147483648, 0
7293, 407497463, 2, 2147483648, 0
7700, 407031590, 2, 2147483648, 0
8109, 409566676, 2, 2147483648, 0
8516, 406056120, 2, 2147483648, 0
8921, 405936710, 2, 2147483648, 0
10149, 1227516439, 2, 2147483648, 0
10557, 408057776, 2, 2147483648, 0
10965, 408137008, 2, 2147483648, 0
11373, 408089019, 2, 2147483648, 0
11781, 407875159, 2, 2147483648, 0
12188, 406421189, 2, 2147483648, 0
12595, 407754152, 2, 2147483648, 0
13821, 1225609275, 2, 2147483648, 0
14229, 408226602, 2, 2147483648, 0
14637, 407915099, 2, 2147483648, 0
15045, 407929262, 2, 2147483648, 0
15453, 407557995, 2, 2147483648, 0
15861, 408320428, 2, 2147483648, 0
16266, 405442554, 2, 2147483648, 0
17493, 1226544292, 2, 2147483648, 0
17901, 408240599, 2, 2147483648, 0
18309, 407667837, 2, 2147483648, 0
18717, 408149274, 2, 2147483648, 0
19125, 408143152, 2, 2147483648, 0
19533, 407849585, 2, 2147483648, 0
19940, 406726801, 2, 2147483648, 0
20350, 409727117, 2, 2147483648, 0
21573, 1223726154, 2, 2147483648, 0
21981, 408093862, 2, 2147483648, 0
22389, 407757149, 2, 2147483648, 0
22797, 408294039, 2, 2147483648, 0
23205, 407846934, 2, 2147483648, 0
23614, 408242923, 2, 2147483648, 0
24020, 406365682, 2, 2147483648, 0
24429, 409563612, 2, 2147483648, 0
25653, 1223675590, 2, 2147483648, 0
26061, 407921631, 2, 2147483648, 0
26469, 408133300, 2, 2147483648, 0
26879, 409493508, 2, 2147483648, 0
27285, 406359619, 2, 2147483648, 0
27693, 407925733, 2, 2147483648, 0
28099, 406107606, 2, 2147483648, 0
28505, 405972121, 2, 2147483648, 0
29733, 1227889250, 2, 2147483648, 0
30141, 408237698, 2, 2147483648, 0
30549, 407903761, 2, 2147483648, 0
30957, 408073860, 2, 2147483648, 0
31365, 408102971, 2, 2147483648, 0
31773, 408096347, 2, 2147483648, 0
32180, 406175442, 2, 2147483648, 0
32601, 421724376, 2, 2147483648, 0
33845, 1243824773, 2, 2147483648, 0
34253, 407908493, 2, 2147483648, 0
34661, 408016285, 2, 2147483648, 0
35069, 408089900, 2, 2147483648, 0
35477, 408111660, 2, 2147483648, 0
35878, 400462634, 2, 2147483648, 0
36292, 413986614, 2, 2147483648, 0
36697, 405668199, 2, 2147483648, 0
37925, 1227700768, 2, 2147483648, 0
38333, 408135355, 2, 2147483648, 0
38741, 407946565, 2, 2147483648, 0
39149, 407944319, 2, 2147483648, 0
39557, 408169424, 2, 2147483648, 0
39965, 407668270, 2, 2147483648, 0
40372, 407205580, 2, 2147483648, 0
41188, 815340397, 2, 2147483648, 0
41596, 408017580, 2, 2147483648, 0
42413, 817456501, 2, 2147483648, 0
42821, 407582805, 2, 2147483648, 0
43230, 408519386, 2, 2147483648, 0
43637, 407361424, 2, 2147483648, 0
44044, 407205789, 2, 2147483648, 0
44452, 407697115, 2, 2147483648, 0
45268, 815800129, 2, 2147483648, 0
45676, 408104951, 2, 2147483648, 0
46493, 817431750, 2, 2147483648, 0
46901, 408196661, 2, 2147483648, 0
47310, 408353799, 2, 2147483648, 0
47716, 406453606, 2, 2147483648, 0
48124, 407467086, 2, 2147483648, 0
48944, 820644060, 2, 2147483648, 0
49352, 407816087, 2, 2147483648, 0
50169, 817049737, 2, 2147483648, 0
50581, 411983441, 2, 2147483648, 0
50989, 408106031, 2, 2147483648, 0
51400, 410439920, 2, 2147483648, 0
51816, 416367791, 2, 2147483648, 0
52655, 839126663, 2, 2147483648, 0
53064, 408744722, 2, 2147483648, 0
53881, 817213619, 2, 2147483648, 0
54289, 407902188, 2, 2147483648, 0
54697, 407929558, 2, 2147483648, 0
55120, 423181860, 2, 2147483648, 0
55551, 431182270, 2, 2147483648, 0
56395, 843843038, 2, 2147483648, 0
56804, 408758924, 2, 2147483648, 0
57621, 817248017, 2, 2147483648, 0
58029, 408131228, 2, 2147483648, 0
58437, 407591666, 2, 2147483648, 0
58845, 407814460, 2, 2147483648, 0
59251, 406468633, 2, 2147483648, 0
60077, 825829923, 2, 2147483648, 0
60484, 406768438, 2, 2147483648, 0
60892, 407867069, 2, 2147483648, 0
61709, 817218582, 2, 2147483648, 0
62117, 408287928, 2, 2147483648, 0
62526, 408964268, 2, 2147483648, 0
62932, 405536322, 2, 2147483648, 0
63749, 817284521, 2, 2147483648, 0
64156, 406577721, 2, 2147483648, 0
64564, 407709203, 2, 2147483648, 0
65381, 817681176, 2, 2147483648, 0
65794, 412270628, 2, 2147483648, 0
66201, 407700562, 2, 2147483648, 0
66608, 406636613, 2, 2147483648, 0
67016, 408042239, 2, 2147483648, 0
67833, 817228034, 2, 2147483648, 0
68240, 406854135, 2, 2147483648, 0
68647, 407299154, 2, 2147483648, 0
69481, 833785540, 2, 2147483648, 0
69901, 419891142, 2, 2147483648, 0
70332, 430807297, 2, 2147483648, 0
70748, 416220848, 2, 2147483648, 0
71593, 844509699, 2, 2147483648, 0
71999, 406586173, 2, 2147483648, 0
72408, 408438507, 2, 2147483648, 0
73225, 817586525, 2, 2147483648, 0
73633, 407723273, 2, 2147483648, 0
74039, 406169990, 2, 2147483648, 0
74448, 408845411, 2, 2147483648, 0
75265, 816910709, 2, 2147483648, 0
75672, 406659174, 2, 2147483648, 0
76080, 408050356, 2, 2147483648, 0
76917, 837595073, 2, 2147483648, 0
77349, 431812731, 2, 2147483648, 0
77768, 418587796, 2, 2147483648, 0
78196, 427900547, 2, 2147483648, 0
79037, 841682580, 2, 2147483648, 0
79444, 406797323, 2, 2147483648, 0
79851, 407290570, 2, 2147483648, 0
80669, 817857712, 2, 2147483648, 0
81077, 407639194, 2, 2147483648, 0
81483, 406604557, 2, 2147483648, 0
81892, 408612860, 2, 2147483648, 0
82709, 816710115, 2, 2147483648, 0
83116, 406882721, 2, 2147483648, 0
83523, 407724909, 2, 2147483648, 0
84354, 830118652, 2, 2147483648, 0
84773, 419655357, 2, 2147483648, 0
85179, 406223799, 2, 2147483648, 0
85588, 408099087, 2, 2147483648, 0
86407, 819623639, 2, 2147483648, 0
86812, 404793907, 2, 2147483648, 0
87219, 407316254, 2, 2147483648, 0
88057, 838040004, 2, 2147483648, 0
88481, 423645405, 2, 2147483648, 0
88899, 418017676, 2, 2147483648, 0
89324, 424653129, 2, 2147483648, 0
90161, 837467145, 2, 2147483648, 0
90575, 414336672, 2, 2147483648, 0
90983, 407664185, 2, 2147483648, 0
91801, 818090749, 2, 2147483648, 0
92209, 407618159, 2, 2147483648, 0
92616, 406869156, 2, 2147483648, 0
93024, 407898435, 2, 2147483648, 0
93841, 817272861, 2, 2147483648, 0
94256, 414593397, 2, 2147483648, 0
94676, 420299530, 2, 2147483648, 0
95501, 825444393, 2, 2147483648, 0
95909, 407957522, 2, 2147483648, 0
96316, 406379669, 2, 2147483648, 0
96724, 408527112, 2, 2147483648, 0
97545, 821056453, 2, 2147483648, 0
97952, 406358622, 2, 2147483648, 0
98769, 817692018, 2, 2147483648, 0
99178, 408234991, 2, 2147483648, 0
99585, 407750098, 2, 2147483648, 0
99993, 407796660, 2, 2147483648, 0
100399, 406109914, 2, 2147483648, 0
100808, 408421229, 2, 2147483648, 0
101623, 815755044, 2, 2147483648, 0
102031, 408083756, 2, 2147483648, 0
102849, 817639854, 2, 2147483648, 0
103261, 411747266, 2, 2147483648, 0
103681, 420421902, 2, 2147483648, 0
104088, 406507152, 2, 2147483648, 0
104496, 408132679, 2, 2147483648, 0
105311, 815408205, 2, 2147483648, 0
105703, 391807064, 2, 2147483648, 0
106537, 833891111, 2, 2147483648, 0
106945, 407805256, 2, 2147483648, 0
107353, 407760894, 2, 2147483648, 0
107760, 407145465, 2, 2147483648, 0
108168, 408131060, 2, 2147483648, 0
108985, 816667525, 2, 2147483648, 0
109801, 816579357, 2, 2147483648, 0
110209, 407763929, 2, 2147483648, 0
110617, 408287091, 2, 2147483648, 0
111025, 408209913, 2, 2147483648, 0
111437, 411153916, 2, 2147483648, 0
111848, 410903785, 2, 2147483648, 0
112255, 407537904, 2, 2147483648, 0
113076, 820482780, 2, 2147483648, 0
113483, 407797094, 2, 2147483648, 0
114301, 817861359, 2, 2147483648, 0
114709, 407468080, 2, 2147483648, 0
115117, 408502369, 2, 2147483648, 0
115532, 414279568, 2, 2147483648, 0
115939, 407921405, 2, 2147483648, 0
116756, 816160101, 2, 2147483648, 0
117164, 408201317, 2, 2147483648, 0
117985, 821330176, 2, 2147483648, 0
118392, 407277361, 2, 2147483648, 0
118801, 408589524, 2, 2147483648, 0
119208, 406721922, 2, 2147483648, 0
119616, 407982302, 2, 2147483648, 0
120432, 815913730, 2, 2147483648, 0
120840, 408249329, 2, 2147483648, 0
121657, 817386539, 2, 2147483648, 0
122065, 408006473, 2, 2147483648, 0
122473, 407992579, 2, 2147483648, 0
122879, 406124682, 2, 2147483648, 0
123287, 407778751, 2, 2147483648, 0
124103, 815979320, 2, 2147483648, 0
124511, 407992735, 2, 2147483648, 0
125329, 817734410, 2, 2147483648, 0
125737, 408062534, 2, 2147483648, 0
126145, 408081703, 2, 2147483648, 0
126553, 408073783, 2, 2147483648, 0
126960, 406459961, 2, 2147483648, 0
127776, 815991303, 2, 2147483648, 0
128184, 408316868, 2, 2147483648, 0
129001, 817207161, 2, 2147483648, 0
129410, 408344814, 2, 2147483648, 0
129817, 407362434, 2, 2147483648, 0
130224, 407125944, 2, 2147483648, 0
130631, 407413013, 2, 2147483648, 0
131448, 816520335, 2, 2147483648, 0
131856, 407781655, 2, 2147483648, 0
132673, 817248915, 2, 2147483648, 0
133081, 408388544, 2, 2147483648, 0
133489, 407223882, 2, 2147483648, 0
133896, 407226634, 2, 2147483648, 0
134303, 407584584, 2, 2147483648, 0
135120, 816157012, 2, 2147483648, 0
135528, 408075580, 2, 2147483648, 0
136345, 817327081, 2, 2147483648, 0
136753, 407879516, 2, 2147483648, 0
137161, 408292380, 2, 2147483648, 0
137569, 407815891, 2, 2147483648, 0
137976, 407049652, 2, 2147483648, 0
138383, 407207846, 2, 2147483648, 0
139204, 820728137, 2, 2147483648, 0
139611, 407257255, 2, 2147483648, 0
140429, 818157562, 2, 2147483648, 0
140837, 407647170, 2, 2147483648, 0
141245, 408050174, 2, 2147483648, 0
141652, 406680179, 2, 2147483648, 0
142060, 407601752, 2, 2147483648, 0
142876, 816877170, 2, 2147483648, 0
143284, 407723411, 2, 2147483648, 0
144101, 817043148, 2, 2147483648, 0
144509, 408129212, 2, 2147483648, 0
144917, 407712627, 2, 2147483648, 0
145323, 406403668, 2, 2147483648, 0
145731, 407806659, 2, 2147483648, 0
146548, 816551981, 2, 2147483648, 0
146956, 408317706, 2, 2147483648, 0
147774, 817390205, 2, 2147483648, 0
148181, 407587549, 2, 2147483648, 0
148589, 407720730, 2, 2147483648, 0
149000, 410752662, 2, 2147483648, 0
149416, 416004725, 2, 2147483648, 0
150244, 828015871, 2, 2147483648, 0
150652, 408008744, 2, 2147483648, 0
151469, 817570301, 2, 2147483648, 0
151877, 407943398, 2, 2147483648, 0
152289, 412153119, 2, 2147483648, 0
152696, 406279331, 2, 2147483648, 0
153104, 408328243, 2, 2147483648, 0
153919, 815483630, 2, 2147483648, 0
154327, 408018085, 2, 2147483648, 0
155145, 817337333, 2, 2147483648, 0
155553, 408566419, 2, 2147483648, 0
155961, 407654383, 2, 2147483648, 0
156372, 410548643, 2, 2147483648, 0
156782, 410603129, 2, 2147483648, 0
157596, 813706667, 2, 2147483648, 0
158004, 407977830, 2, 2147483648, 0
158823, 819071116, 2, 2147483648, 0
159229, 406087685, 2, 2147483648, 0
159637, 408314931, 2, 2147483648, 0
160044, 406544540, 2, 2147483648, 0
160452, 407955266, 2, 2147483648, 0
161268, 816250526, 2, 2147483648, 0
161675, 407260265, 2, 2147483648, 0
162493, 817647011, 2, 2147483648, 0
162904, 410463456, 2, 2147483648, 0
163309, 405823782, 2, 2147483648, 0
163719, 409836240, 2, 2147483648, 0
164128, 408518454, 2, 2147483648, 0
164950, 822357009, 2, 2147483648, 0
165356, 405631778, 2, 2147483648, 0
166177, 821300607, 2, 2147483648, 0
166585, 407727098, 2, 2147483648, 0
166995, 410179989, 2, 2147483648, 0
167401, 406171010, 2, 2147483648, 0
167809, 408179999, 2, 2147483648, 0
168217, 407894687, 2, 2147483648, 0
168633, 416039081, 2, 2147483648, 0
169040, 406610700, 2, 2147483648, 0
169448, 408371207, 2, 2147483648, 0
170262, 813330655, 2, 2147483648, 0
