17, 17918133, 2, 2147483648, 0
56, 38144080, 2, 2147483648, 0
259, 203654443, 2, 2147483648, 0
327, 67753699, 2, 2147483648, 0
395, 68094867, 2, 2147483648, 0
463, 67969787, 2, 2147483648, 0
531, 67752441, 2, 2147483648, 0
600, 68617369, 2, 2147483648, 0
667, 67815307, 2, 2147483648, 0
739, 71845520, 2, 2147483648, 0
808, 68439637, 2, 2147483648, 0
875, 67697045, 2, 2147483648, 0
943, 67608886, 2, 2147483648, 0
1011, 68382493, 2, 2147483648, 0
1082, 70342646, 2, 2147483648, 0
1147, 65597541, 2, 2147483648, 0
1216, 68241794, 2, 2147483648, 0
1283, 67682886, 2, 2147483648, 0
1353, 69476048, 2, 2147483648, 0
1419, 66613369, 2, 2147483648, 0
1488, 68260780, 2, 2147483648, 0
1556, 68015899, 2, 2147483648, 0
1624, 67865221, 2, 2147483648, 0
1691, 67792814, 2, 2147483648, 0
1759, 67591830, 2, 2147483648, 0
1827, 68341586, 2, 2147483648, 0
1895, 68210066, 2, 2147483648, 0
1964, 68114647, 2, 2147483648, 0
2032, 68006965, 2, 2147483648, 0
2099, 67755138, 2, 2147483648, 0
2167, 67900387, 2, 2147483648, 0
2235, 68088274, 2, 2147483648, 0
2303, 67842330, 2, 2147483648, 0
2373, 69716579, 2, 2147483648, 0
2440, 66632046, 2, 2147483648, 0
2507, 67905097, 2, 2147483648, 0
2575, 67994257, 2, 2147483648, 0
2643, 67753783, 2, 2147483648, 0
2711, 68237821, 2, 2147483648, 0
2779, 67854496, 2, 2147483648, 0
2847, 68122561, 2, 2147483648, 0
2915, 67701334, 2, 2147483648, 0
2983, 68218178, 2, 2147483648, 0
3052, 68230865, 2, 2147483648, 0
3119, 67864165, 2, 2147483648, 0
3187, 67436677, 2, 2147483648, 0
3255, 68370314, 2, 2147483648, 0
3323, 68084947, 2, 2147483648, 0
3392, 68101735, 2, 2147483648, 0
3456, 64104423, 2, 2147483648, 0
3664, 208008077, 2, 2147483648, 0
3732, 67964369, 2, 2147483648, 0
3799, 67760014, 2, 2147483648, 0
3867, 67917146, 2, 2147483648, 0
3935, 67626428, 2, 2147483648, 0
4004, 68612452, 2, 2147483648, 0
4072, 67961215, 2, 2147483648, 0
4139, 67341536, 2, 2147483648, 0
4208, 68659737, 2, 2147483648, 0
4275, 67243372, 2, 2147483648, 0
4343, 68075392, 2, 2147483648, 0
4413, 70359385, 2, 2147483648, 0
4480, 66307909, 2, 2147483648, 0
4547, 67770118, 2, 2147483648, 0
4615, 67905143, 2, 2147483648, 0
4683, 68080428, 2, 2147483648, 0
4751, 68052240, 2, 2147483648, 0
4819, 68086771, 2, 2147483648, 0
4887, 67906818, 2, 2147483648, 0
4955, 67683758, 2, 2147483648, 0
5024, 68460311, 2, 2147483648, 0
5091, 67757426, 2, 2147483648, 0
5160, 68371566, 2, 2147483648, 0
5227, 67344413, 2, 2147483648, 0
5295, 68142134, 2, 2147483648, 0
5363, 68140737, 2, 2147483648, 0
5437, 74086822, 2, 2147483648, 0
5503, 65852518, 2, 2147483648, 0
5571, 67943093, 2, 2147483648, 0
5639, 67766067, 2, 2147483648, 0
5707, 68322079, 2, 2147483648, 0
5776, 68379742, 2, 2147483648, 0
5844, 67854324, 2, 2147483648, 0
5911, 67744493, 2, 2147483648, 0
5979, 68087749, 2, 2147483648, 0
6048, 68157608, 2, 2147483648, 0
6115, 67829311, 2, 2147483648, 0
6183, 67305991, 2, 2147483648, 0
6251, 68710486, 2, 2147483648, 0
6319, 67903025, 2, 2147483648, 0
6388, 68265875, 2, 2147483648, 0
6457, 69903860, 2, 2147483648, 0
6523, 65959484, 2, 2147483648, 0
6591, 67968141, 2, 2147483648, 0
6659, 67858128, 2, 2147483648, 0
6726, 66965943, 2, 2147483648, 0
6791, 65208340, 2, 2147483648, 0
7000, 208162971, 2, 2147483648, 0
7068, 67955643, 2, 2147483648, 0
7136, 67901537, 2, 2147483648, 0
7203, 67793642, 2, 2147483648, 0
7272, 68562624, 2, 2147483648, 0
7339, 67526862, 2, 2147483648, 0
7408, 68186383, 2, 2147483648, 0
7477, 69797839, 2, 2147483648, 0
7543, 65850884, 2, 2147483648, 0
7611, 67883486, 2, 2147483648, 0
7679, 68269263, 2, 2147483648, 0
7747, 67776315, 2, 2147483648, 0
7816, 68415073, 2, 2147483648, 0
7887, 71816629, 2, 2147483648, 0
7956, 68177499, 2, 2147483648, 0
8027, 71744200, 2, 2147483648, 0
8095, 67844245, 2, 2147483648, 0
8163, 68056665, 2, 2147483648, 0
8231, 67800110, 2, 2147483648, 0
8300, 68389882, 2, 2147483648, 0
8367, 67777385, 2, 2147483648, 0
8435, 67890005, 2, 2147483648, 0
8506, 70343214, 2, 2147483648, 0
8572, 66459406, 2, 2147483648, 0
8639, 67320645, 2, 2147483648, 0
8707, 67973804, 2, 2147483648, 0
8776, 68275948, 2, 2147483648, 0
8843, 67722157, 2, 2147483648, 0
8912, 68209145, 2, 2147483648, 0
8979, 67951726, 2, 2147483648, 0
9047, 67870933, 2, 2147483648, 0
9116, 68522476, 2, 2147483648, 0
9184, 67816092, 2, 2147483648, 0
9251, 67614110, 2, 2147483648, 0
9319, 67794054, 2, 2147483648, 0
9387, 68016279, 2, 2147483648, 0
9455, 68283958, 2, 2147483648, 0
9526, 70090186, 2, 2147483648, 0
9591, 65414922, 2, 2147483648, 0
9659, 68495205, 2, 2147483648, 0
9727, 67588708, 2, 2147483648, 0
9795, 68335537, 2, 2147483648, 0
9863, 67847669, 2, 2147483648, 0
9931, 68252056, 2, 2147483648, 0
9999, 67554788, 2, 2147483648, 0
10067, 68430062, 2, 2147483648, 0
10134, 66590375, 2, 2147483648, 0
10200, 65614491, 2, 2147483648, 0
10407, 207615646, 2, 2147483648, 0
10475, 68081723, 2, 2147483648, 0
10546, 70557238, 2, 2147483648, 0
10611, 65409919, 2, 2147483648, 0
10679, 67972025, 2, 2147483648, 0
10747, 68116014, 2, 2147483648, 0
10816, 68089974, 2, 2147483648, 0
10883, 67668359, 2, 2147483648, 0
10951, 68204136, 2, 2147483648, 0
11019, 67876876, 2, 2147483648, 0
11087, 68118408, 2, 2147483648, 0
11156, 68263559, 2, 2147483648, 0
11224, 67829343, 2, 2147483648, 0
11295, 71574346, 2, 2147483648, 0
11368, 72431431, 2, 2147483648, 0
11440, 72119795, 2, 2147483648, 0
11511, 71673340, 2, 2147483648, 0
11583, 71868855, 2, 2147483648, 0
11655, 72191288, 2, 2147483648, 0
11724, 68264943, 2, 2147483648, 0
11795, 71363277, 2, 2147483648, 0
11863, 67720986, 2, 2147483648, 0
11935, 72448067, 2, 2147483648, 0
12007, 72199981, 2, 2147483648, 0
12079, 71878343, 2, 2147483648, 0
12147, 68046305, 2, 2147483648, 0
12219, 71937178, 2, 2147483648, 0
12288, 68162282, 2, 2147483648, 0
12360, 72025270, 2, 2147483648, 0
12431, 71859210, 2, 2147483648, 0
12500, 68369784, 2, 2147483648, 0
12567, 67629639, 2, 2147483648, 0
12639, 71851580, 2, 2147483648, 0
12712, 72219998, 2, 2147483648, 0
12783, 71874849, 2, 2147483648, 0
12855, 71734204, 2, 2147483648, 0
12927, 72251223, 2, 2147483648, 0
12999, 71697869, 2, 2147483648, 0
13067, 68199446, 2, 2147483648, 0
13135, 67646782, 2, 2147483648, 0
13203, 68461743, 2, 2147483648, 0
13271, 67250538, 2, 2147483648, 0
13339, 68587573, 2, 2147483648, 0
13411, 72035011, 2, 2147483648, 0
13483, 71858497, 2, 2147483648, 0
13548, 64358621, 2, 2147483648, 0
13755, 207818231, 2, 2147483648, 0
13827, 71981581, 2, 2147483648, 0
13896, 68202927, 2, 2147483648, 0
13968, 72003019, 2, 2147483648, 0
14035, 67724365, 2, 2147483648, 0
14107, 72229039, 2, 2147483648, 0
14179, 71881272, 2, 2147483648, 0
14247, 68002160, 2, 2147483648, 0
14319, 71901198, 2, 2147483648, 0
14392, 72282321, 2, 2147483648, 0
14464, 72111612, 2, 2147483648, 0
14531, 67039060, 2, 2147483648, 0
14603, 72269155, 2, 2147483648, 0
14672, 68748810, 2, 2147483648, 0
14744, 72000521, 2, 2147483648, 0
14816, 71831629, 2, 2147483648, 0
14887, 71722117, 2, 2147483648, 0
14959, 71745954, 2, 2147483648, 0
15027, 68398300, 2, 2147483648, 0
15099, 71912916, 2, 2147483648, 0
15171, 71721046, 2, 2147483648, 0
15239, 68044482, 2, 2147483648, 0
15307, 68256789, 2, 2147483648, 0
15380, 72306136, 2, 2147483648, 0
15448, 67974839, 2, 2147483648, 0
15519, 71687633, 2, 2147483648, 0
15587, 67962351, 2, 2147483648, 0
15660, 72186085, 2, 2147483648, 0
15732, 71926698, 2, 2147483648, 0
15804, 72029833, 2, 2147483648, 0
15872, 68103795, 2, 2147483648, 0
15939, 67806645, 2, 2147483648, 0
16007, 67902117, 2, 2147483648, 0
16080, 72122100, 2, 2147483648, 0
16147, 67836601, 2, 2147483648, 0
16219, 72094956, 2, 2147483648, 0
16288, 68089373, 2, 2147483648, 0
16358, 69959330, 2, 2147483648, 0
16427, 69881634, 2, 2147483648, 0
16499, 71729753, 2, 2147483648, 0
16567, 67860638, 2, 2147483648, 0
16639, 72263311, 2, 2147483648, 0
16708, 68346271, 2, 2147483648, 0
16780, 71944186, 2, 2147483648, 0
16846, 66935763, 2, 2147483648, 0
16914, 67346504, 2, 2147483648, 0
17050, 135860495, 2, 2147483648, 0
17121, 71774670, 2, 2147483648, 0
17268, 146192737, 2, 2147483648, 0
17339, 71719598, 2, 2147483648, 0
17411, 72033131, 2, 2147483648, 0
17479, 67755750, 2, 2147483648, 0
17551, 72187289, 2, 2147483648, 0
17623, 71820185, 2, 2147483648, 0
17692, 69147973, 2, 2147483648, 0
17763, 70936330, 2, 2147483648, 0
17836, 72455054, 2, 2147483648, 0
17908, 71760545, 2, 2147483648, 0
17975, 67557112, 2, 2147483648, 0
18044, 68711528, 2, 2147483648, 0
18115, 71649155, 2, 2147483648, 0
18187, 71950213, 2, 2147483648, 0
18260, 72187534, 2, 2147483648, 0
18328, 68005496, 2, 2147483648, 0
18395, 67687381, 2, 2147483648, 0
18463, 67863633, 2, 2147483648, 0
18531, 68204568, 2, 2147483648, 0
18599, 67933523, 2, 2147483648, 0
18667, 68001879, 2, 2147483648, 0
18735, 67839063, 2, 2147483648, 0
18803, 68218237, 2, 2147483648, 0
18871, 67717157, 2, 2147483648, 0
18940, 68430167, 2, 2147483648, 0
19008, 68115135, 2, 2147483648, 0
19075, 67165895, 2, 2147483648, 0
19143, 68481180, 2, 2147483648, 0
19211, 67774159, 2, 2147483648, 0
19279, 68344123, 2, 2147483648, 0
19347, 67864039, 2, 2147483648, 0
19416, 68301850, 2, 2147483648, 0
19484, 67951249, 2, 2147483648, 0
19551, 67457002, 2, 2147483648, 0
19620, 68650074, 2, 2147483648, 0
19688, 67773342, 2, 2147483648, 0
19755, 67819284, 2, 2147483648, 0
19824, 68708434, 2, 2147483648, 0
19891, 67423488, 2, 2147483648, 0
19960, 68273413, 2, 2147483648, 0
20027, 67604122, 2, 2147483648, 0
20096, 68244781, 2, 2147483648, 0
20162, 65995109, 2, 2147483648, 0
20230, 68262488, 2, 2147483648, 0
20370, 139888606, 2, 2147483648, 0
20441, 71662197, 2, 2147483648, 0
20587, 145949121, 2, 2147483648, 0
20655, 68039058, 2, 2147483648, 0
20729, 73469875, 2, 2147483648, 0
20799, 70256843, 2, 2147483648, 0
20871, 72039463, 2, 2147483648, 0
20939, 68253663, 2, 2147483648, 0
21007, 67214660, 2, 2147483648, 0
21075, 68793022, 2, 2147483648, 0
21147, 71693678, 2, 2147483648, 0
21215, 68147469, 2, 2147483648, 0
21287, 71968126, 2, 2147483648, 0
21360, 72692930, 2, 2147483648, 0
21431, 70818976, 2, 2147483648, 0
21503, 72314240, 2, 2147483648, 0
21572, 68426489, 2, 2147483648, 0
21643, 71766972, 2, 2147483648, 0
21711, 68094728, 2, 2147483648, 0
21783, 71730225, 2, 2147483648, 0
21856, 72310122, 2, 2147483648, 0
21923, 67977148, 2, 2147483648, 0
21996, 72122737, 2, 2147483648, 0
22068, 72257814, 2, 2147483648, 0
22136, 67840956, 2, 2147483648, 0
22204, 67944715, 2, 2147483648, 0
22276, 72050733, 2, 2147483648, 0
22347, 71218624, 2, 2147483648, 0
22419, 72221046, 2, 2147483648, 0
22492, 72357069, 2, 2147483648, 0
22560, 68074522, 2, 2147483648, 0
22627, 67679787, 2, 2147483648, 0
22695, 67976173, 2, 2147483648, 0
22769, 74197728, 2, 2147483648, 0
22840, 70066337, 2, 2147483648, 0
22911, 71916374, 2, 2147483648, 0
22984, 72095730, 2, 2147483648, 0
23051, 67759863, 2, 2147483648, 0
23123, 72056805, 2, 2147483648, 0
23195, 71983090, 2, 2147483648, 0
23268, 72287383, 2, 2147483648, 0
23339, 71498036, 2, 2147483648, 0
23412, 72356293, 2, 2147483648, 0
23477, 65797597, 2, 2147483648, 0
23546, 68514715, 2, 2147483648, 0
23681, 135533820, 2, 2147483648, 0
23754, 72371946, 2, 2147483648, 0
23892, 137888101, 2, 2147483648, 0
23959, 67607538, 2, 2147483648, 0
24027, 68009541, 2, 2147483648, 0
24095, 68061872, 2, 2147483648, 0
24167, 71952614, 2, 2147483648, 0
24236, 68217910, 2, 2147483648, 0
24308, 72086174, 2, 2147483648, 0
24379, 71463471, 2, 2147483648, 0
24452, 72626742, 2, 2147483648, 0
24520, 67770797, 2, 2147483648, 0
24592, 71980006, 2, 2147483648, 0
24663, 71856677, 2, 2147483648, 0
24735, 72060437, 2, 2147483648, 0
24810, 74254686, 2, 2147483648, 0
24880, 69914889, 2, 2147483648, 0
24947, 67742858, 2, 2147483648, 0
25020, 72140756, 2, 2147483648, 0
25087, 67897662, 2, 2147483648, 0
25155, 68030955, 2, 2147483648, 0
25224, 68058322, 2, 2147483648, 0
25291, 67916112, 2, 2147483648, 0
25364, 72373213, 2, 2147483648, 0
25431, 67486598, 2, 2147483648, 0
25503, 72190446, 2, 2147483648, 0
25572, 68037770, 2, 2147483648, 0
25639, 67754618, 2, 2147483648, 0
25711, 72180483, 2, 2147483648, 0
25783, 72005968, 2, 2147483648, 0
25855, 71759839, 2, 2147483648, 0
25927, 72185254, 2, 2147483648, 0
25999, 72003924, 2, 2147483648, 0
26071, 71868493, 2, 2147483648, 0
26143, 71953960, 2, 2147483648, 0
26216, 73140189, 2, 2147483648, 0
26283, 66956425, 2, 2147483648, 0
26351, 67764533, 2, 2147483648, 0
26423, 72237800, 2, 2147483648, 0
26496, 72145751, 2, 2147483648, 0
26564, 67995875, 2, 2147483648, 0
26635, 71878873, 2, 2147483648, 0
26707, 71934017, 2, 2147483648, 0
26774, 66316035, 2, 2147483648, 0
26842, 68059729, 2, 2147483648, 0
26978, 136409904, 2, 2147483648, 0
27046, 67345088, 2, 2147483648, 0
27183, 137892167, 2, 2147483648, 0
27251, 67993872, 2, 2147483648, 0
27320, 69047872, 2, 2147483648, 0
27387, 66807446, 2, 2147483648, 0
27455, 67970176, 2, 2147483648, 0
27524, 68318197, 2, 2147483648, 0
27591, 67722671, 2, 2147483648, 0
27660, 68307771, 2, 2147483648, 0
27727, 67688627, 2, 2147483648, 0
27796, 68346662, 2, 2147483648, 0
27864, 68215916, 2, 2147483648, 0
27932, 67844263, 2, 2147483648, 0
28000, 67995926, 2, 2147483648, 0
28068, 68150641, 2, 2147483648, 0
28135, 67362981, 2, 2147483648, 0
28203, 67938503, 2, 2147483648, 0
28271, 68232267, 2, 2147483648, 0
28340, 68154985, 2, 2147483648, 0
28408, 67889232, 2, 2147483648, 0
28476, 68155607, 2, 2147483648, 0
28543, 67545174, 2, 2147483648, 0
28611, 68184080, 2, 2147483648, 0
28680, 68089062, 2, 2147483648, 0
28748, 68020216, 2, 2147483648, 0
28815, 67776867, 2, 2147483648, 0
28884, 68673446, 2, 2147483648, 0
28951, 67455243, 2, 2147483648, 0
29019, 67964926, 2, 2147483648, 0
29087, 67618809, 2, 2147483648, 0
29156, 68696406, 2, 2147483648, 0
29223, 67588171, 2, 2147483648, 0
29291, 67898311, 2, 2147483648, 0
29359, 67966297, 2, 2147483648, 0
29427, 68209293, 2, 2147483648, 0
29495, 67865075, 2, 2147483648, 0
29563, 68135502, 2, 2147483648, 0
29631, 67840477, 2, 2147483648, 0
29699, 68196730, 2, 2147483648, 0
29768, 68340426, 2, 2147483648, 0
29835, 67206552, 2, 2147483648, 0
29904, 68977687, 2, 2147483648, 0
29972, 67778707, 2, 2147483648, 0
30040, 67722109, 2, 2147483648, 0
30107, 67302414, 2, 2147483648, 0
30174, 67280825, 2, 2147483648, 0
30315, 141151849, 2, 2147483648, 0
30381, 66030961, 2, 2147483648, 0
30520, 138215134, 2, 2147483648, 0
30588, 68095858, 2, 2147483648, 0
30656, 67922201, 2, 2147483648, 0
30724, 68297920, 2, 2147483648, 0
30791, 67285195, 2, 2147483648, 0
30860, 69269691, 2, 2147483648, 0
30929, 68985431, 2, 2147483648, 0
30995, 65864494, 2, 2147483648, 0
31064, 68605470, 2, 2147483648, 0
31131, 67531823, 2, 2147483648, 0
31200, 68055536, 2, 2147483648, 0
31268, 68196485, 2, 2147483648, 0
31336, 67788738, 2, 2147483648, 0
31404, 68118892, 2, 2147483648, 0
31472, 68062148, 2, 2147483648, 0
31540, 67835135, 2, 2147483648, 0
31607, 67788979, 2, 2147483648, 0
31675, 68111714, 2, 2147483648, 0
31743, 68015634, 2, 2147483648, 0
31812, 68221393, 2, 2147483648, 0
31880, 67973900, 2, 2147483648, 0
31949, 69633071, 2, 2147483648, 0
32015, 66019770, 2, 2147483648, 0
32083, 67884264, 2, 2147483648, 0
32152, 68277390, 2, 2147483648, 0
32219, 67892623, 2, 2147483648, 0
32287, 68091795, 2, 2147483648, 0
32355, 67816497, 2, 2147483648, 0
32424, 68195343, 2, 2147483648, 0
32491, 67598642, 2, 2147483648, 0
32560, 68652588, 2, 2147483648, 0
32627, 67675635, 2, 2147483648, 0
32695, 67610311, 2, 2147483648, 0
32763, 68336995, 2, 2147483648, 0
32832, 68135631, 2, 2147483648, 0
32899, 67654059, 2, 2147483648, 0
32970, 70405765, 2, 2147483648, 0
33035, 65667499, 2, 2147483648, 0
33103, 68136336, 2, 2147483648, 0
33172, 68150830, 2, 2147483648, 0
33240, 67937657, 2, 2147483648, 0
33308, 68061693, 2, 2147483648, 0
33375, 67709387, 2, 2147483648, 0
33442, 66320593, 2, 2147483648, 0
33510, 68343716, 2, 2147483648, 0
33646, 135578235, 2, 2147483648, 0
33714, 67933174, 2, 2147483648, 0
33851, 137607762, 2, 2147483648, 0
33920, 68699319, 2, 2147483648, 0
33990, 69915539, 2, 2147483648, 0
34056, 65971204, 2, 2147483648, 0
34123, 67760391, 2, 2147483648, 0
34191, 67963063, 2, 2147483648, 0
34260, 68224256, 2, 2147483648, 0
34327, 67609268, 2, 2147483648, 0
34396, 68189894, 2, 2147483648, 0
34463, 67745943, 2, 2147483648, 0
34531, 68161511, 2, 2147483648, 0
34600, 68129898, 2, 2147483648, 0
34668, 68151864, 2, 2147483648, 0
34736, 68013246, 2, 2147483648, 0
34803, 66871689, 2, 2147483648, 0
34872, 68932748, 2, 2147483648, 0
34940, 68037821, 2, 2147483648, 0
35010, 70307062, 2, 2147483648, 0
35076, 65743944, 2, 2147483648, 0
35143, 67822067, 2, 2147483648, 0
35212, 68235245, 2, 2147483648, 0
35279, 67435152, 2, 2147483648, 0
35347, 67946380, 2, 2147483648, 0
35416, 68473295, 2, 2147483648, 0
35483, 67728096, 2, 2147483648, 0
35552, 68183668, 2, 2147483648, 0
35619, 67931411, 2, 2147483648, 0
35688, 68196142, 2, 2147483648, 0
35755, 67682179, 2, 2147483648, 0
35823, 67873372, 2, 2147483648, 0
35892, 68335861, 2, 2147483648, 0
35959, 67679996, 2, 2147483648, 0
36029, 70110099, 2, 2147483648, 0
36095, 66027382, 2, 2147483648, 0
36163, 68060443, 2, 2147483648, 0
36232, 68281008, 2, 2147483648, 0
36299, 67499134, 2, 2147483648, 0
36368, 68316750, 2, 2147483648, 0
36435, 67874198, 2, 2147483648, 0
36504, 68395259, 2, 2147483648, 0
36571, 67456363, 2, 2147483648, 0
36640, 68208839, 2, 2147483648, 0
36708, 68210300, 2, 2147483648, 0
36774, 65815444, 2, 2147483648, 0
36911, 137640768, 2, 2147483648, 0
36978, 67043925, 2, 2147483648, 0
37046, 68183537, 2, 2147483648, 0
37183, 136927599, 2, 2147483648, 0
37255, 71899300, 2, 2147483648, 0
37323, 67952565, 2, 2147483648, 0
37395, 71747677, 2, 2147483648, 0
37463, 68432813, 2, 2147483648, 0
37531, 67923290, 2, 2147483648, 0
37604, 72197894, 2, 2147483648, 0
37672, 67971501, 2, 2147483648, 0
37740, 68034694, 2, 2147483648, 0
37807, 67916453, 2, 2147483648, 0
37876, 68237007, 2, 2147483648, 0
37943, 67426757, 2, 2147483648, 0
38011, 68311215, 2, 2147483648, 0
38082, 70157291, 2, 2147483648, 0
38152, 69924675, 2, 2147483648, 0
38223, 71946180, 2, 2147483648, 0
38292, 68119178, 2, 2147483648, 0
38359, 67832159, 2, 2147483648, 0
38427, 67688598, 2, 2147483648, 0
38495, 68324230, 2, 2147483648, 0
38564, 68140230, 2, 2147483648, 0
38632, 67900698, 2, 2147483648, 0
38700, 68037625, 2, 2147483648, 0
38767, 67741569, 2, 2147483648, 0
38836, 68217151, 2, 2147483648, 0
38903, 67816800, 2, 2147483648, 0
38971, 68172891, 2, 2147483648, 0
39039, 67571854, 2, 2147483648, 0
39110, 71149831, 2, 2147483648, 0
39176, 65316635, 2, 2147483648, 0
39243, 67681804, 2, 2147483648, 0
39311, 68169079, 2, 2147483648, 0
39379, 68018072, 2, 2147483648, 0
39447, 67730136, 2, 2147483648, 0
39516, 68454834, 2, 2147483648, 0
39584, 67906846, 2, 2147483648, 0
39651, 67815801, 2, 2147483648, 0
39719, 67371115, 2, 2147483648, 0
39787, 68349269, 2, 2147483648, 0
39855, 68346538, 2, 2147483648, 0
39923, 68084817, 2, 2147483648, 0
39991, 67028618, 2, 2147483648, 0
40058, 67169156, 2, 2147483648, 0
40195, 137770892, 2, 2147483648, 0
40261, 65996735, 2, 2147483648, 0
40330, 68058130, 2, 2147483648, 0
40467, 137790013, 2, 2147483648, 0
40536, 68367959, 2, 2147483648, 0
40603, 67390763, 2, 2147483648, 0
40672, 68437405, 2, 2147483648, 0
40739, 67769037, 2, 2147483648, 0
40807, 67974312, 2, 2147483648, 0
40875, 67843666, 2, 2147483648, 0
40943, 68116714, 2, 2147483648, 0
41012, 68292376, 2, 2147483648, 0
41080, 67967372, 2, 2147483648, 0
41150, 70254230, 2, 2147483648, 0
41216, 65767856, 2, 2147483648, 0
41283, 67673448, 2, 2147483648, 0
41351, 68038408, 2, 2147483648, 0
41420, 68785115, 2, 2147483648, 0
41488, 67470647, 2, 2147483648, 0
41556, 68141102, 2, 2147483648, 0
41627, 71787141, 2, 2147483648, 0
41696, 68113251, 2, 2147483648, 0
41767, 71747215, 2, 2147483648, 0
41835, 67771779, 2, 2147483648, 0
41908, 72416055, 2, 2147483648, 0
41979, 71784872, 2, 2147483648, 0
42047, 67927742, 2, 2147483648, 0
42116, 68607706, 2, 2147483648, 0
42184, 67837257, 2, 2147483648, 0
42251, 67822725, 2, 2147483648, 0
42319, 67883752, 2, 2147483648, 0
42388, 68142993, 2, 2147483648, 0
42455, 67957220, 2, 2147483648, 0
42523, 67945551, 2, 2147483648, 0
42591, 67909621, 2, 2147483648, 0
42659, 67834663, 2, 2147483648, 0
42728, 68441876, 2, 2147483648, 0
42796, 67881247, 2, 2147483648, 0
42863, 67687290, 2, 2147483648, 0
42932, 68319173, 2, 2147483648, 0
42999, 67904423, 2, 2147483648, 0
43067, 67910982, 2, 2147483648, 0
43135, 68086558, 2, 2147483648, 0
43203, 67762425, 2, 2147483648, 0
43272, 68528976, 2, 2147483648, 0
43338, 66134196, 2, 2147483648, 0
43406, 68272214, 2, 2147483648, 0
43545, 138432089, 2, 2147483648, 0
43609, 64646088, 2, 2147483648, 0
43678, 68868279, 2, 2147483648, 0
43816, 137455795, 2, 2147483648, 0
43884, 68115532, 2, 2147483648, 0
43951, 67812320, 2, 2147483648, 0
44020, 68289852, 2, 2147483648, 0
44088, 68029700, 2, 2147483648, 0
44156, 67965800, 2, 2147483648, 0
44224, 67847543, 2, 2147483648, 0
44292, 68441034, 2, 2147483648, 0
44360, 67541096, 2, 2147483648, 0
44428, 67964450, 2, 2147483648, 0
44496, 68034178, 2, 2147483648, 0
44563, 67878798, 2, 2147483648, 0
44631, 67987289, 2, 2147483648, 0
44699, 67945854, 2, 2147483648, 0
44768, 68175258, 2, 2147483648, 0
44835, 67722402, 2, 2147483648, 0
44903, 68148214, 2, 2147483648, 0
44972, 68038629, 2, 2147483648, 0
45040, 68018925, 2, 2147483648, 0
45108, 68124587, 2, 2147483648, 0
45176, 67961568, 2, 2147483648, 0
45243, 67789978, 2, 2147483648, 0
45311, 67550048, 2, 2147483648, 0
45379, 68147591, 2, 2147483648, 0
45448, 68404285, 2, 2147483648, 0
45516, 68066250, 2, 2147483648, 0
45583, 67824037, 2, 2147483648, 0
45651, 67654885, 2, 2147483648, 0
45720, 68534443, 2, 2147483648, 0
45788, 67883088, 2, 2147483648, 0
45855, 67701493, 2, 2147483648, 0
45924, 68338229, 2, 2147483648, 0
45992, 68012227, 2, 2147483648, 0
46059, 67863304, 2, 2147483648, 0
46127, 67515445, 2, 2147483648, 0
46196, 68628706, 2, 2147483648, 0
46264, 68101675, 2, 2147483648, 0
46331, 67695452, 2, 2147483648, 0
46400, 68170375, 2, 2147483648, 0
46467, 67909446, 2, 2147483648, 0
46535, 67301291, 2, 2147483648, 0
46604, 68723036, 2, 2147483648, 0
46674, 70875246, 2, 2147483648, 0
46742, 67459849, 2, 2147483648, 0
46879, 137273843, 2, 2147483648, 0
46946, 66818550, 2, 2147483648, 0
47014, 68055099, 2, 2147483648, 0
47152, 137752892, 2, 2147483648, 0
47219, 67680737, 2, 2147483648, 0
47287, 67915799, 2, 2147483648, 0
47356, 68198046, 2, 2147483648, 0
47423, 67749793, 2, 2147483648, 0
47491, 68013329, 2, 2147483648, 0
47560, 68550291, 2, 2147483648, 0
47628, 67706147, 2, 2147483648, 0
47695, 67836661, 2, 2147483648, 0
47764, 68179679, 2, 2147483648, 0
47832, 68321897, 2, 2147483648, 0
47899, 67350330, 2, 2147483648, 0
47968, 68573195, 2, 2147483648, 0
48035, 67466643, 2, 2147483648, 0
48104, 68293263, 2, 2147483648, 0
48172, 67784262, 2, 2147483648, 0
48239, 67960113, 2, 2147483648, 0
48307, 67724640, 2, 2147483648, 0
48376, 68487929, 2, 2147483648, 0
48443, 67651281, 2, 2147483648, 0
48512, 68353072, 2, 2147483648, 0
48580, 67748444, 2, 2147483648, 0
48647, 67941634, 2, 2147483648, 0
48715, 67898290, 2, 2147483648, 0
48784, 68238873, 2, 2147483648, 0
48852, 68510013, 2, 2147483648, 0
48919, 67048744, 2, 2147483648, 0
48988, 68462094, 2, 2147483648, 0
49056, 67951788, 2, 2147483648, 0
49123, 67884984, 2, 2147483648, 0
49191, 67988606, 2, 2147483648, 0
49260, 68134832, 2, 2147483648, 0
49327, 67616870, 2, 2147483648, 0
49396, 68321715, 2, 2147483648, 0
49464, 68185650, 2, 2147483648, 0
49531, 67683747, 2, 2147483648, 0
49599, 67996912, 2, 2147483648, 0
49668, 68329078, 2, 2147483648, 0
49735, 67166854, 2, 2147483648, 0
49804, 68891207, 2, 2147483648, 0
49872, 67852893, 2, 2147483648, 0
49938, 66593080, 2, 2147483648, 0
50006, 67264178, 2, 2147483648, 0
50143, 137660759, 2, 2147483648, 0
50210, 66504213, 2, 2147483648, 0
50278, 68241429, 2, 2147483648, 0
50415, 137226736, 2, 2147483648, 0
50483, 67895766, 2, 2147483648, 0
50551, 68316919, 2, 2147483648, 0
50620, 68217852, 2, 2147483648, 0
50688, 67872341, 2, 2147483648, 0
50756, 68010803, 2, 2147483648, 0
50824, 68045659, 2, 2147483648, 0
50892, 68060303, 2, 2147483648, 0
50960, 67937715, 2, 2147483648, 0
51027, 67773997, 2, 2147483648, 0
51096, 68386433, 2, 2147483648, 0
51163, 67375481, 2, 2147483648, 0
51232, 68549710, 2, 2147483648, 0
51299, 67646939, 2, 2147483648, 0
51368, 68366323, 2, 2147483648, 0
51436, 67734304, 2, 2147483648, 0
51503, 67877429, 2, 2147483648, 0
51572, 68285814, 2, 2147483648, 0
51640, 67996333, 2, 2147483648, 0
51708, 67846764, 2, 2147483648, 0
51775, 67889019, 2, 2147483648, 0
51844, 68240815, 2, 2147483648, 0
51912, 68040623, 2, 2147483648, 0
51979, 67488841, 2, 2147483648, 0
52048, 68420985, 2, 2147483648, 0
52116, 68127541, 2, 2147483648, 0
52184, 67850537, 2, 2147483648, 0
52251, 67634205, 2, 2147483648, 0
52320, 68368274, 2, 2147483648, 0
52388, 68053709, 2, 2147483648, 0
52456, 68044055, 2, 2147483648, 0
52523, 67647209, 2, 2147483648, 0
52591, 68006028, 2, 2147483648, 0
52660, 68086318, 2, 2147483648, 0
52727, 67801474, 2, 2147483648, 0
52796, 68383037, 2, 2147483648, 0
52863, 67741862, 2, 2147483648, 0
52931, 67875013, 2, 2147483648, 0
53000, 68269432, 2, 2147483648, 0
53068, 68078634, 2, 2147483648, 0
53136, 67810198, 2, 2147483648, 0
53204, 68129585, 2, 2147483648, 0
53271, 67423761, 2, 2147483648, 0
53338, 66543810, 2, 2147483648, 0
53475, 137595369, 2, 2147483648, 0
53542, 66295092, 2, 2147483648, 0
53610, 68379993, 2, 2147483648, 0
53747, 137488257, 2, 2147483648, 0
53816, 68166148, 2, 2147483648, 0
53884, 68151911, 2, 2147483648, 0
53952, 67789496, 2, 2147483648, 0
54020, 68017682, 2, 2147483648, 0
54087, 67867256, 2, 2147483648, 0
54155, 67984230, 2, 2147483648, 0
54224, 68094941, 2, 2147483648, 0
54292, 67998945, 2, 2147483648, 0
54359, 67901334, 2, 2147483648, 0
54428, 68219733, 2, 2147483648, 0
54496, 67846348, 2, 2147483648, 0
54564, 67951076, 2, 2147483648, 0
54632, 68067813, 2, 2147483648, 0
54700, 67988898, 2, 2147483648, 0
54768, 68045142, 2, 2147483648, 0
54836, 68251545, 2, 2147483648, 0
54904, 67805397, 2, 2147483648, 0
54971, 67345811, 2, 2147483648, 0
55040, 68519808, 2, 2147483648, 0
55107, 67689508, 2, 2147483648, 0
55176, 68283220, 2, 2147483648, 0
55244, 68101563, 2, 2147483648, 0
55312, 68011393, 2, 2147483648, 0
55380, 67849798, 2, 2147483648, 0
55448, 68566306, 2, 2147483648, 0
55516, 67602152, 2, 2147483648, 0
55584, 67967396, 2, 2147483648, 0
55652, 67863420, 2, 2147483648, 0
55719, 67793715, 2, 2147483648, 0
55787, 67818017, 2, 2147483648, 0
55856, 68537116, 2, 2147483648, 0
55927, 71562491, 2, 2147483648, 0
55996, 68215804, 2, 2147483648, 0
56064, 68204676, 2, 2147483648, 0
56132, 67779235, 2, 2147483648, 0
56200, 68142238, 2, 2147483648, 0
56268, 67961317, 2, 2147483648, 0
56336, 68362293, 2, 2147483648, 0
56404, 67617608, 2, 2147483648, 0
56472, 68090685, 2, 2147483648, 0
56539, 67714791, 2, 2147483648, 0
56606, 66938790, 2, 2147483648, 0
56674, 67847256, 2, 2147483648, 0
56811, 136386363, 2, 2147483648, 0
56878, 67272920, 2, 2147483648, 0
57016, 137890702, 2, 2147483648, 0
57084, 67827403, 2, 2147483648, 0
57152, 68038402, 2, 2147483648, 0
57219, 67631231, 2, 2147483648, 0
57288, 68609501, 2, 2147483648, 0
57356, 67848987, 2, 2147483648, 0
57424, 67970514, 2, 2147483648, 0
57492, 68021317, 2, 2147483648, 0
57560, 68123412, 2, 2147483648, 0
57628, 68117923, 2, 2147483648, 0
57696, 68200994, 2, 2147483648, 0
57764, 67919654, 2, 2147483648, 0
