183, 183946530, 2, 2147483648, 0
392, 208903842, 2, 2147483648, 0
813, 420895207, 2, 2147483648, 0
1017, 203881076, 2, 2147483648, 0
1222, 204578741, 2, 2147483648, 0
1425, 203344341, 2, 2147483648, 0
1629, 204121528, 2, 2147483648, 0
1833, 204116193, 2, 2147483648, 0
2038, 204244202, 2, 2147483648, 0
2245, 207754940, 2, 2147483648, 0
2449, 203957998, 2, 2147483648, 0
2658, 208222081, 2, 2147483648, 0
2862, 203957130, 2, 2147483648, 0
3064, 202423030, 2, 2147483648, 0
3267, 203321068, 2, 2147483648, 0
3676, 408795569, 2, 2147483648, 0
3880, 204105108, 2, 2147483648, 0
4289, 409208911, 2, 2147483648, 0
4494, 204173018, 2, 2147483648, 0
4697, 203721824, 2, 2147483648, 0
4902, 204159430, 2, 2147483648, 0
5106, 204159325, 2, 2147483648, 0
5309, 203581149, 2, 2147483648, 0
5513, 204193854, 2, 2147483648, 0
5717, 203711049, 2, 2147483648, 0
5921, 204005901, 2, 2147483648, 0
6125, 204058229, 2, 2147483648, 0
6329, 204070005, 2, 2147483648, 0
6532, 202764135, 2, 2147483648, 0
6736, 203504258, 2, 2147483648, 0
7144, 408412991, 2, 2147483648, 0
7348, 204053963, 2, 2147483648, 0
7758, 409529356, 2, 2147483648, 0
7961, 203831449, 2, 2147483648, 0
8165, 203702991, 2, 2147483648, 0
8369, 204296858, 2, 2147483648, 0
8573, 203584155, 2, 2147483648, 0
8778, 204437866, 2, 2147483648, 0
8982, 204051135, 2, 2147483648, 0
9185, 203931636, 2, 2147483648, 0
9390, 204005010, 2, 2147483648, 0
9593, 203849340, 2, 2147483648, 0
9797, 203741495, 2, 2147483648, 0
10000, 202493434, 2, 2147483648, 0
10204, 204428708, 2, 2147483648, 0
10612, 407567501, 2, 2147483648, 0
10816, 204402215, 2, 2147483648, 0
11226, 409518723, 2, 2147483648, 0
11430, 203958791, 2, 2147483648, 0
11633, 203901621, 2, 2147483648, 0
11837, 203656616, 2, 2147483648, 0
12042, 204503594, 2, 2147483648, 0
12245, 203909398, 2, 2147483648, 0
12450, 204077958, 2, 2147483648, 0
12654, 204078768, 2, 2147483648, 0
12857, 203791594, 2, 2147483648, 0
13062, 204170723, 2, 2147483648, 0
13266, 203950923, 2, 2147483648, 0
13468, 201910641, 2, 2147483648, 0
13672, 204084328, 2, 2147483648, 0
14080, 408495193, 2, 2147483648, 0
14284, 204191495, 2, 2147483648, 0
14697, 412344047, 2, 2147483648, 0
14902, 204872660, 2, 2147483648, 0
15105, 203934425, 2, 2147483648, 0
15310, 204080766, 2, 2147483648, 0
15513, 203923166, 2, 2147483648, 0
15717, 203821581, 2, 2147483648, 0
15921, 204124671, 2, 2147483648, 0
16126, 204097770, 2, 2147483648, 0
16329, 203919388, 2, 2147483648, 0
16533, 203498215, 2, 2147483648, 0
16737, 204300145, 2, 2147483648, 0
16940, 203073368, 2, 2147483648, 0
17144, 203350690, 2, 2147483648, 0
17552, 408573187, 2, 2147483648, 0
17755, 203118925, 2, 2147483648, 0
18165, 410036833, 2, 2147483648, 0
18369, 203889356, 2, 2147483648, 0
18577, 207930749, 2, 2147483648, 0
18781, 204147104, 2, 2147483648, 0
18985, 204006254, 2, 2147483648, 0
19190, 204264948, 2, 2147483648, 0
19393, 203544939, 2, 2147483648, 0
19597, 204167872, 2, 2147483648, 0
19802, 204081828, 2, 2147483648, 0
20005, 203412421, 2, 2147483648, 0
20210, 204730414, 2, 2147483648, 0
20412, 202452278, 2, 2147483648, 0
20616, 203733124, 2, 2147483648, 0
21024, 408185756, 2, 2147483648, 0
21228, 204020018, 2, 2147483648, 0
21638, 409517104, 2, 2147483648, 0
21842, 203937972, 2, 2147483648, 0
22046, 203989407, 2, 2147483648, 0
22249, 203774975, 2, 2147483648, 0
22454, 204424263, 2, 2147483648, 0
22657, 203284774, 2, 2147483648, 0
22865, 207952050, 2, 2147483648, 0
23069, 204435903, 2, 2147483648, 0
23273, 203735778, 2, 2147483648, 0
23478, 204359516, 2, 2147483648, 0
23681, 203692092, 2, 2147483648, 0
23884, 202899652, 2, 2147483648, 0
24087, 203315889, 2, 2147483648, 0
24500, 412599385, 2, 2147483648, 0
24704, 204085918, 2, 2147483648, 0
25114, 409310268, 2, 2147483648, 0
25317, 203746624, 2, 2147483648, 0
25521, 203855171, 2, 2147483648, 0
25725, 204245624, 2, 2147483648, 0
25929, 203906252, 2, 2147483648, 0
26141, 211992582, 2, 2147483648, 0
26346, 204240387, 2, 2147483648, 0
26550, 204077644, 2, 2147483648, 0
26753, 203799767, 2, 2147483648, 0
26962, 208107995, 2, 2147483648, 0
27165, 203426499, 2, 2147483648, 0
27380, 215093572, 2, 2147483648, 0
27596, 215573110, 2, 2147483648, 0
28011, 415527387, 2, 2147483648, 0
28216, 204794915, 2, 2147483648, 0
28625, 409130757, 2, 2147483648, 0
28830, 204528308, 2, 2147483648, 0
29034, 203874477, 2, 2147483648, 0
29237, 203669338, 2, 2147483648, 0
29441, 204189123, 2, 2147483648, 0
29650, 208268438, 2, 2147483648, 0
29854, 203903029, 2, 2147483648, 0
30057, 203588070, 2, 2147483648, 0
30262, 204384092, 2, 2147483648, 0
30465, 203328620, 2, 2147483648, 0
30669, 204563696, 2, 2147483648, 0
30872, 202547245, 2, 2147483648, 0
31076, 204161660, 2, 2147483648, 0
31483, 407066614, 2, 2147483648, 0
31688, 204749185, 2, 2147483648, 0
32097, 409189234, 2, 2147483648, 0
32301, 204213673, 2, 2147483648, 0
32506, 204244882, 2, 2147483648, 0
32709, 203739886, 2, 2147483648, 0
32914, 204177721, 2, 2147483648, 0
33117, 203315241, 2, 2147483648, 0
33321, 204110850, 2, 2147483648, 0
33525, 204392985, 2, 2147483648, 0
33730, 204121501, 2, 2147483648, 0
33933, 203828089, 2, 2147483648, 0
34137, 203806071, 2, 2147483648, 0
34339, 202219211, 2, 2147483648, 0
34544, 204188154, 2, 2147483648, 0
34952, 408132571, 2, 2147483648, 0
35156, 204219506, 2, 2147483648, 0
35566, 409595373, 2, 2147483648, 0
35769, 203833797, 2, 2147483648, 0
35973, 203207930, 2, 2147483648, 0
36181, 208683240, 2, 2147483648, 0
36385, 204106499, 2, 2147483648, 0
36589, 203742771, 2, 2147483648, 0
36793, 204300377, 2, 2147483648, 0
36998, 204024107, 2, 2147483648, 0
37201, 203970458, 2, 2147483648, 0
37405, 203942103, 2, 2147483648, 0
37610, 204081022, 2, 2147483648, 0
37812, 202217902, 2, 2147483648, 0
38015, 203743977, 2, 2147483648, 0
38424, 408574972, 2, 2147483648, 0
38628, 203479587, 2, 2147483648, 0
39038, 409963421, 2, 2147483648, 0
39242, 204004507, 2, 2147483648, 0
39445, 203841629, 2, 2147483648, 0
39649, 204104429, 2, 2147483648, 0
39853, 203702770, 2, 2147483648, 0
40057, 204125539, 2, 2147483648, 0
40265, 208089686, 2, 2147483648, 0
40469, 203768321, 2, 2147483648, 0
40677, 207609886, 2, 2147483648, 0
40881, 204653398, 2, 2147483648, 0
41085, 203904694, 2, 2147483648, 0
41292, 206542461, 2, 2147483648, 0
41496, 204012019, 2, 2147483648, 0
41904, 408134160, 2, 2147483648, 0
42108, 204068312, 2, 2147483648, 0
42517, 409224816, 2, 2147483648, 0
42721, 203867445, 2, 2147483648, 0
42929, 207980571, 2, 2147483648, 0
43137, 207790976, 2, 2147483648, 0
43342, 204553754, 2, 2147483648, 0
43550, 207978454, 2, 2147483648, 0
43761, 211917848, 2, 2147483648, 0
43965, 203776411, 2, 2147483648, 0
44169, 203739362, 2, 2147483648, 0
44374, 204594771, 2, 2147483648, 0
44577, 203201779, 2, 2147483648, 0
44780, 203436345, 2, 2147483648, 0
44984, 204005600, 2, 2147483648, 0
45392, 407306462, 2, 2147483648, 0
45596, 204215037, 2, 2147483648, 0
46006, 409717030, 2, 2147483648, 0
46210, 204110568, 2, 2147483648, 0
46413, 203767198, 2, 2147483648, 0
46617, 203944925, 2, 2147483648, 0
46821, 204070423, 2, 2147483648, 0
47025, 204017169, 2, 2147483648, 0
47229, 203947554, 2, 2147483648, 0
47433, 204055422, 2, 2147483648, 0
47637, 204001968, 2, 2147483648, 0
47841, 204000951, 2, 2147483648, 0
48046, 204076564, 2, 2147483648, 0
48248, 202305299, 2, 2147483648, 0
48452, 204019932, 2, 2147483648, 0
48860, 408268471, 2, 2147483648, 0
49063, 203010441, 2, 2147483648, 0
49473, 409913337, 2, 2147483648, 0
49677, 204272913, 2, 2147483648, 0
49882, 204213592, 2, 2147483648, 0
50085, 203846730, 2, 2147483648, 0
50289, 203822104, 2, 2147483648, 0
50493, 204075171, 2, 2147483648, 0
50702, 208279176, 2, 2147483648, 0
50909, 207725556, 2, 2147483648, 0
51113, 204028561, 2, 2147483648, 0
51322, 208140146, 2, 2147483648, 0
51525, 203421372, 2, 2147483648, 0
51727, 202355896, 2, 2147483648, 0
51932, 204486544, 2, 2147483648, 0
52340, 408553570, 2, 2147483648, 0
52543, 202777467, 2, 2147483648, 0
52954, 410628888, 2, 2147483648, 0
53158, 204018512, 2, 2147483648, 0
53361, 203477489, 2, 2147483648, 0
53565, 203877674, 2, 2147483648, 0
53774, 208317972, 2, 2147483648, 0
53977, 203317017, 2, 2147483648, 0
54181, 203813733, 2, 2147483648, 0
54386, 204923128, 2, 2147483648, 0
54590, 204186562, 2, 2147483648, 0
54793, 203160050, 2, 2147483648, 0
54997, 204375398, 2, 2147483648, 0
55200, 202336177, 2, 2147483648, 0
55403, 203805616, 2, 2147483648, 0
55811, 407956837, 2, 2147483648, 0
56016, 204752974, 2, 2147483648, 0
56425, 409254375, 2, 2147483648, 0
56629, 204025738, 2, 2147483648, 0
56833, 203670915, 2, 2147483648, 0
57038, 204377585, 2, 2147483648, 0
57241, 203666753, 2, 2147483648, 0
57445, 204182092, 2, 2147483648, 0
57649, 203708963, 2, 2147483648, 0
57853, 204303748, 2, 2147483648, 0
58058, 204197227, 2, 2147483648, 0
58261, 203735328, 2, 2147483648, 0
58465, 203594868, 2, 2147483648, 0
58668, 203282337, 2, 2147483648, 0
58873, 204245837, 2, 2147483648, 0
59280, 407085843, 2, 2147483648, 0
59484, 204524679, 2, 2147483648, 0
59894, 409708505, 2, 2147483648, 0
60098, 203738639, 2, 2147483648, 0
60301, 203675106, 2, 2147483648, 0
60510, 208236095, 2, 2147483648, 0
60717, 207794792, 2, 2147483648, 0
60921, 203973988, 2, 2147483648, 0
61126, 204341024, 2, 2147483648, 0
61329, 203782883, 2, 2147483648, 0
61534, 204108216, 2, 2147483648, 0
61737, 203842183, 2, 2147483648, 0
61941, 203837894, 2, 2147483648, 0
62144, 202415001, 2, 2147483648, 0
62348, 204266521, 2, 2147483648, 0
62756, 407928064, 2, 2147483648, 0
62960, 204048225, 2, 2147483648, 0
63370, 409584090, 2, 2147483648, 0
63573, 203920610, 2, 2147483648, 0
63777, 204049517, 2, 2147483648, 0
63981, 203916823, 2, 2147483648, 0
64186, 204259538, 2, 2147483648, 0
64389, 203700412, 2, 2147483648, 0
64593, 203981971, 2, 2147483648, 0
64798, 204272213, 2, 2147483648, 0
65002, 204054775, 2, 2147483648, 0
65210, 207922105, 2, 2147483648, 0
65421, 211698550, 2, 2147483648, 0
65623, 202023319, 2, 2147483648, 0
65828, 204881779, 2, 2147483648, 0
66236, 407270595, 2, 2147483648, 0
66440, 204532792, 2, 2147483648, 0
66850, 409582713, 2, 2147483648, 0
67053, 203539093, 2, 2147483648, 0
67257, 204273261, 2, 2147483648, 0
67462, 204163021, 2, 2147483648, 0
67665, 203752469, 2, 2147483648, 0
67869, 203732279, 2, 2147483648, 0
68073, 204224225, 2, 2147483648, 0
68278, 204208561, 2, 2147483648, 0
68481, 203784060, 2, 2147483648, 0
68685, 203994298, 2, 2147483648, 0
68890, 204272115, 2, 2147483648, 0
69099, 209622554, 2, 2147483648, 0
69316, 216451437, 2, 2147483648, 0
69739, 423752784, 2, 2147483648, 0
69948, 208635316, 2, 2147483648, 0
70369, 421126666, 2, 2147483648, 0
70573, 203897443, 2, 2147483648, 0
70778, 204522901, 2, 2147483648, 0
70982, 203871976, 2, 2147483648, 0
71185, 203672883, 2, 2147483648, 0
71389, 204048920, 2, 2147483648, 0
71593, 204116004, 2, 2147483648, 0
71798, 204140305, 2, 2147483648, 0
72002, 203937883, 2, 2147483648, 0
72206, 204195564, 2, 2147483648, 0
72410, 203834581, 2, 2147483648, 0
72611, 201921930, 2, 2147483648, 0
72816, 204560636, 2, 2147483648, 0
73224, 408284176, 2, 2147483648, 0
73428, 203240493, 2, 2147483648, 0
73838, 410017013, 2, 2147483648, 0
74045, 207825642, 2, 2147483648, 0
74250, 204149149, 2, 2147483648, 0
74453, 203790347, 2, 2147483648, 0
74657, 203868116, 2, 2147483648, 0
74861, 204119322, 2, 2147483648, 0
75073, 212083482, 2, 2147483648, 0
75277, 203913917, 2, 2147483648, 0
75481, 203838937, 2, 2147483648, 0
75686, 204323503, 2, 2147483648, 0
75889, 203901256, 2, 2147483648, 0
76092, 202866168, 2, 2147483648, 0
76296, 203635974, 2, 2147483648, 0
76704, 407949842, 2, 2147483648, 0
76908, 204004252, 2, 2147483648, 0
77317, 409296352, 2, 2147483648, 0
77521, 204232181, 2, 2147483648, 0
77725, 203585399, 2, 2147483648, 0
77934, 208448158, 2, 2147483648, 0
78142, 207993634, 2, 2147483648, 0
78349, 207729522, 2, 2147483648, 0
78554, 204467223, 2, 2147483648, 0
78757, 203709250, 2, 2147483648, 0
78961, 204021884, 2, 2147483648, 0
79166, 204039692, 2, 2147483648, 0
79369, 203853480, 2, 2147483648, 0
79572, 202755035, 2, 2147483648, 0
79776, 204137950, 2, 2147483648, 0
80184, 407434745, 2, 2147483648, 0
80388, 204269148, 2, 2147483648, 0
80794, 405854097, 2, 2147483648, 0
81001, 207552117, 2, 2147483648, 0
81206, 204167797, 2, 2147483648, 0
81409, 203798106, 2, 2147483648, 0
81614, 204140808, 2, 2147483648, 0
81817, 203950299, 2, 2147483648, 0
82026, 208044160, 2, 2147483648, 0
82230, 204061904, 2, 2147483648, 0
82437, 207632026, 2, 2147483648, 0
82641, 204078876, 2, 2147483648, 0
82849, 208114451, 2, 2147483648, 0
83052, 202749884, 2, 2147483648, 0
83256, 203918106, 2, 2147483648, 0
83664, 407769945, 2, 2147483648, 0
83868, 204217006, 2, 2147483648, 0
84277, 409347761, 2, 2147483648, 0
84481, 203748738, 2, 2147483648, 0
84685, 204021362, 2, 2147483648, 0
84889, 204089462, 2, 2147483648, 0
85098, 208245129, 2, 2147483648, 0
85301, 203377722, 2, 2147483648, 0
85506, 204574484, 2, 2147483648, 0
85709, 203729772, 2, 2147483648, 0
85914, 204444943, 2, 2147483648, 0
86117, 203668202, 2, 2147483648, 0
86321, 204000578, 2, 2147483648, 0
86524, 202190122, 2, 2147483648, 0
86728, 204097780, 2, 2147483648, 0
87136, 408145926, 2, 2147483648, 0
87340, 204187711, 2, 2147483648, 0
87749, 409250843, 2, 2147483648, 0
87954, 204184513, 2, 2147483648, 0
88157, 203802438, 2, 2147483648, 0
88361, 204025198, 2, 2147483648, 0
88565, 204090536, 2, 2147483648, 0
88770, 204055286, 2, 2147483648, 0
88973, 203467953, 2, 2147483648, 0
89177, 204466958, 2, 2147483648, 0
89385, 207652648, 2, 2147483648, 0
89589, 204184108, 2, 2147483648, 0
89794, 204305383, 2, 2147483648, 0
89996, 202478965, 2, 2147483648, 0
90200, 204100048, 2, 2147483648, 0
90608, 408058190, 2, 2147483648, 0
90812, 203610947, 2, 2147483648, 0
91222, 409647483, 2, 2147483648, 0
91425, 203910683, 2, 2147483648, 0
91629, 203961470, 2, 2147483648, 0
91833, 204000057, 2, 2147483648, 0
92038, 204270874, 2, 2147483648, 0
92241, 203707291, 2, 2147483648, 0
92446, 204288234, 2, 2147483648, 0
92649, 203656231, 2, 2147483648, 0
92854, 204154005, 2, 2147483648, 0
93058, 204275370, 2, 2147483648, 0
93269, 211453501, 2, 2147483648, 0
93484, 214899381, 2, 2147483648, 0
93692, 207446872, 2, 2147483648, 0
94112, 420148853, 2, 2147483648, 0
94324, 211756431, 2, 2147483648, 0
94733, 409800926, 2, 2147483648, 0
94937, 204071139, 2, 2147483648, 0
95141, 203894550, 2, 2147483648, 0
95346, 204240486, 2, 2147483648, 0
95549, 203530442, 2, 2147483648, 0
95753, 204156077, 2, 2147483648, 0
95957, 204200441, 2, 2147483648, 0
96164, 206097533, 2, 2147483648, 0
96366, 201956385, 2, 2147483648, 0
96569, 203958197, 2, 2147483648, 0
96772, 202819482, 2, 2147483648, 0
96977, 204224840, 2, 2147483648, 0
97384, 407398960, 2, 2147483648, 0
97588, 203867367, 2, 2147483648, 0
97997, 409666610, 2, 2147483648, 0
98201, 203888698, 2, 2147483648, 0
98405, 203833097, 2, 2147483648, 0
98610, 204275123, 2, 2147483648, 0
98818, 208124310, 2, 2147483648, 0
99022, 203879463, 2, 2147483648, 0
99225, 203700941, 2, 2147483648, 0
99430, 204367555, 2, 2147483648, 0
99633, 202937308, 2, 2147483648, 0
99838, 205105641, 2, 2147483648, 0
100041, 203840713, 2, 2147483648, 0
100244, 202607004, 2, 2147483648, 0
100448, 203663924, 2, 2147483648, 0
100856, 408159591, 2, 2147483648, 0
101060, 203811375, 2, 2147483648, 0
101470, 409841746, 2, 2147483648, 0
101673, 203735665, 2, 2147483648, 0
101878, 204234575, 2, 2147483648, 0
102081, 203856295, 2, 2147483648, 0
102286, 204118224, 2, 2147483648, 0
102490, 204044589, 2, 2147483648, 0
102693, 203843219, 2, 2147483648, 0
102898, 204441928, 2, 2147483648, 0
103101, 203517757, 2, 2147483648, 0
103306, 204121687, 2, 2147483648, 0
103509, 203867881, 2, 2147483648, 0
103712, 202460874, 2, 2147483648, 0
103915, 203563229, 2, 2147483648, 0
104331, 415991909, 2, 2147483648, 0
104539, 207888608, 2, 2147483648, 0
104954, 414240112, 2, 2147483648, 0
105157, 203852390, 2, 2147483648, 0
105362, 204490097, 2, 2147483648, 0
105565, 203267483, 2, 2147483648, 0
105774, 208445235, 2, 2147483648, 0
105977, 203638110, 2, 2147483648, 0
106182, 204187266, 2, 2147483648, 0
106385, 203742931, 2, 2147483648, 0
106589, 204156932, 2, 2147483648, 0
106793, 203652912, 2, 2147483648, 0
106997, 204319029, 2, 2147483648, 0
107200, 202515603, 2, 2147483648, 0
107404, 203803236, 2, 2147483648, 0
107812, 408267383, 2, 2147483648, 0
108016, 204104308, 2, 2147483648, 0
108426, 409547416, 2, 2147483648, 0
108630, 203913095, 2, 2147483648, 0
108833, 203737210, 2, 2147483648, 0
109042, 208221410, 2, 2147483648, 0
109245, 203912424, 2, 2147483648, 0
109449, 203558070, 2, 2147483648, 0
109653, 204060597, 2, 2147483648, 0
109861, 208300766, 2, 2147483648, 0
110065, 203949984, 2, 2147483648, 0
110277, 212015651, 2, 2147483648, 0
110485, 207943946, 2, 2147483648, 0
110688, 202761101, 2, 2147483648, 0
110892, 203815088, 2, 2147483648, 0
111300, 407622098, 2, 2147483648, 0
111504, 204223741, 2, 2147483648, 0
111913, 409677314, 2, 2147483648, 0
112118, 204252509, 2, 2147483648, 0
112321, 203744291, 2, 2147483648, 0
112526, 204123229, 2, 2147483648, 0
112729, 203728410, 2, 2147483648, 0
112941, 212134738, 2, 2147483648, 0
113146, 204218552, 2, 2147483648, 0
113350, 203918238, 2, 2147483648, 0
113553, 203735886, 2, 2147483648, 0
113758, 204286879, 2, 2147483648, 0
113961, 203500010, 2, 2147483648, 0
114164, 202622359, 2, 2147483648, 0
114368, 204396435, 2, 2147483648, 0
114776, 407598926, 2, 2147483648, 0
114980, 204148251, 2, 2147483648, 0
115390, 409572789, 2, 2147483648, 0
115594, 204156465, 2, 2147483648, 0
115801, 207515070, 2, 2147483648, 0
116005, 204063465, 2, 2147483648, 0
116210, 204327908, 2, 2147483648, 0
116414, 204117236, 2, 2147483648, 0
116617, 203347123, 2, 2147483648, 0
116821, 203898715, 2, 2147483648, 0
117026, 204581005, 2, 2147483648, 0
117229, 203882499, 2, 2147483648, 0
117432, 202525698, 2, 2147483648, 0
117636, 204191558, 2, 2147483648, 0
118045, 408564973, 2, 2147483648, 0
118247, 202499033, 2, 2147483648, 0
118657, 410117439, 2, 2147483648, 0
118862, 204117348, 2, 2147483648, 0
119065, 203177243, 2, 2147483648, 0
119270, 204939420, 2, 2147483648, 0
119474, 203909734, 2, 2147483648, 0
119678, 204077975, 2, 2147483648, 0
119881, 203563537, 2, 2147483648, 0
120090, 208344468, 2, 2147483648, 0
120293, 203708662, 2, 2147483648, 0
120497, 203834678, 2, 2147483648, 0
120701, 204241710, 2, 2147483648, 0
120904, 202647941, 2, 2147483648, 0
121108, 204339084, 2, 2147483648, 0
121516, 407450350, 2, 2147483648, 0
121720, 204320386, 2, 2147483648, 0
122129, 409377770, 2, 2147483648, 0
122333, 203918417, 2, 2147483648, 0
122538, 204171254, 2, 2147483648, 0
122741, 203628752, 2, 2147483648, 0
122946, 204465834, 2, 2147483648, 0
123149, 203730843, 2, 2147483648, 0
123354, 204284030, 2, 2147483648, 0
123557, 203780338, 2, 2147483648, 0
123761, 203535733, 2, 2147483648, 0
123965, 204150061, 2, 2147483648, 0
124169, 204247689, 2, 2147483648, 0
124373, 203904718, 2, 2147483648, 0
124578, 204397763, 2, 2147483648, 0
124782, 203992402, 2, 2147483648, 0
124986, 203880010, 2, 2147483648, 0
125189, 203688198, 2, 2147483648, 0
125392, 203081217, 2, 2147483648, 0
125596, 203767643, 2, 2147483648, 0
126009, 413249434, 2, 2147483648, 0
126218, 208195334, 2, 2147483648, 0
126420, 202481130, 2, 2147483648, 0
126624, 203896928, 2, 2147483648, 0
127033, 409480915, 2, 2147483648, 0
127237, 203893938, 2, 2147483648, 0
127445, 207792976, 2, 2147483648, 0
127649, 204225049, 2, 2147483648, 0
127866, 216205574, 2, 2147483648, 0
128069, 203762437, 2, 2147483648, 0
128279, 209794271, 2, 2147483648, 0
128481, 202187341, 2, 2147483648, 0
128685, 203796209, 2, 2147483648, 0
128887, 202169535, 2, 2147483648, 0
129092, 205046191, 2, 2147483648, 0
129501, 408977445, 2, 2147483648, 0
129710, 208201866, 2, 2147483648, 0
129920, 210633799, 2, 2147483648, 0
130132, 211690067, 2, 2147483648, 0
130553, 421600772, 2, 2147483648, 0
130758, 204038679, 2, 2147483648, 0
130961, 203902698, 2, 2147483648, 0
131166, 204101799, 2, 2147483648, 0
131370, 204108710, 2, 2147483648, 0
131577, 207636090, 2, 2147483648, 0
131785, 208134960, 2, 2147483648, 0
131994, 208122602, 2, 2147483648, 0
132197, 203913503, 2, 2147483648, 0
132400, 202727889, 2, 2147483648, 0
132604, 203940412, 2, 2147483648, 0
133014, 409538299, 2, 2147483648, 0
133218, 203989795, 2, 2147483648, 0
133420, 202549112, 2, 2147483648, 0
133623, 203181700, 2, 2147483648, 0
134034, 410199223, 2, 2147483648, 0
134238, 204111509, 2, 2147483648, 0
134441, 203750898, 2, 2147483648, 0
134649, 207751843, 2, 2147483648, 0
134857, 208091103, 2, 2147483648, 0
135062, 204229464, 2, 2147483648, 0
135266, 203960440, 2, 2147483648, 0
135470, 204124107, 2, 2147483648, 0
135674, 204016355, 2, 2147483648, 0
135876, 202242025, 2, 2147483648, 0
136080, 204072642, 2, 2147483648, 0
136489, 409267272, 2, 2147483648, 0
136694, 204339634, 2, 2147483648, 0
136896, 202696814, 2, 2147483648, 0
137100, 203590335, 2, 2147483648, 0
137509, 409426853, 2, 2147483648, 0
137714, 204145575, 2, 2147483648, 0
137918, 204167974, 2, 2147483648, 0
138125, 207790103, 2, 2147483648, 0
138329, 203946157, 2, 2147483648, 0
138533, 204037299, 2, 2147483648, 0
138738, 204088981, 2, 2147483648, 0
138942, 204033586, 2, 2147483648, 0
139149, 207846132, 2, 2147483648, 0
139352, 202540111, 2, 2147483648, 0
139556, 204358022, 2, 2147483648, 0
139966, 409279296, 2, 2147483648, 0
140169, 203425493, 2, 2147483648, 0
140372, 202917419, 2, 2147483648, 0
140576, 203923760, 2, 2147483648, 0
140986, 409729533, 2, 2147483648, 0
141190, 203899743, 2, 2147483648, 0
141393, 203812608, 2, 2147483648, 0
141598, 204210654, 2, 2147483648, 0
141801, 203524100, 2, 2147483648, 0
142013, 212071825, 2, 2147483648, 0
142217, 204163574, 2, 2147483648, 0
142421, 204014994, 2, 2147483648, 0
142625, 203865498, 2, 2147483648, 0
142828, 202938232, 2, 2147483648, 0
143032, 204022025, 2, 2147483648, 0
143442, 409541657, 2, 2147483648, 0
143645, 203418309, 2, 2147483648, 0
143848, 202936318, 2, 2147483648, 0
144258, 409595496, 2, 2147483648, 0
144461, 203653657, 2, 2147483648, 0
144665, 204120701, 2, 2147483648, 0
144869, 203596030, 2, 2147483648, 0
145073, 204382760, 2, 2147483648, 0
145282, 208103509, 2, 2147483648, 0
145485, 203933707, 2, 2147483648, 0
145689, 203719954, 2, 2147483648, 0
145901, 212279665, 2, 2147483648, 0
146104, 202650177, 2, 2147483648, 0
146319, 215302176, 2, 2147483648, 0
146742, 422224215, 2, 2147483648, 0
146943, 201276263, 2, 2147483648, 0
147147, 204521642, 2, 2147483648, 0
147558, 410020488, 2, 2147483648, 0
147761, 203802712, 2, 2147483648, 0
147965, 204007630, 2, 2147483648, 0
148170, 204224733, 2, 2147483648, 0
148374, 204017243, 2, 2147483648, 0
148578, 203942148, 2, 2147483648, 0
148782, 203987674, 2, 2147483648, 0
148986, 204104635, 2, 2147483648, 0
149189, 203868684, 2, 2147483648, 0
149394, 204025114, 2, 2147483648, 0
149598, 203991969, 2, 2147483648, 0
149802, 204465634, 2, 2147483648, 0
150006, 203846798, 2, 2147483648, 0
150210, 203859400, 2, 2147483648, 0
150412, 202423834, 2, 2147483648, 0
150616, 203813774, 2, 2147483648, 0
151026, 409592841, 2, 2147483648, 0
151230, 204014367, 2, 2147483648, 0
151433, 203776177, 2, 2147483648, 0
151638, 204237338, 2, 2147483648, 0
151842, 204136653, 2, 2147483648, 0
152046, 203823485, 2, 2147483648, 0
152250, 204108265, 2, 2147483648, 0
152450, 200153307, 2, 2147483648, 0
