183, 183946131, 2, 2147483648, 0
392, 208903425, 2, 2147483648, 0
813, 420894839, 2, 2147483648, 0
1017, 203880685, 2, 2147483648, 0
1222, 204578368, 2, 2147483648, 0
1425, 203343942, 2, 2147483648, 0
1629, 204121153, 2, 2147483648, 0
1833, 204115817, 2, 2147483648, 0
2038, 204243821, 2, 2147483648, 0
2245, 207754565, 2, 2147483648, 0
2449, 203957568, 2, 2147483648, 0
2658, 208221626, 2, 2147483648, 0
2862, 203956753, 2, 2147483648, 0
3064, 202422649, 2, 2147483648, 0
3267, 203320705, 2, 2147483648, 0
3676, 408795198, 2, 2147483648, 0
3880, 204104728, 2, 2147483648, 0
4289, 409208538, 2, 2147483648, 0
4494, 204172643, 2, 2147483648, 0
4697, 203721452, 2, 2147483648, 0
4902, 204158975, 2, 2147483648, 0
5106, 204158925, 2, 2147483648, 0
5309, 203580690, 2, 2147483648, 0
5513, 204193484, 2, 2147483648, 0
5717, 203710674, 2, 2147483648, 0
5921, 204005524, 2, 2147483648, 0
6125, 204057858, 2, 2147483648, 0
6329, 204069615, 2, 2147483648, 0
6532, 202763765, 2, 2147483648, 0
6736, 203503898, 2, 2147483648, 0
7144, 408412615, 2, 2147483648, 0
7348, 204053563, 2, 2147483648, 0
7758, 409529006, 2, 2147483648, 0
7961, 203831043, 2, 2147483648, 0
8165, 203702628, 2, 2147483648, 0
8369, 204296508, 2, 2147483648, 0
8573, 203583779, 2, 2147483648, 0
8778, 204437505, 2, 2147483648, 0
8982, 204050778, 2, 2147483648, 0
9185, 203931288, 2, 2147483648, 0
9390, 204004662, 2, 2147483648, 0
9593, 203848970, 2, 2147483648, 0
9797, 203741141, 2, 2147483648, 0
10000, 202493090, 2, 2147483648, 0
10204, 204428363, 2, 2147483648, 0
10612, 407567155, 2, 2147483648, 0
10816, 204401860, 2, 2147483648, 0
11226, 409518370, 2, 2147483648, 0
11430, 203958385, 2, 2147483648, 0
11633, 203901224, 2, 2147483648, 0
11837, 203656259, 2, 2147483648, 0
12042, 204503229, 2, 2147483648, 0
12245, 203909047, 2, 2147483648, 0
12450, 204077606, 2, 2147483648, 0
12654, 204078360, 2, 2147483648, 0
12857, 203791235, 2, 2147483648, 0
13062, 204170361, 2, 2147483648, 0
13266, 203950532, 2, 2147483648, 0
13468, 201910298, 2, 2147483648, 0
13672, 204083973, 2, 2147483648, 0
14080, 408494831, 2, 2147483648, 0
14284, 204191123, 2, 2147483648, 0
14697, 412343682, 2, 2147483648, 0
14902, 204872298, 2, 2147483648, 0
15105, 203934053, 2, 2147483648, 0
15310, 204080421, 2, 2147483648, 0
15513, 203922800, 2, 2147483648, 0
15717, 203821216, 2, 2147483648, 0
15921, 204124312, 2, 2147483648, 0
16126, 204097389, 2, 2147483648, 0
16329, 203919024, 2, 2147483648, 0
16533, 203497870, 2, 2147483648, 0
16737, 204299795, 2, 2147483648, 0
16940, 203072997, 2, 2147483648, 0
17144, 203349899, 2, 2147483648, 0
17552, 408572816, 2, 2147483648, 0
17755, 203118563, 2, 2147483648, 0
18165, 410036461, 2, 2147483648, 0
18369, 203888946, 2, 2147483648, 0
18577, 207930383, 2, 2147483648, 0
18781, 204146761, 2, 2147483648, 0
18985, 204005820, 2, 2147483648, 0
19190, 204264587, 2, 2147483648, 0
19393, 203544406, 2, 2147483648, 0
19597, 204167512, 2, 2147483648, 0
19802, 204081498, 2, 2147483648, 0
20005, 203412078, 2, 2147483648, 0
20210, 204730063, 2, 2147483648, 0
20412, 202451906, 2, 2147483648, 0
20616, 203732244, 2, 2147483648, 0
21024, 408185443, 2, 2147483648, 0
21228, 204019662, 2, 2147483648, 0
21638, 409516744, 2, 2147483648, 0
21842, 203937597, 2, 2147483648, 0
22046, 203989036, 2, 2147483648, 0
22249, 203774593, 2, 2147483648, 0
22454, 204423914, 2, 2147483648, 0
22657, 203284394, 2, 2147483648, 0
22865, 207951693, 2, 2147483648, 0
23069, 204435537, 2, 2147483648, 0
23273, 203735414, 2, 2147483648, 0
23478, 204359149, 2, 2147483648, 0
23681, 203691717, 2, 2147483648, 0
23884, 202899269, 2, 2147483648, 0
24087, 203315094, 2, 2147483648, 0
24500, 412599032, 2, 2147483648, 0
24704, 204085555, 2, 2147483648, 0
25114, 409309914, 2, 2147483648, 0
25317, 203746279, 2, 2147483648, 0
25521, 203854811, 2, 2147483648, 0
25725, 204245215, 2, 2147483648, 0
25929, 203905886, 2, 2147483648, 0
26141, 211992230, 2, 2147483648, 0
26346, 204239970, 2, 2147483648, 0
26550, 204077279, 2, 2147483648, 0
26753, 203799413, 2, 2147483648, 0
26962, 208107640, 2, 2147483648, 0
27165, 203426141, 2, 2147483648, 0
27380, 215093207, 2, 2147483648, 0
27596, 215572747, 2, 2147483648, 0
28011, 415527026, 2, 2147483648, 0
28216, 204794562, 2, 2147483648, 0
28625, 409130393, 2, 2147483648, 0
28830, 204527949, 2, 2147483648, 0
29034, 203874119, 2, 2147483648, 0
29237, 203668982, 2, 2147483648, 0
29441, 204188740, 2, 2147483648, 0
29650, 208268074, 2, 2147483648, 0
29854, 203902645, 2, 2147483648, 0
30057, 203587715, 2, 2147483648, 0
30262, 204383735, 2, 2147483648, 0
30465, 203328282, 2, 2147483648, 0
30669, 204563343, 2, 2147483648, 0
30872, 202546881, 2, 2147483648, 0
31076, 204161291, 2, 2147483648, 0
31483, 407066259, 2, 2147483648, 0
31688, 204748782, 2, 2147483648, 0
32097, 409188884, 2, 2147483648, 0
32301, 204213314, 2, 2147483648, 0
32506, 204244514, 2, 2147483648, 0
32709, 203739517, 2, 2147483648, 0
32914, 204177369, 2, 2147483648, 0
33117, 203314888, 2, 2147483648, 0
33321, 204110495, 2, 2147483648, 0
33525, 204392629, 2, 2147483648, 0
33730, 204121140, 2, 2147483648, 0
33933, 203827722, 2, 2147483648, 0
34137, 203805712, 2, 2147483648, 0
34339, 202218845, 2, 2147483648, 0
34544, 204187818, 2, 2147483648, 0
34952, 408131839, 2, 2147483648, 0
35156, 204219121, 2, 2147483648, 0
35566, 409595015, 2, 2147483648, 0
35769, 203833437, 2, 2147483648, 0
35973, 203207579, 2, 2147483648, 0
36181, 208682867, 2, 2147483648, 0
36385, 204106126, 2, 2147483648, 0
36589, 203742422, 2, 2147483648, 0
36793, 204300015, 2, 2147483648, 0
36998, 204023745, 2, 2147483648, 0
37201, 203970105, 2, 2147483648, 0
37405, 203941740, 2, 2147483648, 0
37610, 204080630, 2, 2147483648, 0
37812, 202217521, 2, 2147483648, 0
38015, 203743172, 2, 2147483648, 0
38424, 408574616, 2, 2147483648, 0
38628, 203479224, 2, 2147483648, 0
39038, 409963070, 2, 2147483648, 0
39242, 204004128, 2, 2147483648, 0
39445, 203841274, 2, 2147483648, 0
39649, 204104067, 2, 2147483648, 0
39853, 203702424, 2, 2147483648, 0
40057, 204125179, 2, 2147483648, 0
40265, 208089319, 2, 2147483648, 0
40469, 203767963, 2, 2147483648, 0
40677, 207609533, 2, 2147483648, 0
40881, 204652988, 2, 2147483648, 0
41085, 203904336, 2, 2147483648, 0
41292, 206542108, 2, 2147483648, 0
41496, 204011661, 2, 2147483648, 0
41904, 408133810, 2, 2147483648, 0
42108, 204067968, 2, 2147483648, 0
42517, 409224457, 2, 2147483648, 0
42721, 203866988, 2, 2147483648, 0
42929, 207980126, 2, 2147483648, 0
43137, 207790627, 2, 2147483648, 0
43342, 204553290, 2, 2147483648, 0
43550, 207978109, 2, 2147483648, 0
43761, 211917468, 2, 2147483648, 0
43965, 203775951, 2, 2147483648, 0
44169, 203738996, 2, 2147483648, 0
44374, 204594390, 2, 2147483648, 0
44577, 203201414, 2, 2147483648, 0
44780, 203435984, 2, 2147483648, 0
44984, 204005294, 2, 2147483648, 0
45392, 407306103, 2, 2147483648, 0
45596, 204214660, 2, 2147483648, 0
46006, 409716663, 2, 2147483648, 0
46210, 204110125, 2, 2147483648, 0
46413, 203766801, 2, 2147483648, 0
46617, 203944553, 2, 2147483648, 0
46821, 204070057, 2, 2147483648, 0
47025, 204016737, 2, 2147483648, 0
47229, 203947187, 2, 2147483648, 0
47433, 204055060, 2, 2147483648, 0
47637, 204001566, 2, 2147483648, 0
47841, 204000554, 2, 2147483648, 0
48046, 204076203, 2, 2147483648, 0
48248, 202304933, 2, 2147483648, 0
48452, 204019566, 2, 2147483648, 0
48860, 408268081, 2, 2147483648, 0
49063, 203010062, 2, 2147483648, 0
49473, 409912975, 2, 2147483648, 0
49677, 204272550, 2, 2147483648, 0
49882, 204213214, 2, 2147483648, 0
50085, 203846354, 2, 2147483648, 0
50289, 203821758, 2, 2147483648, 0
50493, 204074799, 2, 2147483648, 0
50702, 208278799, 2, 2147483648, 0
50909, 207725187, 2, 2147483648, 0
51113, 204028199, 2, 2147483648, 0
51322, 208139777, 2, 2147483648, 0
51525, 203420997, 2, 2147483648, 0
51727, 202355542, 2, 2147483648, 0
51932, 204486185, 2, 2147483648, 0
52340, 408553202, 2, 2147483648, 0
52543, 202777112, 2, 2147483648, 0
52954, 410628530, 2, 2147483648, 0
53158, 204018146, 2, 2147483648, 0
53361, 203477145, 2, 2147483648, 0
53565, 203877298, 2, 2147483648, 0
53774, 208317609, 2, 2147483648, 0
53977, 203316630, 2, 2147483648, 0
54181, 203813370, 2, 2147483648, 0
54386, 204922748, 2, 2147483648, 0
54590, 204186208, 2, 2147483648, 0
54793, 203159673, 2, 2147483648, 0
54997, 204375035, 2, 2147483648, 0
55200, 202335798, 2, 2147483648, 0
55403, 203805252, 2, 2147483648, 0
55811, 407956465, 2, 2147483648, 0
56016, 204752621, 2, 2147483648, 0
56425, 409254019, 2, 2147483648, 0
56629, 204025229, 2, 2147483648, 0
56833, 203670541, 2, 2147483648, 0
57038, 204377197, 2, 2147483648, 0
57241, 203666390, 2, 2147483648, 0
57445, 204181721, 2, 2147483648, 0
57649, 203708607, 2, 2147483648, 0
57853, 204303380, 2, 2147483648, 0
58058, 204196875, 2, 2147483648, 0
58261, 203734923, 2, 2147483648, 0
58465, 203594507, 2, 2147483648, 0
58668, 203281970, 2, 2147483648, 0
58873, 204245454, 2, 2147483648, 0
59280, 407085448, 2, 2147483648, 0
59484, 204524308, 2, 2147483648, 0
59894, 409708149, 2, 2147483648, 0
60098, 203738240, 2, 2147483648, 0
60301, 203674742, 2, 2147483648, 0
60510, 208235735, 2, 2147483648, 0
60717, 207794431, 2, 2147483648, 0
60921, 203973628, 2, 2147483648, 0
61126, 204340660, 2, 2147483648, 0
61329, 203782514, 2, 2147483648, 0
61534, 204107742, 2, 2147483648, 0
61737, 203841765, 2, 2147483648, 0
61941, 203837530, 2, 2147483648, 0
62144, 202414642, 2, 2147483648, 0
62348, 204266152, 2, 2147483648, 0
62756, 407927649, 2, 2147483648, 0
62960, 204047846, 2, 2147483648, 0
63370, 409583739, 2, 2147483648, 0
63573, 203920203, 2, 2147483648, 0
63777, 204049124, 2, 2147483648, 0
63981, 203916473, 2, 2147483648, 0
64186, 204259187, 2, 2147483648, 0
64389, 203700029, 2, 2147483648, 0
64593, 203981619, 2, 2147483648, 0
64798, 204271866, 2, 2147483648, 0
65002, 204054422, 2, 2147483648, 0
65210, 207921751, 2, 2147483648, 0
65421, 211698195, 2, 2147483648, 0
65623, 202022965, 2, 2147483648, 0
65828, 204881387, 2, 2147483648, 0
66236, 407270237, 2, 2147483648, 0
66440, 204532002, 2, 2147483648, 0
66850, 409582362, 2, 2147483648, 0
67053, 203538703, 2, 2147483648, 0
67257, 204272910, 2, 2147483648, 0
67462, 204162671, 2, 2147483648, 0
67665, 203752002, 2, 2147483648, 0
67869, 203731933, 2, 2147483648, 0
68073, 204223853, 2, 2147483648, 0
68278, 204208204, 2, 2147483648, 0
68481, 203783693, 2, 2147483648, 0
68685, 203993947, 2, 2147483648, 0
68890, 204271763, 2, 2147483648, 0
69099, 209622207, 2, 2147483648, 0
69316, 216451087, 2, 2147483648, 0
69739, 423752434, 2, 2147483648, 0
69948, 208634954, 2, 2147483648, 0
70369, 421126298, 2, 2147483648, 0
70573, 203897090, 2, 2147483648, 0
70778, 204522549, 2, 2147483648, 0
70982, 203871620, 2, 2147483648, 0
71185, 203672522, 2, 2147483648, 0
71389, 204048566, 2, 2147483648, 0
71593, 204115649, 2, 2147483648, 0
71798, 204139954, 2, 2147483648, 0
72002, 203937525, 2, 2147483648, 0
72206, 204195197, 2, 2147483648, 0
72410, 203834207, 2, 2147483648, 0
72611, 201921574, 2, 2147483648, 0
72816, 204560284, 2, 2147483648, 0
73224, 408283824, 2, 2147483648, 0
73428, 203239942, 2, 2147483648, 0
73838, 410016659, 2, 2147483648, 0
74045, 207825204, 2, 2147483648, 0
74250, 204148754, 2, 2147483648, 0
74453, 203789952, 2, 2147483648, 0
74657, 203867768, 2, 2147483648, 0
74861, 204118967, 2, 2147483648, 0
75073, 212083110, 2, 2147483648, 0
75277, 203913536, 2, 2147483648, 0
75481, 203838582, 2, 2147483648, 0
75686, 204323152, 2, 2147483648, 0
75889, 203900882, 2, 2147483648, 0
76092, 202865801, 2, 2147483648, 0
76296, 203635619, 2, 2147483648, 0
76704, 407949454, 2, 2147483648, 0
76908, 204003894, 2, 2147483648, 0
77317, 409295976, 2, 2147483648, 0
77521, 204231777, 2, 2147483648, 0
77725, 203584984, 2, 2147483648, 0
77934, 208447781, 2, 2147483648, 0
78142, 207993255, 2, 2147483648, 0
78349, 207729158, 2, 2147483648, 0
78554, 204466844, 2, 2147483648, 0
78757, 203708870, 2, 2147483648, 0
78961, 204021535, 2, 2147483648, 0
79166, 204039341, 2, 2147483648, 0
79369, 203853127, 2, 2147483648, 0
79572, 202754660, 2, 2147483648, 0
79776, 204137577, 2, 2147483648, 0
80184, 407434375, 2, 2147483648, 0
80388, 204268795, 2, 2147483648, 0
80794, 405853724, 2, 2147483648, 0
81001, 207551753, 2, 2147483648, 0
81206, 204167442, 2, 2147483648, 0
81409, 203797755, 2, 2147483648, 0
81614, 204140457, 2, 2147483648, 0
81817, 203949941, 2, 2147483648, 0
82026, 208043812, 2, 2147483648, 0
82230, 204061548, 2, 2147483648, 0
82437, 207631671, 2, 2147483648, 0
82641, 204078512, 2, 2147483648, 0
82849, 208114099, 2, 2147483648, 0
83052, 202749534, 2, 2147483648, 0
83256, 203917725, 2, 2147483648, 0
83664, 407769598, 2, 2147483648, 0
83868, 204216651, 2, 2147483648, 0
84277, 409347406, 2, 2147483648, 0
84481, 203748388, 2, 2147483648, 0
84685, 204020964, 2, 2147483648, 0
84889, 204089089, 2, 2147483648, 0
85098, 208244753, 2, 2147483648, 0
85301, 203377366, 2, 2147483648, 0
85506, 204574130, 2, 2147483648, 0
85709, 203729374, 2, 2147483648, 0
85914, 204444583, 2, 2147483648, 0
86117, 203667824, 2, 2147483648, 0
86321, 204000225, 2, 2147483648, 0
86524, 202189772, 2, 2147483648, 0
86728, 204097421, 2, 2147483648, 0
87136, 408145573, 2, 2147483648, 0
87340, 204187334, 2, 2147483648, 0
87749, 409250376, 2, 2147483648, 0
87954, 204184115, 2, 2147483648, 0
88157, 203802079, 2, 2147483648, 0
88361, 204024793, 2, 2147483648, 0
88565, 204090170, 2, 2147483648, 0
88770, 204054912, 2, 2147483648, 0
88973, 203467596, 2, 2147483648, 0
89177, 204466608, 2, 2147483648, 0
89385, 207652388, 2, 2147483648, 0
89589, 204183756, 2, 2147483648, 0
89794, 204305033, 2, 2147483648, 0
89996, 202478602, 2, 2147483648, 0
90200, 204099676, 2, 2147483648, 0
90608, 408057821, 2, 2147483648, 0
90812, 203610590, 2, 2147483648, 0
91222, 409647126, 2, 2147483648, 0
91425, 203910334, 2, 2147483648, 0
91629, 203961115, 2, 2147483648, 0
91833, 203999668, 2, 2147483648, 0
92038, 204270527, 2, 2147483648, 0
92241, 203706939, 2, 2147483648, 0
92446, 204287877, 2, 2147483648, 0
92649, 203655882, 2, 2147483648, 0
92854, 204153646, 2, 2147483648, 0
93058, 204275019, 2, 2147483648, 0
93269, 211453137, 2, 2147483648, 0
93484, 214899027, 2, 2147483648, 0
93692, 207446503, 2, 2147483648, 0
94112, 420148486, 2, 2147483648, 0
94324, 211756072, 2, 2147483648, 0
94733, 409800545, 2, 2147483648, 0
94937, 204070775, 2, 2147483648, 0
95141, 203894181, 2, 2147483648, 0
95346, 204240124, 2, 2147483648, 0
95549, 203530085, 2, 2147483648, 0
95753, 204155722, 2, 2147483648, 0
95957, 204200081, 2, 2147483648, 0
96164, 206097310, 2, 2147483648, 0
96366, 201956020, 2, 2147483648, 0
96569, 203957830, 2, 2147483648, 0
96772, 202819130, 2, 2147483648, 0
96977, 204224035, 2, 2147483648, 0
97384, 407398150, 2, 2147483648, 0
97588, 203866875, 2, 2147483648, 0
97997, 409666234, 2, 2147483648, 0
98201, 203888196, 2, 2147483648, 0
98405, 203832619, 2, 2147483648, 0
98610, 204274753, 2, 2147483648, 0
98818, 208123947, 2, 2147483648, 0
99022, 203879054, 2, 2147483648, 0
99225, 203700564, 2, 2147483648, 0
99430, 204367112, 2, 2147483648, 0
99633, 202936952, 2, 2147483648, 0
99838, 205105282, 2, 2147483648, 0
100041, 203840361, 2, 2147483648, 0
100244, 202606108, 2, 2147483648, 0
100448, 203663513, 2, 2147483648, 0
100856, 408159257, 2, 2147483648, 0
101060, 203810962, 2, 2147483648, 0
101470, 409841387, 2, 2147483648, 0
101673, 203735240, 2, 2147483648, 0
101878, 204234222, 2, 2147483648, 0
102081, 203855885, 2, 2147483648, 0
102286, 204117870, 2, 2147483648, 0
102490, 204044217, 2, 2147483648, 0
102693, 203842733, 2, 2147483648, 0
102898, 204441508, 2, 2147483648, 0
103101, 203517402, 2, 2147483648, 0
103306, 204121335, 2, 2147483648, 0
103509, 203867537, 2, 2147483648, 0
103712, 202460512, 2, 2147483648, 0
103915, 203562857, 2, 2147483648, 0
104331, 415991548, 2, 2147483648, 0
104539, 207888257, 2, 2147483648, 0
104954, 414239751, 2, 2147483648, 0
105157, 203852003, 2, 2147483648, 0
105362, 204489742, 2, 2147483648, 0
105565, 203267126, 2, 2147483648, 0
105774, 208444868, 2, 2147483648, 0
105977, 203637752, 2, 2147483648, 0
106182, 204186911, 2, 2147483648, 0
106385, 203742571, 2, 2147483648, 0
106589, 204156577, 2, 2147483648, 0
106793, 203652530, 2, 2147483648, 0
106997, 204318671, 2, 2147483648, 0
107200, 202515248, 2, 2147483648, 0
107404, 203802864, 2, 2147483648, 0
107812, 408267020, 2, 2147483648, 0
108016, 204103943, 2, 2147483648, 0
108426, 409547048, 2, 2147483648, 0
108630, 203912729, 2, 2147483648, 0
108833, 203736842, 2, 2147483648, 0
109042, 208221051, 2, 2147483648, 0
109245, 203912058, 2, 2147483648, 0
109449, 203557685, 2, 2147483648, 0
109653, 204060233, 2, 2147483648, 0
109861, 208300402, 2, 2147483648, 0
110065, 203949616, 2, 2147483648, 0
110277, 212015293, 2, 2147483648, 0
110485, 207943580, 2, 2147483648, 0
110688, 202760738, 2, 2147483648, 0
110892, 203814712, 2, 2147483648, 0
111300, 407621736, 2, 2147483648, 0
111504, 204223377, 2, 2147483648, 0
111913, 409676958, 2, 2147483648, 0
112118, 204252145, 2, 2147483648, 0
112321, 203743903, 2, 2147483648, 0
112526, 204122856, 2, 2147483648, 0
112729, 203728050, 2, 2147483648, 0
112941, 212134380, 2, 2147483648, 0
113146, 204218182, 2, 2147483648, 0
113350, 203917844, 2, 2147483648, 0
113553, 203735494, 2, 2147483648, 0
113758, 204286498, 2, 2147483648, 0
113961, 203499648, 2, 2147483648, 0
114164, 202621994, 2, 2147483648, 0
114368, 204396068, 2, 2147483648, 0
114776, 407598567, 2, 2147483648, 0
114980, 204147892, 2, 2147483648, 0
115390, 409572422, 2, 2147483648, 0
115594, 204156086, 2, 2147483648, 0
115801, 207514715, 2, 2147483648, 0
116005, 204063093, 2, 2147483648, 0
116210, 204327544, 2, 2147483648, 0
116414, 204116866, 2, 2147483648, 0
116617, 203346760, 2, 2147483648, 0
116821, 203898340, 2, 2147483648, 0
117026, 204580621, 2, 2147483648, 0
117229, 203882127, 2, 2147483648, 0
117432, 202525323, 2, 2147483648, 0
117636, 204191186, 2, 2147483648, 0
118045, 408564489, 2, 2147483648, 0
118247, 202498793, 2, 2147483648, 0
118657, 410117249, 2, 2147483648, 0
118862, 204117069, 2, 2147483648, 0
119065, 203177003, 2, 2147483648, 0
119270, 204939255, 2, 2147483648, 0
119474, 203909559, 2, 2147483648, 0
119678, 204077766, 2, 2147483648, 0
119881, 203563299, 2, 2147483648, 0
120090, 208344320, 2, 2147483648, 0
120293, 203708478, 2, 2147483648, 0
120497, 203834516, 2, 2147483648, 0
120701, 204241546, 2, 2147483648, 0
120904, 202647680, 2, 2147483648, 0
121108, 204338872, 2, 2147483648, 0
121516, 407450176, 2, 2147483648, 0
121720, 204320120, 2, 2147483648, 0
122129, 409377605, 2, 2147483648, 0
122333, 203918194, 2, 2147483648, 0
122538, 204171081, 2, 2147483648, 0
122741, 203628607, 2, 2147483648, 0
122946, 204465695, 2, 2147483648, 0
123149, 203730695, 2, 2147483648, 0
123354, 204283901, 2, 2147483648, 0
123557, 203780184, 2, 2147483648, 0
123761, 203535596, 2, 2147483648, 0
123965, 204149901, 2, 2147483648, 0
124169, 204247504, 2, 2147483648, 0
124373, 203904558, 2, 2147483648, 0
124578, 204397639, 2, 2147483648, 0
124782, 203991961, 2, 2147483648, 0
124986, 203879833, 2, 2147483648, 0
125189, 203688028, 2, 2147483648, 0
125392, 203081100, 2, 2147483648, 0
125596, 203767485, 2, 2147483648, 0
126009, 413249287, 2, 2147483648, 0
126218, 208195114, 2, 2147483648, 0
126420, 202480955, 2, 2147483648, 0
126624, 203896464, 2, 2147483648, 0
127033, 409480803, 2, 2147483648, 0
127237, 203893681, 2, 2147483648, 0
127445, 207792786, 2, 2147483648, 0
127649, 204224873, 2, 2147483648, 0
127866, 216205422, 2, 2147483648, 0
128069, 203762312, 2, 2147483648, 0
128279, 209794151, 2, 2147483648, 0
128481, 202187171, 2, 2147483648, 0
128685, 203796066, 2, 2147483648, 0
128887, 202169372, 2, 2147483648, 0
129092, 205046026, 2, 2147483648, 0
129501, 408977308, 2, 2147483648, 0
129710, 208201704, 2, 2147483648, 0
129920, 210633618, 2, 2147483648, 0
130132, 211689698, 2, 2147483648, 0
130553, 421600396, 2, 2147483648, 0
130758, 204038445, 2, 2147483648, 0
130961, 203902558, 2, 2147483648, 0
131166, 204101632, 2, 2147483648, 0
131370, 204108567, 2, 2147483648, 0
131577, 207635929, 2, 2147483648, 0
131785, 208134822, 2, 2147483648, 0
131994, 208122432, 2, 2147483648, 0
132197, 203913341, 2, 2147483648, 0
132400, 202727769, 2, 2147483648, 0
132604, 203940242, 2, 2147483648, 0
133014, 409538109, 2, 2147483648, 0
133218, 203989560, 2, 2147483648, 0
133420, 202548920, 2, 2147483648, 0
133623, 203181327, 2, 2147483648, 0
134034, 410199104, 2, 2147483648, 0
134238, 204110915, 2, 2147483648, 0
134441, 203750472, 2, 2147483648, 0
134649, 207751353, 2, 2147483648, 0
134857, 208090743, 2, 2147483648, 0
135062, 204228644, 2, 2147483648, 0
135266, 203960086, 2, 2147483648, 0
135470, 204123297, 2, 2147483648, 0
135674, 204015945, 2, 2147483648, 0
135876, 202241778, 2, 2147483648, 0
136080, 204072442, 2, 2147483648, 0
136489, 409267148, 2, 2147483648, 0
136694, 204339317, 2, 2147483648, 0
136896, 202696637, 2, 2147483648, 0
137100, 203590194, 2, 2147483648, 0
137509, 409426714, 2, 2147483648, 0
137714, 204145266, 2, 2147483648, 0
137918, 204167797, 2, 2147483648, 0
138125, 207789969, 2, 2147483648, 0
138329, 203945915, 2, 2147483648, 0
138533, 204037042, 2, 2147483648, 0
138738, 204088759, 2, 2147483648, 0
138942, 204033424, 2, 2147483648, 0
139149, 207845942, 2, 2147483648, 0
139352, 202539930, 2, 2147483648, 0
139556, 204357865, 2, 2147483648, 0
139966, 409279147, 2, 2147483648, 0
140169, 203425266, 2, 2147483648, 0
140372, 202917242, 2, 2147483648, 0
140576, 203923489, 2, 2147483648, 0
140986, 409729374, 2, 2147483648, 0
141190, 203899541, 2, 2147483648, 0
141393, 203812483, 2, 2147483648, 0
141598, 204210557, 2, 2147483648, 0
141801, 203523950, 2, 2147483648, 0
142013, 212071710, 2, 2147483648, 0
142217, 204163452, 2, 2147483648, 0
142421, 204014877, 2, 2147483648, 0
142625, 203865349, 2, 2147483648, 0
142828, 202937719, 2, 2147483648, 0
143032, 204021904, 2, 2147483648, 0
143442, 409541527, 2, 2147483648, 0
143645, 203418038, 2, 2147483648, 0
143848, 202936125, 2, 2147483648, 0
144258, 409595338, 2, 2147483648, 0
144461, 203653448, 2, 2147483648, 0
144665, 204120481, 2, 2147483648, 0
144869, 203595779, 2, 2147483648, 0
145073, 204382615, 2, 2147483648, 0
145282, 208103387, 2, 2147483648, 0
145485, 203933581, 2, 2147483648, 0
145689, 203719825, 2, 2147483648, 0
145901, 212279553, 2, 2147483648, 0
146104, 202650052, 2, 2147483648, 0
146319, 215302043, 2, 2147483648, 0
146742, 422224070, 2, 2147483648, 0
146943, 201276015, 2, 2147483648, 0
147147, 204521467, 2, 2147483648, 0
147558, 410020365, 2, 2147483648, 0
147761, 203802481, 2, 2147483648, 0
147965, 204007490, 2, 2147483648, 0
148170, 204224573, 2, 2147483648, 0
148374, 204017129, 2, 2147483648, 0
148578, 203942014, 2, 2147483648, 0
148782, 203987538, 2, 2147483648, 0
148986, 204104469, 2, 2147483648, 0
149189, 203868546, 2, 2147483648, 0
149394, 204024974, 2, 2147483648, 0
149598, 203991758, 2, 2147483648, 0
149802, 204465494, 2, 2147483648, 0
150006, 203846658, 2, 2147483648, 0
150210, 203859240, 2, 2147483648, 0
150412, 202423692, 2, 2147483648, 0
150616, 203813391, 2, 2147483648, 0
151026, 409592461, 2, 2147483648, 0
151230, 204014019, 2, 2147483648, 0
151433, 203775819, 2, 2147483648, 0
151638, 204236985, 2, 2147483648, 0
151842, 204136295, 2, 2147483648, 0
152046, 203823085, 2, 2147483648, 0
152250, 204107892, 2, 2147483648, 0
152450, 200152942, 2, 2147483648, 0
