710, 710685838, 2, 2147483648, 0
1528, 817379588, 2, 2147483648, 0
1948, 420007612, 2, 2147483648, 0
2356, 408646036, 2, 2147483648, 0
2764, 407357409, 2, 2147483648, 0
3171, 407730707, 2, 2147483648, 0
3578, 406991999, 2, 2147483648, 0
3988, 409538181, 2, 2147483648, 0
5212, 1223548443, 2, 2147483648, 0
5619, 407944754, 2, 2147483648, 0
6028, 408153728, 2, 2147483648, 0
6440, 412053405, 2, 2147483648, 0
6848, 408287467, 2, 2147483648, 0
7256, 407783612, 2, 2147483648, 0
7660, 404601346, 2, 2147483648, 0
8068, 407426886, 2, 2147483648, 0
9295, 1227381698, 2, 2147483648, 0
9704, 408356250, 2, 2147483648, 0
10115, 411788707, 2, 2147483648, 0
10524, 408331169, 2, 2147483648, 0
10932, 407841271, 2, 2147483648, 0
11340, 408282923, 2, 2147483648, 0
11746, 406353071, 2, 2147483648, 0
12156, 409447903, 2, 2147483648, 0
13380, 1224406650, 2, 2147483648, 0
13788, 408001352, 2, 2147483648, 0
14200, 411787715, 2, 2147483648, 0
14607, 407386362, 2, 2147483648, 0
15016, 408515800, 2, 2147483648, 0
15424, 407720777, 2, 2147483648, 0
15830, 406886304, 2, 2147483648, 0
16248, 417191340, 2, 2147483648, 0
17463, 1215873748, 2, 2147483648, 0
17871, 407726587, 2, 2147483648, 0
18280, 408563706, 2, 2147483648, 0
18688, 407906198, 2, 2147483648, 0
19096, 408011115, 2, 2147483648, 0
19503, 407677578, 2, 2147483648, 0
19910, 406290586, 2, 2147483648, 0
20316, 406107795, 2, 2147483648, 0
21544, 1228097388, 2, 2147483648, 0
21960, 415863689, 2, 2147483648, 0
22372, 411747519, 2, 2147483648, 0
22784, 412125711, 2, 2147483648, 0
23195, 411645631, 2, 2147483648, 0
23603, 407274245, 2, 2147483648, 0
24010, 407371641, 2, 2147483648, 0
24827, 816529813, 2, 2147483648, 0
25234, 407762923, 2, 2147483648, 0
26051, 816964029, 2, 2147483648, 0
26460, 408224420, 2, 2147483648, 0
26868, 408245747, 2, 2147483648, 0
27274, 406256817, 2, 2147483648, 0
27682, 407759687, 2, 2147483648, 0
28499, 816852502, 2, 2147483648, 0
28906, 407094855, 2, 2147483648, 0
29723, 817520364, 2, 2147483648, 0
30136, 412313563, 2, 2147483648, 0
30548, 412115638, 2, 2147483648, 0
30956, 407807884, 2, 2147483648, 0
31362, 406763344, 2, 2147483648, 0
31770, 407517689, 2, 2147483648, 0
32586, 816552514, 2, 2147483648, 0
32994, 407931407, 2, 2147483648, 0
33812, 817362837, 2, 2147483648, 0
34224, 411820885, 2, 2147483648, 0
34632, 408070573, 2, 2147483648, 0
35042, 410716878, 2, 2147483648, 0
35450, 407817913, 2, 2147483648, 0
36269, 819021841, 2, 2147483648, 0
36674, 405287259, 2, 2147483648, 0
37082, 407779333, 2, 2147483648, 0
37904, 821567205, 2, 2147483648, 0
38312, 408024250, 2, 2147483648, 0
38718, 406325856, 2, 2147483648, 0
39126, 407834244, 2, 2147483648, 0
39943, 817338602, 2, 2147483648, 0
40350, 406385695, 2, 2147483648, 0
40758, 408095808, 2, 2147483648, 0
41575, 817329367, 2, 2147483648, 0
41984, 408308353, 2, 2147483648, 0
42391, 407075520, 2, 2147483648, 0
42798, 407383284, 2, 2147483648, 0
43615, 817459089, 2, 2147483648, 0
44023, 407443601, 2, 2147483648, 0
44430, 406861086, 2, 2147483648, 0
45248, 818081415, 2, 2147483648, 0
45656, 407743936, 2, 2147483648, 0
46068, 411968660, 2, 2147483648, 0
46474, 406097090, 2, 2147483648, 0
46882, 408102105, 2, 2147483648, 0
47699, 817505537, 2, 2147483648, 0
48107, 407243352, 2, 2147483648, 0
48514, 407014767, 2, 2147483648, 0
49340, 825989347, 2, 2147483648, 0
49751, 411890718, 2, 2147483648, 0
50163, 411428147, 2, 2147483648, 0
50570, 407313503, 2, 2147483648, 0
51388, 817550104, 2, 2147483648, 0
51795, 407128907, 2, 2147483648, 0
52202, 406937111, 2, 2147483648, 0
53019, 817520602, 2, 2147483648, 0
53435, 415985291, 2, 2147483648, 0
53852, 416315805, 2, 2147483648, 0
54283, 430859765, 2, 2147483648, 0
55124, 841138603, 2, 2147483648, 0
55531, 406843908, 2, 2147483648, 0
55938, 407112803, 2, 2147483648, 0
56755, 817797489, 2, 2147483648, 0
57164, 408048877, 2, 2147483648, 0
57572, 408032758, 2, 2147483648, 0
57978, 406803195, 2, 2147483648, 0
58386, 407590847, 2, 2147483648, 0
59203, 816645163, 2, 2147483648, 0
59610, 407351917, 2, 2147483648, 0
60428, 817738564, 2, 2147483648, 0
60836, 407894453, 2, 2147483648, 0
61244, 408261867, 2, 2147483648, 0
61652, 407818181, 2, 2147483648, 0
62059, 406850227, 2, 2147483648, 0
62466, 407618367, 2, 2147483648, 0
63282, 816149742, 2, 2147483648, 0
63690, 407793767, 2, 2147483648, 0
64508, 817587564, 2, 2147483648, 0
64916, 407808637, 2, 2147483648, 0
65325, 409460553, 2, 2147483648, 0
65734, 409077754, 2, 2147483648, 0
66551, 817299150, 2, 2147483648, 0
66964, 412072707, 2, 2147483648, 0
67370, 406709085, 2, 2147483648, 0
67779, 408300436, 2, 2147483648, 0
68595, 816927366, 2, 2147483648, 0
69002, 406546590, 2, 2147483648, 0
69411, 408796129, 2, 2147483648, 0
70228, 816934107, 2, 2147483648, 0
70640, 412140515, 2, 2147483648, 0
71046, 406538491, 2, 2147483648, 0
71455, 408125037, 2, 2147483648, 0
72272, 817068979, 2, 2147483648, 0
72680, 407838156, 2, 2147483648, 0
73086, 406536210, 2, 2147483648, 0
73903, 817404783, 2, 2147483648, 0
74312, 408029377, 2, 2147483648, 0
74728, 416241796, 2, 2147483648, 0
75134, 406216025, 2, 2147483648, 0
75543, 408654177, 2, 2147483648, 0
76360, 817139260, 2, 2147483648, 0
76766, 406218536, 2, 2147483648, 0
77174, 407622738, 2, 2147483648, 0
77992, 818121531, 2, 2147483648, 0
78400, 407981757, 2, 2147483648, 0
78806, 405979590, 2, 2147483648, 0
79214, 408600982, 2, 2147483648, 0
80032, 817238171, 2, 2147483648, 0
80438, 406498885, 2, 2147483648, 0
80846, 407520272, 2, 2147483648, 0
81664, 818132721, 2, 2147483648, 0
82080, 415992476, 2, 2147483648, 0
82486, 406410148, 2, 2147483648, 0
82894, 407857077, 2, 2147483648, 0
83712, 817614161, 2, 2147483648, 0
84118, 406349092, 2, 2147483648, 0
84527, 408554861, 2, 2147483648, 0
85352, 824986486, 2, 2147483648, 0
85760, 408090678, 2, 2147483648, 0
86166, 406415466, 2, 2147483648, 0
86574, 408339783, 2, 2147483648, 0
87392, 817224559, 2, 2147483648, 0
87802, 410080751, 2, 2147483648, 0
88210, 408673832, 2, 2147483648, 0
89028, 817085323, 2, 2147483648, 0
89436, 408061905, 2, 2147483648, 0
89842, 406412107, 2, 2147483648, 0
90250, 407867447, 2, 2147483648, 0
91084, 833848523, 2, 2147483648, 0
91490, 406080847, 2, 2147483648, 0
91902, 412554250, 2, 2147483648, 0
92736, 833166571, 2, 2147483648, 0
93143, 407743611, 2, 2147483648, 0
93549, 406133287, 2, 2147483648, 0
93959, 409232939, 2, 2147483648, 0
94776, 817119802, 2, 2147483648, 0
95184, 408025814, 2, 2147483648, 0
95591, 406748514, 2, 2147483648, 0
95999, 407988464, 2, 2147483648, 0
96816, 816991791, 2, 2147483648, 0
97222, 406569085, 2, 2147483648, 0
97638, 416346014, 2, 2147483648, 0
98456, 817167758, 2, 2147483648, 0
98864, 407899315, 2, 2147483648, 0
99270, 406229833, 2, 2147483648, 0
99678, 408374407, 2, 2147483648, 0
100496, 817593636, 2, 2147483648, 0
100902, 406711310, 2, 2147483648, 0
101310, 407371544, 2, 2147483648, 0
102128, 817831604, 2, 2147483648, 0
102535, 407741847, 2, 2147483648, 0
102943, 407146249, 2, 2147483648, 0
103350, 407694376, 2, 2147483648, 0
104167, 817148515, 2, 2147483648, 0
104574, 406628113, 2, 2147483648, 0
104982, 407660404, 2, 2147483648, 0
105797, 815301327, 2, 2147483648, 0
106212, 414559469, 2, 2147483648, 0
106618, 406156360, 2, 2147483648, 0
107026, 408454530, 2, 2147483648, 0
107852, 825323254, 2, 2147483648, 0
108262, 410254464, 2, 2147483648, 0
108670, 408363049, 2, 2147483648, 0
109488, 817399478, 2, 2147483648, 0
109895, 407823192, 2, 2147483648, 0
110310, 414864688, 2, 2147483648, 0
110730, 420084890, 2, 2147483648, 0
111548, 817310193, 2, 2147483648, 0
111954, 406239918, 2, 2147483648, 0
112362, 408538633, 2, 2147483648, 0
113180, 817166774, 2, 2147483648, 0
113588, 408178521, 2, 2147483648, 0
113998, 410219531, 2, 2147483648, 0
114430, 431972498, 2, 2147483648, 0
115273, 842673382, 2, 2147483648, 0
115683, 409779425, 2, 2147483648, 0
116090, 407425105, 2, 2147483648, 0
116908, 817766282, 2, 2147483648, 0
117316, 407851897, 2, 2147483648, 0
117724, 408380003, 2, 2147483648, 0
118131, 406725110, 2, 2147483648, 0
118538, 407326057, 2, 2147483648, 0
119354, 816119301, 2, 2147483648, 0
119762, 408323594, 2, 2147483648, 0
120580, 817224523, 2, 2147483648, 0
120988, 408242080, 2, 2147483648, 0
121396, 408045438, 2, 2147483648, 0
121806, 409623852, 2, 2147483648, 0
122214, 408557460, 2, 2147483648, 0
123038, 823670303, 2, 2147483648, 0
123471, 432689968, 2, 2147483648, 0
124311, 840828566, 2, 2147483648, 0
124720, 408430646, 2, 2147483648, 0
125127, 407439776, 2, 2147483648, 0
125534, 406791667, 2, 2147483648, 0
125942, 407915541, 2, 2147483648, 0
126759, 817325535, 2, 2147483648, 0
127186, 427121343, 2, 2147483648, 0
128028, 841461778, 2, 2147483648, 0
128436, 407801598, 2, 2147483648, 0
128844, 408244466, 2, 2147483648, 0
129250, 405654009, 2, 2147483648, 0
129658, 408219279, 2, 2147483648, 0
130476, 817937851, 2, 2147483648, 0
130882, 406226113, 2, 2147483648, 0
131700, 817463874, 2, 2147483648, 0
132107, 407530607, 2, 2147483648, 0
132516, 408704456, 2, 2147483648, 0
132922, 406048720, 2, 2147483648, 0
133331, 408813575, 2, 2147483648, 0
134146, 815281014, 2, 2147483648, 0
134554, 407827102, 2, 2147483648, 0
135372, 818137526, 2, 2147483648, 0
135780, 408120598, 2, 2147483648, 0
136188, 407521465, 2, 2147483648, 0
136594, 406905853, 2, 2147483648, 0
137002, 407693560, 2, 2147483648, 0
137820, 817668843, 2, 2147483648, 0
138226, 406359183, 2, 2147483648, 0
138634, 407979497, 2, 2147483648, 0
139452, 817475272, 2, 2147483648, 0
139860, 408104325, 2, 2147483648, 0
140268, 407752200, 2, 2147483648, 0
140675, 407006864, 2, 2147483648, 0
141082, 407469333, 2, 2147483648, 0
141898, 815661084, 2, 2147483648, 0
142306, 408208193, 2, 2147483648, 0
143124, 817833493, 2, 2147483648, 0
143532, 407882920, 2, 2147483648, 0
143940, 408310142, 2, 2147483648, 0
144356, 415797301, 2, 2147483648, 0
144762, 406367603, 2, 2147483648, 0
145170, 407911767, 2, 2147483648, 0
145986, 816097709, 2, 2147483648, 0
146812, 825439019, 2, 2147483648, 0
147224, 412310445, 2, 2147483648, 0
147644, 419871715, 2, 2147483648, 0
148052, 407942451, 2, 2147483648, 0
148462, 410451853, 2, 2147483648, 0
149284, 821562118, 2, 2147483648, 0
149690, 406475283, 2, 2147483648, 0
150099, 408236008, 2, 2147483648, 0
150916, 817295525, 2, 2147483648, 0
151324, 407915788, 2, 2147483648, 0
151730, 406401190, 2, 2147483648, 0
152138, 407610160, 2, 2147483648, 0
152956, 817876742, 2, 2147483648, 0
153362, 406434917, 2, 2147483648, 0
153775, 412653689, 2, 2147483648, 0
154604, 829038764, 2, 2147483648, 0
155012, 407899250, 2, 2147483648, 0
155418, 406398092, 2, 2147483648, 0
155825, 407318440, 2, 2147483648, 0
156644, 818453897, 2, 2147483648, 0
157050, 406575054, 2, 2147483648, 0
157458, 407104647, 2, 2147483648, 0
158276, 818196726, 2, 2147483648, 0
158688, 412198044, 2, 2147483648, 0
159094, 405898288, 2, 2147483648, 0
159503, 409032529, 2, 2147483648, 0
160320, 816917627, 2, 2147483648, 0
160726, 406577188, 2, 2147483648, 0
161134, 407707245, 2, 2147483648, 0
161956, 821665123, 2, 2147483648, 0
162363, 407625613, 2, 2147483648, 0
162770, 406727302, 2, 2147483648, 0
163178, 407610059, 2, 2147483648, 0
163996, 818054556, 2, 2147483648, 0
164402, 405861507, 2, 2147483648, 0
164810, 408017420, 2, 2147483648, 0
165628, 817941289, 2, 2147483648, 0
166036, 408070499, 2, 2147483648, 0
166448, 412082491, 2, 2147483648, 0
166855, 407605461, 2, 2147483648, 0
167264, 408178154, 2, 2147483648, 0
167672, 408076151, 2, 2147483648, 0
168080, 408321670, 2, 2147483648, 0
168488, 407788678, 2, 2147483648, 0
